-------------------------------------------------------------------------------
Test set: ORG.CS362.DOMINION.Player_ESTest
-------------------------------------------------------------------------------
Tests run: 33, Failures: 0, Errors: 27, Skipped: 0, Time elapsed: 0.031 sec <<< FAILURE! - in ORG.CS362.DOMINION.Player_ESTest
test16(ORG.CS362.DOMINION.Player_ESTest)  Time elapsed: 0 sec  <<< ERROR!
java.lang.NoClassDefFoundError: ORG/CS362/DOMINION/Card$CardName
	at java.lang.ClassLoader.defineClass1(Native Method)
	at java.lang.ClassLoader.defineClass(ClassLoader.java:763)
	at java.lang.ClassLoader.defineClass(ClassLoader.java:642)
	at org.evosuite.runtime.instrumentation.EvoClassLoader.instrumentClass(EvoClassLoader.java:116)
	at org.evosuite.runtime.instrumentation.EvoClassLoader.loadClass(EvoClassLoader.java:92)
	at ORG.CS362.DOMINION.Player_ESTest.test16(Player_ESTest.java:228)

test13(ORG.CS362.DOMINION.Player_ESTest)  Time elapsed: 0 sec  <<< ERROR!
java.lang.NoClassDefFoundError: ORG/CS362/DOMINION/Card$CardName
	at java.lang.ClassLoader.defineClass1(Native Method)
	at java.lang.ClassLoader.defineClass(ClassLoader.java:763)
	at java.lang.ClassLoader.defineClass(ClassLoader.java:642)
	at org.evosuite.runtime.instrumentation.EvoClassLoader.instrumentClass(EvoClassLoader.java:116)
	at org.evosuite.runtime.instrumentation.EvoClassLoader.loadClass(EvoClassLoader.java:92)
	at ORG.CS362.DOMINION.Player_ESTest.test13(Player_ESTest.java:181)

test12(ORG.CS362.DOMINION.Player_ESTest)  Time elapsed: 0 sec  <<< ERROR!
java.lang.NoClassDefFoundError: ORG/CS362/DOMINION/Card$CardName
	at java.lang.ClassLoader.defineClass1(Native Method)
	at java.lang.ClassLoader.defineClass(ClassLoader.java:763)
	at java.lang.ClassLoader.defineClass(ClassLoader.java:642)
	at org.evosuite.runtime.instrumentation.EvoClassLoader.instrumentClass(EvoClassLoader.java:116)
	at org.evosuite.runtime.instrumentation.EvoClassLoader.loadClass(EvoClassLoader.java:92)
	at ORG.CS362.DOMINION.Player_ESTest.test12(Player_ESTest.java:170)

test11(ORG.CS362.DOMINION.Player_ESTest)  Time elapsed: 0 sec  <<< ERROR!
java.lang.NoClassDefFoundError: ORG/CS362/DOMINION/Card$CardName
	at java.lang.ClassLoader.defineClass1(Native Method)
	at java.lang.ClassLoader.defineClass(ClassLoader.java:763)
	at java.lang.ClassLoader.defineClass(ClassLoader.java:642)
	at org.evosuite.runtime.instrumentation.EvoClassLoader.instrumentClass(EvoClassLoader.java:116)
	at org.evosuite.runtime.instrumentation.EvoClassLoader.loadClass(EvoClassLoader.java:92)
	at ORG.CS362.DOMINION.Player_ESTest.test11(Player_ESTest.java:157)

test10(ORG.CS362.DOMINION.Player_ESTest)  Time elapsed: 0 sec  <<< ERROR!
java.lang.NoClassDefFoundError: ORG/CS362/DOMINION/Card$CardName
	at java.lang.ClassLoader.defineClass1(Native Method)
	at java.lang.ClassLoader.defineClass(ClassLoader.java:763)
	at java.lang.ClassLoader.defineClass(ClassLoader.java:642)
	at org.evosuite.runtime.instrumentation.EvoClassLoader.instrumentClass(EvoClassLoader.java:116)
	at org.evosuite.runtime.instrumentation.EvoClassLoader.loadClass(EvoClassLoader.java:92)
	at ORG.CS362.DOMINION.Player_ESTest.test10(Player_ESTest.java:145)

test32(ORG.CS362.DOMINION.Player_ESTest)  Time elapsed: 0 sec  <<< ERROR!
java.lang.NoClassDefFoundError: ORG/CS362/DOMINION/Card$CardName
	at java.lang.ClassLoader.defineClass1(Native Method)
	at java.lang.ClassLoader.defineClass(ClassLoader.java:763)
	at java.lang.ClassLoader.defineClass(ClassLoader.java:642)
	at org.evosuite.runtime.instrumentation.EvoClassLoader.instrumentClass(EvoClassLoader.java:116)
	at org.evosuite.runtime.instrumentation.EvoClassLoader.loadClass(EvoClassLoader.java:92)
	at ORG.CS362.DOMINION.Player_ESTest.test32(Player_ESTest.java:459)

test31(ORG.CS362.DOMINION.Player_ESTest)  Time elapsed: 0 sec  <<< ERROR!
java.lang.NoClassDefFoundError: ORG/CS362/DOMINION/Card$CardName
	at java.lang.ClassLoader.defineClass1(Native Method)
	at java.lang.ClassLoader.defineClass(ClassLoader.java:763)
	at java.lang.ClassLoader.defineClass(ClassLoader.java:642)
	at org.evosuite.runtime.instrumentation.EvoClassLoader.instrumentClass(EvoClassLoader.java:116)
	at org.evosuite.runtime.instrumentation.EvoClassLoader.loadClass(EvoClassLoader.java:92)
	at ORG.CS362.DOMINION.Player_ESTest.test31(Player_ESTest.java:448)

test18(ORG.CS362.DOMINION.Player_ESTest)  Time elapsed: 0.016 sec  <<< ERROR!
java.lang.NoClassDefFoundError: ORG/CS362/DOMINION/Card$Type
	at java.lang.ClassLoader.defineClass1(Native Method)
	at java.lang.ClassLoader.defineClass(ClassLoader.java:763)
	at java.lang.ClassLoader.defineClass(ClassLoader.java:642)
	at org.evosuite.runtime.instrumentation.EvoClassLoader.instrumentClass(EvoClassLoader.java:116)
	at org.evosuite.runtime.instrumentation.EvoClassLoader.loadClass(EvoClassLoader.java:92)
	at ORG.CS362.DOMINION.Player.playKingdomCard(Player.java:101)
	at ORG.CS362.DOMINION.Player_ESTest.test18(Player_ESTest.java:274)

test17(ORG.CS362.DOMINION.Player_ESTest)  Time elapsed: 0 sec  <<< ERROR!
java.lang.NoClassDefFoundError: ORG/CS362/DOMINION/Card$CardName
	at java.lang.ClassLoader.defineClass1(Native Method)
	at java.lang.ClassLoader.defineClass(ClassLoader.java:763)
	at java.lang.ClassLoader.defineClass(ClassLoader.java:642)
	at org.evosuite.runtime.instrumentation.EvoClassLoader.instrumentClass(EvoClassLoader.java:116)
	at org.evosuite.runtime.instrumentation.EvoClassLoader.loadClass(EvoClassLoader.java:92)
	at ORG.CS362.DOMINION.Player_ESTest.test17(Player_ESTest.java:246)

test30(ORG.CS362.DOMINION.Player_ESTest)  Time elapsed: 0 sec  <<< ERROR!
java.lang.NoClassDefFoundError: ORG/CS362/DOMINION/Card$CardName
	at java.lang.ClassLoader.defineClass1(Native Method)
	at java.lang.ClassLoader.defineClass(ClassLoader.java:763)
	at java.lang.ClassLoader.defineClass(ClassLoader.java:642)
	at org.evosuite.runtime.instrumentation.EvoClassLoader.instrumentClass(EvoClassLoader.java:116)
	at org.evosuite.runtime.instrumentation.EvoClassLoader.loadClass(EvoClassLoader.java:92)
	at ORG.CS362.DOMINION.Player_ESTest.test30(Player_ESTest.java:431)

test05(ORG.CS362.DOMINION.Player_ESTest)  Time elapsed: 0 sec  <<< ERROR!
java.lang.NoClassDefFoundError: ORG/CS362/DOMINION/Card$CardName
	at java.lang.ClassLoader.defineClass1(Native Method)
	at java.lang.ClassLoader.defineClass(ClassLoader.java:763)
	at java.lang.ClassLoader.defineClass(ClassLoader.java:642)
	at org.evosuite.runtime.instrumentation.EvoClassLoader.instrumentClass(EvoClassLoader.java:116)
	at org.evosuite.runtime.instrumentation.EvoClassLoader.loadClass(EvoClassLoader.java:92)
	at ORG.CS362.DOMINION.Player_ESTest.test05(Player_ESTest.java:91)

test27(ORG.CS362.DOMINION.Player_ESTest)  Time elapsed: 0 sec  <<< ERROR!
java.lang.NoClassDefFoundError: ORG/CS362/DOMINION/Card$CardName
	at java.lang.ClassLoader.defineClass1(Native Method)
	at java.lang.ClassLoader.defineClass(ClassLoader.java:763)
	at java.lang.ClassLoader.defineClass(ClassLoader.java:642)
	at org.evosuite.runtime.instrumentation.EvoClassLoader.instrumentClass(EvoClassLoader.java:116)
	at org.evosuite.runtime.instrumentation.EvoClassLoader.loadClass(EvoClassLoader.java:92)
	at ORG.CS362.DOMINION.Player_ESTest.test27(Player_ESTest.java:393)

test04(ORG.CS362.DOMINION.Player_ESTest)  Time elapsed: 0 sec  <<< ERROR!
java.lang.NoClassDefFoundError: ORG/CS362/DOMINION/Card$CardName
	at java.lang.ClassLoader.defineClass1(Native Method)
	at java.lang.ClassLoader.defineClass(ClassLoader.java:763)
	at java.lang.ClassLoader.defineClass(ClassLoader.java:642)
	at org.evosuite.runtime.instrumentation.EvoClassLoader.instrumentClass(EvoClassLoader.java:116)
	at org.evosuite.runtime.instrumentation.EvoClassLoader.loadClass(EvoClassLoader.java:92)
	at ORG.CS362.DOMINION.Player_ESTest.test04(Player_ESTest.java:78)

test26(ORG.CS362.DOMINION.Player_ESTest)  Time elapsed: 0 sec  <<< ERROR!
java.lang.NoClassDefFoundError: ORG/CS362/DOMINION/Card$CardName
	at java.lang.ClassLoader.defineClass1(Native Method)
	at java.lang.ClassLoader.defineClass(ClassLoader.java:763)
	at java.lang.ClassLoader.defineClass(ClassLoader.java:642)
	at org.evosuite.runtime.instrumentation.EvoClassLoader.instrumentClass(EvoClassLoader.java:116)
	at org.evosuite.runtime.instrumentation.EvoClassLoader.loadClass(EvoClassLoader.java:92)
	at ORG.CS362.DOMINION.Player_ESTest.test26(Player_ESTest.java:381)

test03(ORG.CS362.DOMINION.Player_ESTest)  Time elapsed: 0 sec  <<< ERROR!
java.lang.NoClassDefFoundError: ORG/CS362/DOMINION/Card$CardName
	at java.lang.ClassLoader.defineClass1(Native Method)
	at java.lang.ClassLoader.defineClass(ClassLoader.java:763)
	at java.lang.ClassLoader.defineClass(ClassLoader.java:642)
	at org.evosuite.runtime.instrumentation.EvoClassLoader.instrumentClass(EvoClassLoader.java:116)
	at org.evosuite.runtime.instrumentation.EvoClassLoader.loadClass(EvoClassLoader.java:92)
	at ORG.CS362.DOMINION.Player_ESTest.test03(Player_ESTest.java:67)

test25(ORG.CS362.DOMINION.Player_ESTest)  Time elapsed: 0 sec  <<< ERROR!
java.lang.NoClassDefFoundError: ORG/CS362/DOMINION/Card$CardName
	at java.lang.ClassLoader.defineClass1(Native Method)
	at java.lang.ClassLoader.defineClass(ClassLoader.java:763)
	at java.lang.ClassLoader.defineClass(ClassLoader.java:642)
	at org.evosuite.runtime.instrumentation.EvoClassLoader.instrumentClass(EvoClassLoader.java:116)
	at org.evosuite.runtime.instrumentation.EvoClassLoader.loadClass(EvoClassLoader.java:92)
	at ORG.CS362.DOMINION.Player_ESTest.test25(Player_ESTest.java:370)

test02(ORG.CS362.DOMINION.Player_ESTest)  Time elapsed: 0 sec  <<< ERROR!
java.lang.NoClassDefFoundError: ORG/CS362/DOMINION/Randomness
	at java.lang.ClassLoader.defineClass1(Native Method)
	at java.lang.ClassLoader.defineClass(ClassLoader.java:763)
	at java.lang.ClassLoader.defineClass(ClassLoader.java:642)
	at org.evosuite.runtime.instrumentation.EvoClassLoader.instrumentClass(EvoClassLoader.java:116)
	at org.evosuite.runtime.instrumentation.EvoClassLoader.loadClass(EvoClassLoader.java:92)
	at ORG.CS362.DOMINION.Player.drawCard(Player.java:40)
	at ORG.CS362.DOMINION.Player.endTurn(Player.java:217)
	at ORG.CS362.DOMINION.Player_ESTest.test02(Player_ESTest.java:55)

test24(ORG.CS362.DOMINION.Player_ESTest)  Time elapsed: 0 sec  <<< ERROR!
java.lang.NoClassDefFoundError: ORG/CS362/DOMINION/Card$CardName
	at java.lang.ClassLoader.defineClass1(Native Method)
	at java.lang.ClassLoader.defineClass(ClassLoader.java:763)
	at java.lang.ClassLoader.defineClass(ClassLoader.java:642)
	at org.evosuite.runtime.instrumentation.EvoClassLoader.instrumentClass(EvoClassLoader.java:116)
	at org.evosuite.runtime.instrumentation.EvoClassLoader.loadClass(EvoClassLoader.java:92)
	at ORG.CS362.DOMINION.Player_ESTest.test24(Player_ESTest.java:362)

test01(ORG.CS362.DOMINION.Player_ESTest)  Time elapsed: 0 sec  <<< ERROR!
java.lang.NoClassDefFoundError: ORG/CS362/DOMINION/Card$CardName
	at java.lang.ClassLoader.defineClass1(Native Method)
	at java.lang.ClassLoader.defineClass(ClassLoader.java:763)
	at java.lang.ClassLoader.defineClass(ClassLoader.java:642)
	at org.evosuite.runtime.instrumentation.EvoClassLoader.instrumentClass(EvoClassLoader.java:116)
	at org.evosuite.runtime.instrumentation.EvoClassLoader.loadClass(EvoClassLoader.java:92)
	at ORG.CS362.DOMINION.Player_ESTest.test01(Player_ESTest.java:40)

test23(ORG.CS362.DOMINION.Player_ESTest)  Time elapsed: 0 sec  <<< ERROR!
java.lang.NoClassDefFoundError: ORG/CS362/DOMINION/Card$CardName
	at java.lang.ClassLoader.defineClass1(Native Method)
	at java.lang.ClassLoader.defineClass(ClassLoader.java:763)
	at java.lang.ClassLoader.defineClass(ClassLoader.java:642)
	at org.evosuite.runtime.instrumentation.EvoClassLoader.instrumentClass(EvoClassLoader.java:116)
	at org.evosuite.runtime.instrumentation.EvoClassLoader.loadClass(EvoClassLoader.java:92)
	at ORG.CS362.DOMINION.Player_ESTest.test23(Player_ESTest.java:354)

test00(ORG.CS362.DOMINION.Player_ESTest)  Time elapsed: 0 sec  <<< ERROR!
java.lang.NoClassDefFoundError: ORG/CS362/DOMINION/Card$CardName
	at java.lang.ClassLoader.defineClass1(Native Method)
	at java.lang.ClassLoader.defineClass(ClassLoader.java:763)
	at java.lang.ClassLoader.defineClass(ClassLoader.java:642)
	at org.evosuite.runtime.instrumentation.EvoClassLoader.instrumentClass(EvoClassLoader.java:116)
	at org.evosuite.runtime.instrumentation.EvoClassLoader.loadClass(EvoClassLoader.java:92)
	at ORG.CS362.DOMINION.Player_ESTest.test00(Player_ESTest.java:28)

test22(ORG.CS362.DOMINION.Player_ESTest)  Time elapsed: 0 sec  <<< ERROR!
java.lang.NoClassDefFoundError: ORG/CS362/DOMINION/Randomness
	at ORG.CS362.DOMINION.Player.buyCard(Player.java:169)
	at ORG.CS362.DOMINION.Player_ESTest.test22(Player_ESTest.java:342)

test21(ORG.CS362.DOMINION.Player_ESTest)  Time elapsed: 0 sec  <<< ERROR!
java.lang.NoClassDefFoundError: ORG/CS362/DOMINION/Randomness
	at ORG.CS362.DOMINION.Player.buyCard(Player.java:169)
	at ORG.CS362.DOMINION.Player_ESTest.test21(Player_ESTest.java:324)

test08(ORG.CS362.DOMINION.Player_ESTest)  Time elapsed: 0 sec  <<< ERROR!
java.lang.NoClassDefFoundError: ORG/CS362/DOMINION/Card$CardName
	at java.lang.ClassLoader.defineClass1(Native Method)
	at java.lang.ClassLoader.defineClass(ClassLoader.java:763)
	at java.lang.ClassLoader.defineClass(ClassLoader.java:642)
	at org.evosuite.runtime.instrumentation.EvoClassLoader.instrumentClass(EvoClassLoader.java:116)
	at org.evosuite.runtime.instrumentation.EvoClassLoader.loadClass(EvoClassLoader.java:92)
	at ORG.CS362.DOMINION.Player_ESTest.test08(Player_ESTest.java:126)

test29(ORG.CS362.DOMINION.Player_ESTest)  Time elapsed: 0 sec  <<< ERROR!
java.lang.NoClassDefFoundError: ORG/CS362/DOMINION/Card$CardName
	at ORG.CS362.DOMINION.Player_ESTest.test29(Player_ESTest.java:419)

test06(ORG.CS362.DOMINION.Player_ESTest)  Time elapsed: 0 sec  <<< ERROR!
java.lang.NoClassDefFoundError: ORG/CS362/DOMINION/Card$CardName
	at java.lang.ClassLoader.defineClass1(Native Method)
	at java.lang.ClassLoader.defineClass(ClassLoader.java:763)
	at java.lang.ClassLoader.defineClass(ClassLoader.java:642)
	at org.evosuite.runtime.instrumentation.EvoClassLoader.instrumentClass(EvoClassLoader.java:116)
	at org.evosuite.runtime.instrumentation.EvoClassLoader.loadClass(EvoClassLoader.java:92)
	at ORG.CS362.DOMINION.Player_ESTest.test06(Player_ESTest.java:104)

test28(ORG.CS362.DOMINION.Player_ESTest)  Time elapsed: 0 sec  <<< ERROR!
java.lang.NoClassDefFoundError: ORG/CS362/DOMINION/Card$CardName
	at ORG.CS362.DOMINION.Player_ESTest.test28(Player_ESTest.java:406)

