<?xml version="1.0" encoding="UTF-8"?>
<testsuite name="ORG.CS362.DOMINION.GameState_ESTest" time="0.015" tests="16" errors="15" skipped="0" failures="0">
  <properties>
[...]
</properties>
  <testcase name="test07" classname="ORG.CS362.DOMINION.GameState_ESTest" time="0">
    <error message="ORG/CS362/DOMINION/Card$Type" type="java.lang.NoClassDefFoundError">java.lang.NoClassDefFoundError: ORG/CS362/DOMINION/Card$Type
	at java.lang.ClassLoader.defineClass1(Native Method)
	at java.lang.ClassLoader.defineClass(ClassLoader.java:763)
	at java.lang.ClassLoader.defineClass(ClassLoader.java:642)
	at org.evosuite.runtime.instrumentation.EvoClassLoader.instrumentClass(EvoClassLoader.java:116)
	at org.evosuite.runtime.instrumentation.EvoClassLoader.loadClass(EvoClassLoader.java:92)
	at ORG.CS362.DOMINION.GameState_ESTest.test07(GameState_ESTest.java:188)
</error>
    <system-out><![CDATA[[INFO] Seeing class for first time: ORG.CS362.DOMINION.GameState_ESTest
[INFO] Instrumenting class 'ORG.CS362.DOMINION.GameState_ESTest'.
[INFO] Seeing class for first time: ORG.CS362.DOMINION.GameState_ESTest_scaffolding
[INFO] Instrumenting class 'ORG.CS362.DOMINION.GameState_ESTest_scaffolding'.
[INFO] Keeping class: ORG.CS362.DOMINION.GameState_ESTest_scaffolding
[INFO] Keeping class: ORG.CS362.DOMINION.GameState_ESTest
[DEBUG] Adding privileged thread: "Reference Handler"
[DEBUG] Adding privileged thread: "Finalizer"
[DEBUG] Adding privileged thread: "Signal Dispatcher"
[DEBUG] Adding privileged thread: "Attach Listener"
[DEBUG] Adding privileged thread: "Java2D Disposer"
[DEBUG] Adding privileged thread: "AWT-Windows"
[DEBUG] Adding privileged thread: "main"
[INFO] Seeing class for first time: ORG.CS362.DOMINION.Randomness
[INFO] Instrumenting class 'ORG.CS362.DOMINION.Randomness'.
[INFO] Adding mock interface to class ORG/CS362/DOMINION/Randomness
[INFO] Found static initializer in class ORG/CS362/DOMINION/Randomness
[INFO] No hashCode defined for: ORG/CS362/DOMINION/Randomness, superclass = java.lang.Object
[DEBUG] Going to instrument: ORG.CS362.DOMINION.Randomness
[INFO] Found static initializer in class ORG/CS362/DOMINION/Randomness
[INFO] Error while loading class: java.lang.ClassFormatError: Duplicate method name&signature in class file ORG/CS362/DOMINION/Randomness
[INFO] Seeing class for first time: ORG.CS362.DOMINION.Card
[INFO] Instrumenting class 'ORG.CS362.DOMINION.Card'.
[INFO] Adding mock interface to class ORG/CS362/DOMINION/Card
[INFO] No hashCode defined for: ORG/CS362/DOMINION/Card, superclass = java.lang.Object
[INFO] Creating brand-new static initializer in class ORG/CS362/DOMINION/Card
[DEBUG] Going to instrument: ORG.CS362.DOMINION.Card
[INFO] Keeping class: ORG.CS362.DOMINION.Card
[INFO] Seeing class for first time: ORG.CS362.DOMINION.Card$CardName
[INFO] Instrumenting class 'ORG.CS362.DOMINION.Card$CardName'.
[INFO] Adding mock interface to class ORG/CS362/DOMINION/Card$CardName
[INFO] Found static initializer in class ORG/CS362/DOMINION/Card$CardName
[INFO] No hashCode defined for: ORG/CS362/DOMINION/Card$CardName, superclass = java.lang.Enum
[DEBUG] Going to instrument: ORG.CS362.DOMINION.Card$CardName
[INFO] Found static initializer in class ORG/CS362/DOMINION/Card$CardName
[INFO] No hashCode defined for: ORG/CS362/DOMINION/Card$CardName, superclass = java.lang.Enum
[INFO] Error while loading class: java.lang.ClassFormatError: Duplicate method name&signature in class file ORG/CS362/DOMINION/Card$CardName
[INFO] Seeing class for first time: ORG.CS362.DOMINION.Player
[INFO] Instrumenting class 'ORG.CS362.DOMINION.Player'.
[INFO] Adding mock interface to class ORG/CS362/DOMINION/Player
[INFO] No hashCode defined for: ORG/CS362/DOMINION/Player, superclass = java.lang.Object
[INFO] Creating brand-new static initializer in class ORG/CS362/DOMINION/Player
[DEBUG] Going to instrument: ORG.CS362.DOMINION.Player
[INFO] Keeping class: ORG.CS362.DOMINION.Player
[INFO] Seeing class for first time: ORG.CS362.DOMINION.GameState
[INFO] Instrumenting class 'ORG.CS362.DOMINION.GameState'.
[INFO] Adding mock interface to class ORG/CS362/DOMINION/GameState
[INFO] No hashCode defined for: ORG/CS362/DOMINION/GameState, superclass = java.lang.Object
[INFO] Creating brand-new static initializer in class ORG/CS362/DOMINION/GameState
[DEBUG] Going to instrument: ORG.CS362.DOMINION.GameState
[INFO] Keeping class: ORG.CS362.DOMINION.GameState
[INFO] Seeing class for first time: ORG.CS362.DOMINION.Card$CardName
[INFO] Instrumenting class 'ORG.CS362.DOMINION.Card$CardName'.
[INFO] Adding mock interface to class ORG/CS362/DOMINION/Card$CardName
[INFO] Found static initializer in class ORG/CS362/DOMINION/Card$CardName
[INFO] No hashCode defined for: ORG/CS362/DOMINION/Card$CardName, superclass = java.lang.Enum
[DEBUG] Going to instrument: ORG.CS362.DOMINION.Card$CardName
[INFO] Found static initializer in class ORG/CS362/DOMINION/Card$CardName
[INFO] No hashCode defined for: ORG/CS362/DOMINION/Card$CardName, superclass = java.lang.Enum
[INFO] Error while loading class: java.lang.ClassFormatError: Duplicate method name&signature in class file ORG/CS362/DOMINION/Card$CardName
[INFO] Seeing class for first time: ORG.CS362.DOMINION.Card$Type
[INFO] Instrumenting class 'ORG.CS362.DOMINION.Card$Type'.
[INFO] Adding mock interface to class ORG/CS362/DOMINION/Card$Type
[INFO] Found static initializer in class ORG/CS362/DOMINION/Card$Type
[INFO] No hashCode defined for: ORG/CS362/DOMINION/Card$Type, superclass = java.lang.Enum
[DEBUG] Going to instrument: ORG.CS362.DOMINION.Card$Type
[INFO] Found static initializer in class ORG/CS362/DOMINION/Card$Type
[INFO] No hashCode defined for: ORG/CS362/DOMINION/Card$Type, superclass = java.lang.Enum
[INFO] Error while loading class: java.lang.ClassFormatError: Duplicate method name&signature in class file ORG/CS362/DOMINION/Card$Type
[INFO] Seeing class for first time: ORG.CS362.DOMINION.Card$Type
[INFO] Instrumenting class 'ORG.CS362.DOMINION.Card$Type'.
[INFO] Adding mock interface to class ORG/CS362/DOMINION/Card$Type
[INFO] Found static initializer in class ORG/CS362/DOMINION/Card$Type
[INFO] No hashCode defined for: ORG/CS362/DOMINION/Card$Type, superclass = java.lang.Enum
[DEBUG] Going to instrument: ORG.CS362.DOMINION.Card$Type
[INFO] Found static initializer in class ORG/CS362/DOMINION/Card$Type
[INFO] No hashCode defined for: ORG/CS362/DOMINION/Card$Type, superclass = java.lang.Enum
[INFO] Error while loading class: java.lang.ClassFormatError: Duplicate method name&signature in class file ORG/CS362/DOMINION/Card$Type
[INFO] Seeing class for first time: ORG.CS362.DOMINION.Card$CardName
[INFO] Instrumenting class 'ORG.CS362.DOMINION.Card$CardName'.
[INFO] Adding mock interface to class ORG/CS362/DOMINION/Card$CardName
[INFO] Found static initializer in class ORG/CS362/DOMINION/Card$CardName
[INFO] No hashCode defined for: ORG/CS362/DOMINION/Card$CardName, superclass = java.lang.Enum
[DEBUG] Going to instrument: ORG.CS362.DOMINION.Card$CardName
[INFO] Found static initializer in class ORG/CS362/DOMINION/Card$CardName
[INFO] No hashCode defined for: ORG/CS362/DOMINION/Card$CardName, superclass = java.lang.Enum
[INFO] Error while loading class: java.lang.ClassFormatError: Duplicate method name&signature in class file ORG/CS362/DOMINION/Card$CardName
[INFO] Seeing class for first time: ORG.CS362.DOMINION.Card$Type
[INFO] Instrumenting class 'ORG.CS362.DOMINION.Card$Type'.
[INFO] Adding mock interface to class ORG/CS362/DOMINION/Card$Type
[INFO] Found static initializer in class ORG/CS362/DOMINION/Card$Type
[INFO] No hashCode defined for: ORG/CS362/DOMINION/Card$Type, superclass = java.lang.Enum
[DEBUG] Going to instrument: ORG.CS362.DOMINION.Card$Type
[INFO] Found static initializer in class ORG/CS362/DOMINION/Card$Type
[INFO] No hashCode defined for: ORG/CS362/DOMINION/Card$Type, superclass = java.lang.Enum
[INFO] Error while loading class: java.lang.ClassFormatError: Duplicate method name&signature in class file ORG/CS362/DOMINION/Card$Type
[INFO] Seeing class for first time: ORG.CS362.DOMINION.Randomness
[INFO] Instrumenting class 'ORG.CS362.DOMINION.Randomness'.
[INFO] Adding mock interface to class ORG/CS362/DOMINION/Randomness
[INFO] Found static initializer in class ORG/CS362/DOMINION/Randomness
[INFO] No hashCode defined for: ORG/CS362/DOMINION/Randomness, superclass = java.lang.Object
[DEBUG] Going to instrument: ORG.CS362.DOMINION.Randomness
[INFO] Found static initializer in class ORG/CS362/DOMINION/Randomness
[INFO] Error while loading class: java.lang.ClassFormatError: Duplicate method name&signature in class file ORG/CS362/DOMINION/Randomness
[INFO] Seeing class for first time: ORG.CS362.DOMINION.Card$CardName
[INFO] Instrumenting class 'ORG.CS362.DOMINION.Card$CardName'.
[INFO] Adding mock interface to class ORG/CS362/DOMINION/Card$CardName
[INFO] Found static initializer in class ORG/CS362/DOMINION/Card$CardName
[INFO] No hashCode defined for: ORG/CS362/DOMINION/Card$CardName, superclass = java.lang.Enum
[DEBUG] Going to instrument: ORG.CS362.DOMINION.Card$CardName
[INFO] Found static initializer in class ORG/CS362/DOMINION/Card$CardName
[INFO] No hashCode defined for: ORG/CS362/DOMINION/Card$CardName, superclass = java.lang.Enum
[INFO] Error while loading class: java.lang.ClassFormatError: Duplicate method name&signature in class file ORG/CS362/DOMINION/Card$CardName
]]></system-out>
  </testcase>
  <testcase name="test06" classname="ORG.CS362.DOMINION.GameState_ESTest" time="0">
    <error message="ORG/CS362/DOMINION/Card$CardName" type="java.lang.NoClassDefFoundError">java.lang.NoClassDefFoundError: ORG/CS362/DOMINION/Card$CardName
	at java.lang.ClassLoader.defineClass1(Native Method)
	at java.lang.ClassLoader.defineClass(ClassLoader.java:763)
	at java.lang.ClassLoader.defineClass(ClassLoader.java:642)
	at org.evosuite.runtime.instrumentation.EvoClassLoader.instrumentClass(EvoClassLoader.java:116)
	at org.evosuite.runtime.instrumentation.EvoClassLoader.loadClass(EvoClassLoader.java:92)
	at ORG.CS362.DOMINION.GameState.isGameOver(GameState.java:111)
	at ORG.CS362.DOMINION.GameState.play(GameState.java:89)
	at ORG.CS362.DOMINION.GameState_ESTest.test06(GameState_ESTest.java:160)
</error>
    <system-out><![CDATA[[INFO] Seeing class for first time: ORG.CS362.DOMINION.Card$CardName
[INFO] Instrumenting class 'ORG.CS362.DOMINION.Card$CardName'.
[INFO] Adding mock interface to class ORG/CS362/DOMINION/Card$CardName
[INFO] Found static initializer in class ORG/CS362/DOMINION/Card$CardName
[INFO] No hashCode defined for: ORG/CS362/DOMINION/Card$CardName, superclass = java.lang.Enum
[DEBUG] Going to instrument: ORG.CS362.DOMINION.Card$CardName
[INFO] Found static initializer in class ORG/CS362/DOMINION/Card$CardName
[INFO] No hashCode defined for: ORG/CS362/DOMINION/Card$CardName, superclass = java.lang.Enum
[INFO] Error while loading class: java.lang.ClassFormatError: Duplicate method name&signature in class file ORG/CS362/DOMINION/Card$CardName
[INFO] Seeing class for first time: ORG.CS362.DOMINION.Card$CardName
[INFO] Instrumenting class 'ORG.CS362.DOMINION.Card$CardName'.
[INFO] Adding mock interface to class ORG/CS362/DOMINION/Card$CardName
[INFO] Found static initializer in class ORG/CS362/DOMINION/Card$CardName
[INFO] No hashCode defined for: ORG/CS362/DOMINION/Card$CardName, superclass = java.lang.Enum
[DEBUG] Going to instrument: ORG.CS362.DOMINION.Card$CardName
[INFO] Found static initializer in class ORG/CS362/DOMINION/Card$CardName
[INFO] No hashCode defined for: ORG/CS362/DOMINION/Card$CardName, superclass = java.lang.Enum
[INFO] Error while loading class: java.lang.ClassFormatError: Duplicate method name&signature in class file ORG/CS362/DOMINION/Card$CardName
[INFO] Seeing class for first time: ORG.CS362.DOMINION.Card$Type
[INFO] Instrumenting class 'ORG.CS362.DOMINION.Card$Type'.
[INFO] Adding mock interface to class ORG/CS362/DOMINION/Card$Type
[INFO] Found static initializer in class ORG/CS362/DOMINION/Card$Type
[INFO] No hashCode defined for: ORG/CS362/DOMINION/Card$Type, superclass = java.lang.Enum
[DEBUG] Going to instrument: ORG.CS362.DOMINION.Card$Type
[INFO] Found static initializer in class ORG/CS362/DOMINION/Card$Type
[INFO] No hashCode defined for: ORG/CS362/DOMINION/Card$Type, superclass = java.lang.Enum
[INFO] Error while loading class: java.lang.ClassFormatError: Duplicate method name&signature in class file ORG/CS362/DOMINION/Card$Type
[INFO] Seeing class for first time: ORG.CS362.DOMINION.Randomness
[INFO] Instrumenting class 'ORG.CS362.DOMINION.Randomness'.
[INFO] Adding mock interface to class ORG/CS362/DOMINION/Randomness
[INFO] Found static initializer in class ORG/CS362/DOMINION/Randomness
[INFO] No hashCode defined for: ORG/CS362/DOMINION/Randomness, superclass = java.lang.Object
[DEBUG] Going to instrument: ORG.CS362.DOMINION.Randomness
[INFO] Found static initializer in class ORG/CS362/DOMINION/Randomness
[INFO] Error while loading class: java.lang.ClassFormatError: Duplicate method name&signature in class file ORG/CS362/DOMINION/Randomness
[INFO] Seeing class for first time: ORG.CS362.DOMINION.Card$CardName
[INFO] Instrumenting class 'ORG.CS362.DOMINION.Card$CardName'.
[INFO] Adding mock interface to class ORG/CS362/DOMINION/Card$CardName
[INFO] Found static initializer in class ORG/CS362/DOMINION/Card$CardName
[INFO] No hashCode defined for: ORG/CS362/DOMINION/Card$CardName, superclass = java.lang.Enum
[DEBUG] Going to instrument: ORG.CS362.DOMINION.Card$CardName
[INFO] Found static initializer in class ORG/CS362/DOMINION/Card$CardName
[INFO] No hashCode defined for: ORG/CS362/DOMINION/Card$CardName, superclass = java.lang.Enum
[INFO] Error while loading class: java.lang.ClassFormatError: Duplicate method name&signature in class file ORG/CS362/DOMINION/Card$CardName
]]></system-out>
  </testcase>
  <testcase name="test09" classname="ORG.CS362.DOMINION.GameState_ESTest" time="0">
    <error message="ORG/CS362/DOMINION/Card$CardName" type="java.lang.NoClassDefFoundError">java.lang.NoClassDefFoundError: ORG/CS362/DOMINION/Card$CardName
	at java.lang.ClassLoader.defineClass1(Native Method)
	at java.lang.ClassLoader.defineClass(ClassLoader.java:763)
	at java.lang.ClassLoader.defineClass(ClassLoader.java:642)
	at org.evosuite.runtime.instrumentation.EvoClassLoader.instrumentClass(EvoClassLoader.java:116)
	at org.evosuite.runtime.instrumentation.EvoClassLoader.loadClass(EvoClassLoader.java:92)
	at ORG.CS362.DOMINION.GameState_ESTest.test09(GameState_ESTest.java:230)
</error>
    <system-out><![CDATA[[INFO] Seeing class for first time: ORG.CS362.DOMINION.Card$CardName
[INFO] Instrumenting class 'ORG.CS362.DOMINION.Card$CardName'.
[INFO] Adding mock interface to class ORG/CS362/DOMINION/Card$CardName
[INFO] Found static initializer in class ORG/CS362/DOMINION/Card$CardName
[INFO] No hashCode defined for: ORG/CS362/DOMINION/Card$CardName, superclass = java.lang.Enum
[DEBUG] Going to instrument: ORG.CS362.DOMINION.Card$CardName
[INFO] Found static initializer in class ORG/CS362/DOMINION/Card$CardName
[INFO] No hashCode defined for: ORG/CS362/DOMINION/Card$CardName, superclass = java.lang.Enum
[INFO] Error while loading class: java.lang.ClassFormatError: Duplicate method name&signature in class file ORG/CS362/DOMINION/Card$CardName
[INFO] Seeing class for first time: ORG.CS362.DOMINION.Card$CardName
[INFO] Instrumenting class 'ORG.CS362.DOMINION.Card$CardName'.
[INFO] Adding mock interface to class ORG/CS362/DOMINION/Card$CardName
[INFO] Found static initializer in class ORG/CS362/DOMINION/Card$CardName
[INFO] No hashCode defined for: ORG/CS362/DOMINION/Card$CardName, superclass = java.lang.Enum
[DEBUG] Going to instrument: ORG.CS362.DOMINION.Card$CardName
[INFO] Found static initializer in class ORG/CS362/DOMINION/Card$CardName
[INFO] No hashCode defined for: ORG/CS362/DOMINION/Card$CardName, superclass = java.lang.Enum
[INFO] Error while loading class: java.lang.ClassFormatError: Duplicate method name&signature in class file ORG/CS362/DOMINION/Card$CardName
[INFO] Seeing class for first time: ORG.CS362.DOMINION.Card$Type
[INFO] Instrumenting class 'ORG.CS362.DOMINION.Card$Type'.
[INFO] Adding mock interface to class ORG/CS362/DOMINION/Card$Type
[INFO] Found static initializer in class ORG/CS362/DOMINION/Card$Type
[INFO] No hashCode defined for: ORG/CS362/DOMINION/Card$Type, superclass = java.lang.Enum
[DEBUG] Going to instrument: ORG.CS362.DOMINION.Card$Type
[INFO] Found static initializer in class ORG/CS362/DOMINION/Card$Type
[INFO] No hashCode defined for: ORG/CS362/DOMINION/Card$Type, superclass = java.lang.Enum
[INFO] Error while loading class: java.lang.ClassFormatError: Duplicate method name&signature in class file ORG/CS362/DOMINION/Card$Type
[INFO] Seeing class for first time: ORG.CS362.DOMINION.Randomness
[INFO] Instrumenting class 'ORG.CS362.DOMINION.Randomness'.
[INFO] Adding mock interface to class ORG/CS362/DOMINION/Randomness
[INFO] Found static initializer in class ORG/CS362/DOMINION/Randomness
[INFO] No hashCode defined for: ORG/CS362/DOMINION/Randomness, superclass = java.lang.Object
[DEBUG] Going to instrument: ORG.CS362.DOMINION.Randomness
[INFO] Found static initializer in class ORG/CS362/DOMINION/Randomness
[INFO] Error while loading class: java.lang.ClassFormatError: Duplicate method name&signature in class file ORG/CS362/DOMINION/Randomness
[INFO] Seeing class for first time: ORG.CS362.DOMINION.Card$CardName
[INFO] Instrumenting class 'ORG.CS362.DOMINION.Card$CardName'.
[INFO] Adding mock interface to class ORG/CS362/DOMINION/Card$CardName
[INFO] Found static initializer in class ORG/CS362/DOMINION/Card$CardName
[INFO] No hashCode defined for: ORG/CS362/DOMINION/Card$CardName, superclass = java.lang.Enum
[DEBUG] Going to instrument: ORG.CS362.DOMINION.Card$CardName
[INFO] Found static initializer in class ORG/CS362/DOMINION/Card$CardName
[INFO] No hashCode defined for: ORG/CS362/DOMINION/Card$CardName, superclass = java.lang.Enum
[INFO] Error while loading class: java.lang.ClassFormatError: Duplicate method name&signature in class file ORG/CS362/DOMINION/Card$CardName
]]></system-out>
  </testcase>
  <testcase name="test08" classname="ORG.CS362.DOMINION.GameState_ESTest" time="0">
    <error message="ORG/CS362/DOMINION/Card$CardName" type="java.lang.NoClassDefFoundError">java.lang.NoClassDefFoundError: ORG/CS362/DOMINION/Card$CardName
	at ORG.CS362.DOMINION.GameState_ESTest.test08(GameState_ESTest.java:206)
</error>
    <system-out><![CDATA[[INFO] Seeing class for first time: ORG.CS362.DOMINION.Card$CardName
[INFO] Instrumenting class 'ORG.CS362.DOMINION.Card$CardName'.
[INFO] Adding mock interface to class ORG/CS362/DOMINION/Card$CardName
[INFO] Found static initializer in class ORG/CS362/DOMINION/Card$CardName
[INFO] No hashCode defined for: ORG/CS362/DOMINION/Card$CardName, superclass = java.lang.Enum
[DEBUG] Going to instrument: ORG.CS362.DOMINION.Card$CardName
[INFO] Found static initializer in class ORG/CS362/DOMINION/Card$CardName
[INFO] No hashCode defined for: ORG/CS362/DOMINION/Card$CardName, superclass = java.lang.Enum
[INFO] Error while loading class: java.lang.ClassFormatError: Duplicate method name&signature in class file ORG/CS362/DOMINION/Card$CardName
[INFO] Seeing class for first time: ORG.CS362.DOMINION.Card$Type
[INFO] Instrumenting class 'ORG.CS362.DOMINION.Card$Type'.
[INFO] Adding mock interface to class ORG/CS362/DOMINION/Card$Type
[INFO] Found static initializer in class ORG/CS362/DOMINION/Card$Type
[INFO] No hashCode defined for: ORG/CS362/DOMINION/Card$Type, superclass = java.lang.Enum
[DEBUG] Going to instrument: ORG.CS362.DOMINION.Card$Type
[INFO] Found static initializer in class ORG/CS362/DOMINION/Card$Type
[INFO] No hashCode defined for: ORG/CS362/DOMINION/Card$Type, superclass = java.lang.Enum
[INFO] Error while loading class: java.lang.ClassFormatError: Duplicate method name&signature in class file ORG/CS362/DOMINION/Card$Type
[INFO] Seeing class for first time: ORG.CS362.DOMINION.Randomness
[INFO] Instrumenting class 'ORG.CS362.DOMINION.Randomness'.
[INFO] Adding mock interface to class ORG/CS362/DOMINION/Randomness
[INFO] Found static initializer in class ORG/CS362/DOMINION/Randomness
[INFO] No hashCode defined for: ORG/CS362/DOMINION/Randomness, superclass = java.lang.Object
[DEBUG] Going to instrument: ORG.CS362.DOMINION.Randomness
[INFO] Found static initializer in class ORG/CS362/DOMINION/Randomness
[INFO] Error while loading class: java.lang.ClassFormatError: Duplicate method name&signature in class file ORG/CS362/DOMINION/Randomness
[INFO] Seeing class for first time: ORG.CS362.DOMINION.Card$CardName
[INFO] Instrumenting class 'ORG.CS362.DOMINION.Card$CardName'.
[INFO] Adding mock interface to class ORG/CS362/DOMINION/Card$CardName
[INFO] Found static initializer in class ORG/CS362/DOMINION/Card$CardName
[INFO] No hashCode defined for: ORG/CS362/DOMINION/Card$CardName, superclass = java.lang.Enum
[DEBUG] Going to instrument: ORG.CS362.DOMINION.Card$CardName
[INFO] Found static initializer in class ORG/CS362/DOMINION/Card$CardName
[INFO] No hashCode defined for: ORG/CS362/DOMINION/Card$CardName, superclass = java.lang.Enum
[INFO] Error while loading class: java.lang.ClassFormatError: Duplicate method name&signature in class file ORG/CS362/DOMINION/Card$CardName
]]></system-out>
  </testcase>
  <testcase name="test03" classname="ORG.CS362.DOMINION.GameState_ESTest" time="0">
    <error message="ORG/CS362/DOMINION/Randomness" type="java.lang.NoClassDefFoundError">java.lang.NoClassDefFoundError: ORG/CS362/DOMINION/Randomness
	at java.lang.ClassLoader.defineClass1(Native Method)
	at java.lang.ClassLoader.defineClass(ClassLoader.java:763)
	at java.lang.ClassLoader.defineClass(ClassLoader.java:642)
	at org.evosuite.runtime.instrumentation.EvoClassLoader.instrumentClass(EvoClassLoader.java:116)
	at org.evosuite.runtime.instrumentation.EvoClassLoader.loadClass(EvoClassLoader.java:92)
	at ORG.CS362.DOMINION.GameState_ESTest.test03(GameState_ESTest.java:108)
</error>
    <system-out><![CDATA[[INFO] Seeing class for first time: ORG.CS362.DOMINION.Randomness
[INFO] Instrumenting class 'ORG.CS362.DOMINION.Randomness'.
[INFO] Adding mock interface to class ORG/CS362/DOMINION/Randomness
[INFO] Found static initializer in class ORG/CS362/DOMINION/Randomness
[INFO] No hashCode defined for: ORG/CS362/DOMINION/Randomness, superclass = java.lang.Object
[DEBUG] Going to instrument: ORG.CS362.DOMINION.Randomness
[INFO] Found static initializer in class ORG/CS362/DOMINION/Randomness
[INFO] Error while loading class: java.lang.ClassFormatError: Duplicate method name&signature in class file ORG/CS362/DOMINION/Randomness
[INFO] Seeing class for first time: ORG.CS362.DOMINION.Card$CardName
[INFO] Instrumenting class 'ORG.CS362.DOMINION.Card$CardName'.
[INFO] Adding mock interface to class ORG/CS362/DOMINION/Card$CardName
[INFO] Found static initializer in class ORG/CS362/DOMINION/Card$CardName
[INFO] No hashCode defined for: ORG/CS362/DOMINION/Card$CardName, superclass = java.lang.Enum
[DEBUG] Going to instrument: ORG.CS362.DOMINION.Card$CardName
[INFO] Found static initializer in class ORG/CS362/DOMINION/Card$CardName
[INFO] No hashCode defined for: ORG/CS362/DOMINION/Card$CardName, superclass = java.lang.Enum
[INFO] Error while loading class: java.lang.ClassFormatError: Duplicate method name&signature in class file ORG/CS362/DOMINION/Card$CardName
[INFO] Seeing class for first time: ORG.CS362.DOMINION.Card$Type
[INFO] Instrumenting class 'ORG.CS362.DOMINION.Card$Type'.
[INFO] Adding mock interface to class ORG/CS362/DOMINION/Card$Type
[INFO] Found static initializer in class ORG/CS362/DOMINION/Card$Type
[INFO] No hashCode defined for: ORG/CS362/DOMINION/Card$Type, superclass = java.lang.Enum
[DEBUG] Going to instrument: ORG.CS362.DOMINION.Card$Type
[INFO] Found static initializer in class ORG/CS362/DOMINION/Card$Type
[INFO] No hashCode defined for: ORG/CS362/DOMINION/Card$Type, superclass = java.lang.Enum
[INFO] Error while loading class: java.lang.ClassFormatError: Duplicate method name&signature in class file ORG/CS362/DOMINION/Card$Type
[INFO] Seeing class for first time: ORG.CS362.DOMINION.Randomness
[INFO] Instrumenting class 'ORG.CS362.DOMINION.Randomness'.
[INFO] Adding mock interface to class ORG/CS362/DOMINION/Randomness
[INFO] Found static initializer in class ORG/CS362/DOMINION/Randomness
[INFO] No hashCode defined for: ORG/CS362/DOMINION/Randomness, superclass = java.lang.Object
[DEBUG] Going to instrument: ORG.CS362.DOMINION.Randomness
[INFO] Found static initializer in class ORG/CS362/DOMINION/Randomness
[INFO] Error while loading class: java.lang.ClassFormatError: Duplicate method name&signature in class file ORG/CS362/DOMINION/Randomness
[INFO] Seeing class for first time: ORG.CS362.DOMINION.Card$CardName
[INFO] Instrumenting class 'ORG.CS362.DOMINION.Card$CardName'.
[INFO] Adding mock interface to class ORG/CS362/DOMINION/Card$CardName
[INFO] Found static initializer in class ORG/CS362/DOMINION/Card$CardName
[INFO] No hashCode defined for: ORG/CS362/DOMINION/Card$CardName, superclass = java.lang.Enum
[DEBUG] Going to instrument: ORG.CS362.DOMINION.Card$CardName
[INFO] Found static initializer in class ORG/CS362/DOMINION/Card$CardName
[INFO] No hashCode defined for: ORG/CS362/DOMINION/Card$CardName, superclass = java.lang.Enum
[INFO] Error while loading class: java.lang.ClassFormatError: Duplicate method name&signature in class file ORG/CS362/DOMINION/Card$CardName
]]></system-out>
  </testcase>
  <testcase name="test14" classname="ORG.CS362.DOMINION.GameState_ESTest" time="0">
    <error message="ORG/CS362/DOMINION/Card$Type" type="java.lang.NoClassDefFoundError">java.lang.NoClassDefFoundError: ORG/CS362/DOMINION/Card$Type
	at ORG.CS362.DOMINION.GameState_ESTest.test14(GameState_ESTest.java:340)
</error>
    <system-out><![CDATA[[INFO] Seeing class for first time: ORG.CS362.DOMINION.Card$CardName
[INFO] Instrumenting class 'ORG.CS362.DOMINION.Card$CardName'.
[INFO] Adding mock interface to class ORG/CS362/DOMINION/Card$CardName
[INFO] Found static initializer in class ORG/CS362/DOMINION/Card$CardName
[INFO] No hashCode defined for: ORG/CS362/DOMINION/Card$CardName, superclass = java.lang.Enum
[DEBUG] Going to instrument: ORG.CS362.DOMINION.Card$CardName
[INFO] Found static initializer in class ORG/CS362/DOMINION/Card$CardName
[INFO] No hashCode defined for: ORG/CS362/DOMINION/Card$CardName, superclass = java.lang.Enum
[INFO] Error while loading class: java.lang.ClassFormatError: Duplicate method name&signature in class file ORG/CS362/DOMINION/Card$CardName
[INFO] Seeing class for first time: ORG.CS362.DOMINION.Card$Type
[INFO] Instrumenting class 'ORG.CS362.DOMINION.Card$Type'.
[INFO] Adding mock interface to class ORG/CS362/DOMINION/Card$Type
[INFO] Found static initializer in class ORG/CS362/DOMINION/Card$Type
[INFO] No hashCode defined for: ORG/CS362/DOMINION/Card$Type, superclass = java.lang.Enum
[DEBUG] Going to instrument: ORG.CS362.DOMINION.Card$Type
[INFO] Found static initializer in class ORG/CS362/DOMINION/Card$Type
[INFO] No hashCode defined for: ORG/CS362/DOMINION/Card$Type, superclass = java.lang.Enum
[INFO] Error while loading class: java.lang.ClassFormatError: Duplicate method name&signature in class file ORG/CS362/DOMINION/Card$Type
[INFO] Seeing class for first time: ORG.CS362.DOMINION.Randomness
[INFO] Instrumenting class 'ORG.CS362.DOMINION.Randomness'.
[INFO] Adding mock interface to class ORG/CS362/DOMINION/Randomness
[INFO] Found static initializer in class ORG/CS362/DOMINION/Randomness
[INFO] No hashCode defined for: ORG/CS362/DOMINION/Randomness, superclass = java.lang.Object
[DEBUG] Going to instrument: ORG.CS362.DOMINION.Randomness
[INFO] Found static initializer in class ORG/CS362/DOMINION/Randomness
[INFO] Error while loading class: java.lang.ClassFormatError: Duplicate method name&signature in class file ORG/CS362/DOMINION/Randomness
[INFO] Seeing class for first time: ORG.CS362.DOMINION.Card$CardName
[INFO] Instrumenting class 'ORG.CS362.DOMINION.Card$CardName'.
[INFO] Adding mock interface to class ORG/CS362/DOMINION/Card$CardName
[INFO] Found static initializer in class ORG/CS362/DOMINION/Card$CardName
[INFO] No hashCode defined for: ORG/CS362/DOMINION/Card$CardName, superclass = java.lang.Enum
[DEBUG] Going to instrument: ORG.CS362.DOMINION.Card$CardName
[INFO] Found static initializer in class ORG/CS362/DOMINION/Card$CardName
[INFO] No hashCode defined for: ORG/CS362/DOMINION/Card$CardName, superclass = java.lang.Enum
[INFO] Error while loading class: java.lang.ClassFormatError: Duplicate method name&signature in class file ORG/CS362/DOMINION/Card$CardName
]]></system-out>
  </testcase>
  <testcase name="test02" classname="ORG.CS362.DOMINION.GameState_ESTest" time="0">
    <error message="ORG/CS362/DOMINION/Card$Type" type="java.lang.NoClassDefFoundError">java.lang.NoClassDefFoundError: ORG/CS362/DOMINION/Card$Type
	at ORG.CS362.DOMINION.GameState_ESTest.test02(GameState_ESTest.java:87)
</error>
    <system-out><![CDATA[[INFO] Seeing class for first time: ORG.CS362.DOMINION.Card$CardName
[INFO] Instrumenting class 'ORG.CS362.DOMINION.Card$CardName'.
[INFO] Adding mock interface to class ORG/CS362/DOMINION/Card$CardName
[INFO] Found static initializer in class ORG/CS362/DOMINION/Card$CardName
[INFO] No hashCode defined for: ORG/CS362/DOMINION/Card$CardName, superclass = java.lang.Enum
[DEBUG] Going to instrument: ORG.CS362.DOMINION.Card$CardName
[INFO] Found static initializer in class ORG/CS362/DOMINION/Card$CardName
[INFO] No hashCode defined for: ORG/CS362/DOMINION/Card$CardName, superclass = java.lang.Enum
[INFO] Error while loading class: java.lang.ClassFormatError: Duplicate method name&signature in class file ORG/CS362/DOMINION/Card$CardName
[INFO] Seeing class for first time: ORG.CS362.DOMINION.Card$Type
[INFO] Instrumenting class 'ORG.CS362.DOMINION.Card$Type'.
[INFO] Adding mock interface to class ORG/CS362/DOMINION/Card$Type
[INFO] Found static initializer in class ORG/CS362/DOMINION/Card$Type
[INFO] No hashCode defined for: ORG/CS362/DOMINION/Card$Type, superclass = java.lang.Enum
[DEBUG] Going to instrument: ORG.CS362.DOMINION.Card$Type
[INFO] Found static initializer in class ORG/CS362/DOMINION/Card$Type
[INFO] No hashCode defined for: ORG/CS362/DOMINION/Card$Type, superclass = java.lang.Enum
[INFO] Error while loading class: java.lang.ClassFormatError: Duplicate method name&signature in class file ORG/CS362/DOMINION/Card$Type
[INFO] Seeing class for first time: ORG.CS362.DOMINION.Randomness
[INFO] Instrumenting class 'ORG.CS362.DOMINION.Randomness'.
[INFO] Adding mock interface to class ORG/CS362/DOMINION/Randomness
[INFO] Found static initializer in class ORG/CS362/DOMINION/Randomness
[INFO] No hashCode defined for: ORG/CS362/DOMINION/Randomness, superclass = java.lang.Object
[DEBUG] Going to instrument: ORG.CS362.DOMINION.Randomness
[INFO] Found static initializer in class ORG/CS362/DOMINION/Randomness
[INFO] Error while loading class: java.lang.ClassFormatError: Duplicate method name&signature in class file ORG/CS362/DOMINION/Randomness
[INFO] Seeing class for first time: ORG.CS362.DOMINION.Card$CardName
[INFO] Instrumenting class 'ORG.CS362.DOMINION.Card$CardName'.
[INFO] Adding mock interface to class ORG/CS362/DOMINION/Card$CardName
[INFO] Found static initializer in class ORG/CS362/DOMINION/Card$CardName
[INFO] No hashCode defined for: ORG/CS362/DOMINION/Card$CardName, superclass = java.lang.Enum
[DEBUG] Going to instrument: ORG.CS362.DOMINION.Card$CardName
[INFO] Found static initializer in class ORG/CS362/DOMINION/Card$CardName
[INFO] No hashCode defined for: ORG/CS362/DOMINION/Card$CardName, superclass = java.lang.Enum
[INFO] Error while loading class: java.lang.ClassFormatError: Duplicate method name&signature in class file ORG/CS362/DOMINION/Card$CardName
]]></system-out>
  </testcase>
  <testcase name="test13" classname="ORG.CS362.DOMINION.GameState_ESTest" time="0">
    <error message="ORG/CS362/DOMINION/Card$CardName" type="java.lang.NoClassDefFoundError">java.lang.NoClassDefFoundError: ORG/CS362/DOMINION/Card$CardName
	at ORG.CS362.DOMINION.GameState_ESTest.test13(GameState_ESTest.java:331)
</error>
    <system-out><![CDATA[[INFO] Seeing class for first time: ORG.CS362.DOMINION.Card$CardName
[INFO] Instrumenting class 'ORG.CS362.DOMINION.Card$CardName'.
[INFO] Adding mock interface to class ORG/CS362/DOMINION/Card$CardName
[INFO] Found static initializer in class ORG/CS362/DOMINION/Card$CardName
[INFO] No hashCode defined for: ORG/CS362/DOMINION/Card$CardName, superclass = java.lang.Enum
[DEBUG] Going to instrument: ORG.CS362.DOMINION.Card$CardName
[INFO] Found static initializer in class ORG/CS362/DOMINION/Card$CardName
[INFO] No hashCode defined for: ORG/CS362/DOMINION/Card$CardName, superclass = java.lang.Enum
[INFO] Error while loading class: java.lang.ClassFormatError: Duplicate method name&signature in class file ORG/CS362/DOMINION/Card$CardName
[INFO] Seeing class for first time: ORG.CS362.DOMINION.Card$Type
[INFO] Instrumenting class 'ORG.CS362.DOMINION.Card$Type'.
[INFO] Adding mock interface to class ORG/CS362/DOMINION/Card$Type
[INFO] Found static initializer in class ORG/CS362/DOMINION/Card$Type
[INFO] No hashCode defined for: ORG/CS362/DOMINION/Card$Type, superclass = java.lang.Enum
[DEBUG] Going to instrument: ORG.CS362.DOMINION.Card$Type
[INFO] Found static initializer in class ORG/CS362/DOMINION/Card$Type
[INFO] No hashCode defined for: ORG/CS362/DOMINION/Card$Type, superclass = java.lang.Enum
[INFO] Error while loading class: java.lang.ClassFormatError: Duplicate method name&signature in class file ORG/CS362/DOMINION/Card$Type
[INFO] Seeing class for first time: ORG.CS362.DOMINION.Randomness
[INFO] Instrumenting class 'ORG.CS362.DOMINION.Randomness'.
[INFO] Adding mock interface to class ORG/CS362/DOMINION/Randomness
[INFO] Found static initializer in class ORG/CS362/DOMINION/Randomness
[INFO] No hashCode defined for: ORG/CS362/DOMINION/Randomness, superclass = java.lang.Object
[DEBUG] Going to instrument: ORG.CS362.DOMINION.Randomness
[INFO] Found static initializer in class ORG/CS362/DOMINION/Randomness
[INFO] Error while loading class: java.lang.ClassFormatError: Duplicate method name&signature in class file ORG/CS362/DOMINION/Randomness
[INFO] Seeing class for first time: ORG.CS362.DOMINION.Card$CardName
[INFO] Instrumenting class 'ORG.CS362.DOMINION.Card$CardName'.
[INFO] Adding mock interface to class ORG/CS362/DOMINION/Card$CardName
[INFO] Found static initializer in class ORG/CS362/DOMINION/Card$CardName
[INFO] No hashCode defined for: ORG/CS362/DOMINION/Card$CardName, superclass = java.lang.Enum
[DEBUG] Going to instrument: ORG.CS362.DOMINION.Card$CardName
[INFO] Found static initializer in class ORG/CS362/DOMINION/Card$CardName
[INFO] No hashCode defined for: ORG/CS362/DOMINION/Card$CardName, superclass = java.lang.Enum
[INFO] Error while loading class: java.lang.ClassFormatError: Duplicate method name&signature in class file ORG/CS362/DOMINION/Card$CardName
]]></system-out>
  </testcase>
  <testcase name="test05" classname="ORG.CS362.DOMINION.GameState_ESTest" time="0">
    <error message="ORG/CS362/DOMINION/Randomness" type="java.lang.NoClassDefFoundError">java.lang.NoClassDefFoundError: ORG/CS362/DOMINION/Randomness
	at ORG.CS362.DOMINION.GameState_ESTest.test05(GameState_ESTest.java:142)
</error>
    <system-out><![CDATA[[INFO] Seeing class for first time: ORG.CS362.DOMINION.Card$CardName
[INFO] Instrumenting class 'ORG.CS362.DOMINION.Card$CardName'.
[INFO] Adding mock interface to class ORG/CS362/DOMINION/Card$CardName
[INFO] Found static initializer in class ORG/CS362/DOMINION/Card$CardName
[INFO] No hashCode defined for: ORG/CS362/DOMINION/Card$CardName, superclass = java.lang.Enum
[DEBUG] Going to instrument: ORG.CS362.DOMINION.Card$CardName
[INFO] Found static initializer in class ORG/CS362/DOMINION/Card$CardName
[INFO] No hashCode defined for: ORG/CS362/DOMINION/Card$CardName, superclass = java.lang.Enum
[INFO] Error while loading class: java.lang.ClassFormatError: Duplicate method name&signature in class file ORG/CS362/DOMINION/Card$CardName
[INFO] Seeing class for first time: ORG.CS362.DOMINION.Card$Type
[INFO] Instrumenting class 'ORG.CS362.DOMINION.Card$Type'.
[INFO] Adding mock interface to class ORG/CS362/DOMINION/Card$Type
[INFO] Found static initializer in class ORG/CS362/DOMINION/Card$Type
[INFO] No hashCode defined for: ORG/CS362/DOMINION/Card$Type, superclass = java.lang.Enum
[DEBUG] Going to instrument: ORG.CS362.DOMINION.Card$Type
[INFO] Found static initializer in class ORG/CS362/DOMINION/Card$Type
[INFO] No hashCode defined for: ORG/CS362/DOMINION/Card$Type, superclass = java.lang.Enum
[INFO] Error while loading class: java.lang.ClassFormatError: Duplicate method name&signature in class file ORG/CS362/DOMINION/Card$Type
[INFO] Seeing class for first time: ORG.CS362.DOMINION.Randomness
[INFO] Instrumenting class 'ORG.CS362.DOMINION.Randomness'.
[INFO] Adding mock interface to class ORG/CS362/DOMINION/Randomness
[INFO] Found static initializer in class ORG/CS362/DOMINION/Randomness
[INFO] No hashCode defined for: ORG/CS362/DOMINION/Randomness, superclass = java.lang.Object
[DEBUG] Going to instrument: ORG.CS362.DOMINION.Randomness
[INFO] Found static initializer in class ORG/CS362/DOMINION/Randomness
[INFO] Error while loading class: java.lang.ClassFormatError: Duplicate method name&signature in class file ORG/CS362/DOMINION/Randomness
[INFO] Seeing class for first time: ORG.CS362.DOMINION.Card$CardName
[INFO] Instrumenting class 'ORG.CS362.DOMINION.Card$CardName'.
[INFO] Adding mock interface to class ORG/CS362/DOMINION/Card$CardName
[INFO] Found static initializer in class ORG/CS362/DOMINION/Card$CardName
[INFO] No hashCode defined for: ORG/CS362/DOMINION/Card$CardName, superclass = java.lang.Enum
[DEBUG] Going to instrument: ORG.CS362.DOMINION.Card$CardName
[INFO] Found static initializer in class ORG/CS362/DOMINION/Card$CardName
[INFO] No hashCode defined for: ORG/CS362/DOMINION/Card$CardName, superclass = java.lang.Enum
[INFO] Error while loading class: java.lang.ClassFormatError: Duplicate method name&signature in class file ORG/CS362/DOMINION/Card$CardName
]]></system-out>
  </testcase>
  <testcase name="test04" classname="ORG.CS362.DOMINION.GameState_ESTest" time="0"/>
  <testcase name="test15" classname="ORG.CS362.DOMINION.GameState_ESTest" time="0">
    <error message="ORG/CS362/DOMINION/Card$CardName" type="java.lang.NoClassDefFoundError">java.lang.NoClassDefFoundError: ORG/CS362/DOMINION/Card$CardName
	at java.lang.ClassLoader.defineClass1(Native Method)
	at java.lang.ClassLoader.defineClass(ClassLoader.java:763)
	at java.lang.ClassLoader.defineClass(ClassLoader.java:642)
	at org.evosuite.runtime.instrumentation.EvoClassLoader.instrumentClass(EvoClassLoader.java:116)
	at org.evosuite.runtime.instrumentation.EvoClassLoader.loadClass(EvoClassLoader.java:92)
	at ORG.CS362.DOMINION.GameState_ESTest.test15(GameState_ESTest.java:353)
</error>
    <system-out><![CDATA[[INFO] Seeing class for first time: ORG.CS362.DOMINION.Card$CardName
[INFO] Instrumenting class 'ORG.CS362.DOMINION.Card$CardName'.
[INFO] Adding mock interface to class ORG/CS362/DOMINION/Card$CardName
[INFO] Found static initializer in class ORG/CS362/DOMINION/Card$CardName
[INFO] No hashCode defined for: ORG/CS362/DOMINION/Card$CardName, superclass = java.lang.Enum
[DEBUG] Going to instrument: ORG.CS362.DOMINION.Card$CardName
[INFO] Found static initializer in class ORG/CS362/DOMINION/Card$CardName
[INFO] No hashCode defined for: ORG/CS362/DOMINION/Card$CardName, superclass = java.lang.Enum
[INFO] Error while loading class: java.lang.ClassFormatError: Duplicate method name&signature in class file ORG/CS362/DOMINION/Card$CardName
[INFO] Seeing class for first time: ORG.CS362.DOMINION.Card$CardName
[INFO] Instrumenting class 'ORG.CS362.DOMINION.Card$CardName'.
[INFO] Adding mock interface to class ORG/CS362/DOMINION/Card$CardName
[INFO] Found static initializer in class ORG/CS362/DOMINION/Card$CardName
[INFO] No hashCode defined for: ORG/CS362/DOMINION/Card$CardName, superclass = java.lang.Enum
[DEBUG] Going to instrument: ORG.CS362.DOMINION.Card$CardName
[INFO] Found static initializer in class ORG/CS362/DOMINION/Card$CardName
[INFO] No hashCode defined for: ORG/CS362/DOMINION/Card$CardName, superclass = java.lang.Enum
[INFO] Error while loading class: java.lang.ClassFormatError: Duplicate method name&signature in class file ORG/CS362/DOMINION/Card$CardName
[INFO] Seeing class for first time: ORG.CS362.DOMINION.Card$Type
[INFO] Instrumenting class 'ORG.CS362.DOMINION.Card$Type'.
[INFO] Adding mock interface to class ORG/CS362/DOMINION/Card$Type
[INFO] Found static initializer in class ORG/CS362/DOMINION/Card$Type
[INFO] No hashCode defined for: ORG/CS362/DOMINION/Card$Type, superclass = java.lang.Enum
[DEBUG] Going to instrument: ORG.CS362.DOMINION.Card$Type
[INFO] Found static initializer in class ORG/CS362/DOMINION/Card$Type
[INFO] No hashCode defined for: ORG/CS362/DOMINION/Card$Type, superclass = java.lang.Enum
[INFO] Error while loading class: java.lang.ClassFormatError: Duplicate method name&signature in class file ORG/CS362/DOMINION/Card$Type
[INFO] Seeing class for first time: ORG.CS362.DOMINION.Randomness
[INFO] Instrumenting class 'ORG.CS362.DOMINION.Randomness'.
[INFO] Adding mock interface to class ORG/CS362/DOMINION/Randomness
[INFO] Found static initializer in class ORG/CS362/DOMINION/Randomness
[INFO] No hashCode defined for: ORG/CS362/DOMINION/Randomness, superclass = java.lang.Object
[DEBUG] Going to instrument: ORG.CS362.DOMINION.Randomness
[INFO] Found static initializer in class ORG/CS362/DOMINION/Randomness
[INFO] Error while loading class: java.lang.ClassFormatError: Duplicate method name&signature in class file ORG/CS362/DOMINION/Randomness
[INFO] Seeing class for first time: ORG.CS362.DOMINION.Card$CardName
[INFO] Instrumenting class 'ORG.CS362.DOMINION.Card$CardName'.
[INFO] Adding mock interface to class ORG/CS362/DOMINION/Card$CardName
[INFO] Found static initializer in class ORG/CS362/DOMINION/Card$CardName
[INFO] No hashCode defined for: ORG/CS362/DOMINION/Card$CardName, superclass = java.lang.Enum
[DEBUG] Going to instrument: ORG.CS362.DOMINION.Card$CardName
[INFO] Found static initializer in class ORG/CS362/DOMINION/Card$CardName
[INFO] No hashCode defined for: ORG/CS362/DOMINION/Card$CardName, superclass = java.lang.Enum
[INFO] Error while loading class: java.lang.ClassFormatError: Duplicate method name&signature in class file ORG/CS362/DOMINION/Card$CardName
]]></system-out>
  </testcase>
  <testcase name="test10" classname="ORG.CS362.DOMINION.GameState_ESTest" time="0.015">
    <error message="ORG/CS362/DOMINION/Card$CardName" type="java.lang.NoClassDefFoundError">java.lang.NoClassDefFoundError: ORG/CS362/DOMINION/Card$CardName
	at ORG.CS362.DOMINION.GameState_ESTest.test10(GameState_ESTest.java:259)
</error>
    <system-out><![CDATA[[INFO] Seeing class for first time: ORG.CS362.DOMINION.Card$CardName
[INFO] Instrumenting class 'ORG.CS362.DOMINION.Card$CardName'.
[INFO] Adding mock interface to class ORG/CS362/DOMINION/Card$CardName
[INFO] Found static initializer in class ORG/CS362/DOMINION/Card$CardName
[INFO] No hashCode defined for: ORG/CS362/DOMINION/Card$CardName, superclass = java.lang.Enum
[DEBUG] Going to instrument: ORG.CS362.DOMINION.Card$CardName
[INFO] Found static initializer in class ORG/CS362/DOMINION/Card$CardName
[INFO] No hashCode defined for: ORG/CS362/DOMINION/Card$CardName, superclass = java.lang.Enum
[INFO] Error while loading class: java.lang.ClassFormatError: Duplicate method name&signature in class file ORG/CS362/DOMINION/Card$CardName
[INFO] Seeing class for first time: ORG.CS362.DOMINION.Card$Type
[INFO] Instrumenting class 'ORG.CS362.DOMINION.Card$Type'.
[INFO] Adding mock interface to class ORG/CS362/DOMINION/Card$Type
[INFO] Found static initializer in class ORG/CS362/DOMINION/Card$Type
[INFO] No hashCode defined for: ORG/CS362/DOMINION/Card$Type, superclass = java.lang.Enum
[DEBUG] Going to instrument: ORG.CS362.DOMINION.Card$Type
[INFO] Found static initializer in class ORG/CS362/DOMINION/Card$Type
[INFO] No hashCode defined for: ORG/CS362/DOMINION/Card$Type, superclass = java.lang.Enum
[INFO] Error while loading class: java.lang.ClassFormatError: Duplicate method name&signature in class file ORG/CS362/DOMINION/Card$Type
[INFO] Seeing class for first time: ORG.CS362.DOMINION.Randomness
[INFO] Instrumenting class 'ORG.CS362.DOMINION.Randomness'.
[INFO] Adding mock interface to class ORG/CS362/DOMINION/Randomness
[INFO] Found static initializer in class ORG/CS362/DOMINION/Randomness
[INFO] No hashCode defined for: ORG/CS362/DOMINION/Randomness, superclass = java.lang.Object
[DEBUG] Going to instrument: ORG.CS362.DOMINION.Randomness
[INFO] Found static initializer in class ORG/CS362/DOMINION/Randomness
[INFO] Error while loading class: java.lang.ClassFormatError: Duplicate method name&signature in class file ORG/CS362/DOMINION/Randomness
[INFO] Seeing class for first time: ORG.CS362.DOMINION.Card$CardName
[INFO] Instrumenting class 'ORG.CS362.DOMINION.Card$CardName'.
[INFO] Adding mock interface to class ORG/CS362/DOMINION/Card$CardName
[INFO] Found static initializer in class ORG/CS362/DOMINION/Card$CardName
[INFO] No hashCode defined for: ORG/CS362/DOMINION/Card$CardName, superclass = java.lang.Enum
[DEBUG] Going to instrument: ORG.CS362.DOMINION.Card$CardName
[INFO] Found static initializer in class ORG/CS362/DOMINION/Card$CardName
[INFO] No hashCode defined for: ORG/CS362/DOMINION/Card$CardName, superclass = java.lang.Enum
[INFO] Error while loading class: java.lang.ClassFormatError: Duplicate method name&signature in class file ORG/CS362/DOMINION/Card$CardName
]]></system-out>
  </testcase>
  <testcase name="test01" classname="ORG.CS362.DOMINION.GameState_ESTest" time="0">
    <error message="ORG/CS362/DOMINION/Card$CardName" type="java.lang.NoClassDefFoundError">java.lang.NoClassDefFoundError: ORG/CS362/DOMINION/Card$CardName
	at ORG.CS362.DOMINION.GameState_ESTest.test01(GameState_ESTest.java:65)
</error>
    <system-out><![CDATA[[INFO] Seeing class for first time: ORG.CS362.DOMINION.Card$CardName
[INFO] Instrumenting class 'ORG.CS362.DOMINION.Card$CardName'.
[INFO] Adding mock interface to class ORG/CS362/DOMINION/Card$CardName
[INFO] Found static initializer in class ORG/CS362/DOMINION/Card$CardName
[INFO] No hashCode defined for: ORG/CS362/DOMINION/Card$CardName, superclass = java.lang.Enum
[DEBUG] Going to instrument: ORG.CS362.DOMINION.Card$CardName
[INFO] Found static initializer in class ORG/CS362/DOMINION/Card$CardName
[INFO] No hashCode defined for: ORG/CS362/DOMINION/Card$CardName, superclass = java.lang.Enum
[INFO] Error while loading class: java.lang.ClassFormatError: Duplicate method name&signature in class file ORG/CS362/DOMINION/Card$CardName
[INFO] Seeing class for first time: ORG.CS362.DOMINION.Card$Type
[INFO] Instrumenting class 'ORG.CS362.DOMINION.Card$Type'.
[INFO] Adding mock interface to class ORG/CS362/DOMINION/Card$Type
[INFO] Found static initializer in class ORG/CS362/DOMINION/Card$Type
[INFO] No hashCode defined for: ORG/CS362/DOMINION/Card$Type, superclass = java.lang.Enum
[DEBUG] Going to instrument: ORG.CS362.DOMINION.Card$Type
[INFO] Found static initializer in class ORG/CS362/DOMINION/Card$Type
[INFO] No hashCode defined for: ORG/CS362/DOMINION/Card$Type, superclass = java.lang.Enum
[INFO] Error while loading class: java.lang.ClassFormatError: Duplicate method name&signature in class file ORG/CS362/DOMINION/Card$Type
[INFO] Seeing class for first time: ORG.CS362.DOMINION.Randomness
[INFO] Instrumenting class 'ORG.CS362.DOMINION.Randomness'.
[INFO] Adding mock interface to class ORG/CS362/DOMINION/Randomness
[INFO] Found static initializer in class ORG/CS362/DOMINION/Randomness
[INFO] No hashCode defined for: ORG/CS362/DOMINION/Randomness, superclass = java.lang.Object
[DEBUG] Going to instrument: ORG.CS362.DOMINION.Randomness
[INFO] Found static initializer in class ORG/CS362/DOMINION/Randomness
[INFO] Error while loading class: java.lang.ClassFormatError: Duplicate method name&signature in class file ORG/CS362/DOMINION/Randomness
[INFO] Seeing class for first time: ORG.CS362.DOMINION.Card$CardName
[INFO] Instrumenting class 'ORG.CS362.DOMINION.Card$CardName'.
[INFO] Adding mock interface to class ORG/CS362/DOMINION/Card$CardName
[INFO] Found static initializer in class ORG/CS362/DOMINION/Card$CardName
[INFO] No hashCode defined for: ORG/CS362/DOMINION/Card$CardName, superclass = java.lang.Enum
[DEBUG] Going to instrument: ORG.CS362.DOMINION.Card$CardName
[INFO] Found static initializer in class ORG/CS362/DOMINION/Card$CardName
[INFO] No hashCode defined for: ORG/CS362/DOMINION/Card$CardName, superclass = java.lang.Enum
[INFO] Error while loading class: java.lang.ClassFormatError: Duplicate method name&signature in class file ORG/CS362/DOMINION/Card$CardName
]]></system-out>
  </testcase>
  <testcase name="test12" classname="ORG.CS362.DOMINION.GameState_ESTest" time="0">
    <error message="ORG/CS362/DOMINION/Card$Type" type="java.lang.NoClassDefFoundError">java.lang.NoClassDefFoundError: ORG/CS362/DOMINION/Card$Type
	at ORG.CS362.DOMINION.GameState_ESTest.test12(GameState_ESTest.java:309)
</error>
    <system-out><![CDATA[[INFO] Seeing class for first time: ORG.CS362.DOMINION.Card$CardName
[INFO] Instrumenting class 'ORG.CS362.DOMINION.Card$CardName'.
[INFO] Adding mock interface to class ORG/CS362/DOMINION/Card$CardName
[INFO] Found static initializer in class ORG/CS362/DOMINION/Card$CardName
[INFO] No hashCode defined for: ORG/CS362/DOMINION/Card$CardName, superclass = java.lang.Enum
[DEBUG] Going to instrument: ORG.CS362.DOMINION.Card$CardName
[INFO] Found static initializer in class ORG/CS362/DOMINION/Card$CardName
[INFO] No hashCode defined for: ORG/CS362/DOMINION/Card$CardName, superclass = java.lang.Enum
[INFO] Error while loading class: java.lang.ClassFormatError: Duplicate method name&signature in class file ORG/CS362/DOMINION/Card$CardName
[INFO] Seeing class for first time: ORG.CS362.DOMINION.Card$Type
[INFO] Instrumenting class 'ORG.CS362.DOMINION.Card$Type'.
[INFO] Adding mock interface to class ORG/CS362/DOMINION/Card$Type
[INFO] Found static initializer in class ORG/CS362/DOMINION/Card$Type
[INFO] No hashCode defined for: ORG/CS362/DOMINION/Card$Type, superclass = java.lang.Enum
[DEBUG] Going to instrument: ORG.CS362.DOMINION.Card$Type
[INFO] Found static initializer in class ORG/CS362/DOMINION/Card$Type
[INFO] No hashCode defined for: ORG/CS362/DOMINION/Card$Type, superclass = java.lang.Enum
[INFO] Error while loading class: java.lang.ClassFormatError: Duplicate method name&signature in class file ORG/CS362/DOMINION/Card$Type
[INFO] Seeing class for first time: ORG.CS362.DOMINION.Randomness
[INFO] Instrumenting class 'ORG.CS362.DOMINION.Randomness'.
[INFO] Adding mock interface to class ORG/CS362/DOMINION/Randomness
[INFO] Found static initializer in class ORG/CS362/DOMINION/Randomness
[INFO] No hashCode defined for: ORG/CS362/DOMINION/Randomness, superclass = java.lang.Object
[DEBUG] Going to instrument: ORG.CS362.DOMINION.Randomness
[INFO] Found static initializer in class ORG/CS362/DOMINION/Randomness
[INFO] Error while loading class: java.lang.ClassFormatError: Duplicate method name&signature in class file ORG/CS362/DOMINION/Randomness
[INFO] Seeing class for first time: ORG.CS362.DOMINION.Card$CardName
[INFO] Instrumenting class 'ORG.CS362.DOMINION.Card$CardName'.
[INFO] Adding mock interface to class ORG/CS362/DOMINION/Card$CardName
[INFO] Found static initializer in class ORG/CS362/DOMINION/Card$CardName
[INFO] No hashCode defined for: ORG/CS362/DOMINION/Card$CardName, superclass = java.lang.Enum
[DEBUG] Going to instrument: ORG.CS362.DOMINION.Card$CardName
[INFO] Found static initializer in class ORG/CS362/DOMINION/Card$CardName
[INFO] No hashCode defined for: ORG/CS362/DOMINION/Card$CardName, superclass = java.lang.Enum
[INFO] Error while loading class: java.lang.ClassFormatError: Duplicate method name&signature in class file ORG/CS362/DOMINION/Card$CardName
]]></system-out>
  </testcase>
  <testcase name="test00" classname="ORG.CS362.DOMINION.GameState_ESTest" time="0">
    <error message="ORG/CS362/DOMINION/Card$CardName" type="java.lang.NoClassDefFoundError">java.lang.NoClassDefFoundError: ORG/CS362/DOMINION/Card$CardName
	at ORG.CS362.DOMINION.GameState.isGameOver(GameState.java:111)
	at ORG.CS362.DOMINION.GameState.play(GameState.java:89)
	at ORG.CS362.DOMINION.GameState_ESTest.test00(GameState_ESTest.java:36)
</error>
    <system-out><![CDATA[[INFO] Seeing class for first time: ORG.CS362.DOMINION.Card$CardName
[INFO] Instrumenting class 'ORG.CS362.DOMINION.Card$CardName'.
[INFO] Adding mock interface to class ORG/CS362/DOMINION/Card$CardName
[INFO] Found static initializer in class ORG/CS362/DOMINION/Card$CardName
[INFO] No hashCode defined for: ORG/CS362/DOMINION/Card$CardName, superclass = java.lang.Enum
[DEBUG] Going to instrument: ORG.CS362.DOMINION.Card$CardName
[INFO] Found static initializer in class ORG/CS362/DOMINION/Card$CardName
[INFO] No hashCode defined for: ORG/CS362/DOMINION/Card$CardName, superclass = java.lang.Enum
[INFO] Error while loading class: java.lang.ClassFormatError: Duplicate method name&signature in class file ORG/CS362/DOMINION/Card$CardName
[INFO] Seeing class for first time: ORG.CS362.DOMINION.Card$Type
[INFO] Instrumenting class 'ORG.CS362.DOMINION.Card$Type'.
[INFO] Adding mock interface to class ORG/CS362/DOMINION/Card$Type
[INFO] Found static initializer in class ORG/CS362/DOMINION/Card$Type
[INFO] No hashCode defined for: ORG/CS362/DOMINION/Card$Type, superclass = java.lang.Enum
[DEBUG] Going to instrument: ORG.CS362.DOMINION.Card$Type
[INFO] Found static initializer in class ORG/CS362/DOMINION/Card$Type
[INFO] No hashCode defined for: ORG/CS362/DOMINION/Card$Type, superclass = java.lang.Enum
[INFO] Error while loading class: java.lang.ClassFormatError: Duplicate method name&signature in class file ORG/CS362/DOMINION/Card$Type
[INFO] Seeing class for first time: ORG.CS362.DOMINION.Randomness
[INFO] Instrumenting class 'ORG.CS362.DOMINION.Randomness'.
[INFO] Adding mock interface to class ORG/CS362/DOMINION/Randomness
[INFO] Found static initializer in class ORG/CS362/DOMINION/Randomness
[INFO] No hashCode defined for: ORG/CS362/DOMINION/Randomness, superclass = java.lang.Object
[DEBUG] Going to instrument: ORG.CS362.DOMINION.Randomness
[INFO] Found static initializer in class ORG/CS362/DOMINION/Randomness
[INFO] Error while loading class: java.lang.ClassFormatError: Duplicate method name&signature in class file ORG/CS362/DOMINION/Randomness
[INFO] Seeing class for first time: ORG.CS362.DOMINION.Card$CardName
[INFO] Instrumenting class 'ORG.CS362.DOMINION.Card$CardName'.
[INFO] Adding mock interface to class ORG/CS362/DOMINION/Card$CardName
[INFO] Found static initializer in class ORG/CS362/DOMINION/Card$CardName
[INFO] No hashCode defined for: ORG/CS362/DOMINION/Card$CardName, superclass = java.lang.Enum
[DEBUG] Going to instrument: ORG.CS362.DOMINION.Card$CardName
[INFO] Found static initializer in class ORG/CS362/DOMINION/Card$CardName
[INFO] No hashCode defined for: ORG/CS362/DOMINION/Card$CardName, superclass = java.lang.Enum
[INFO] Error while loading class: java.lang.ClassFormatError: Duplicate method name&signature in class file ORG/CS362/DOMINION/Card$CardName
]]></system-out>
  </testcase>
  <testcase name="test11" classname="ORG.CS362.DOMINION.GameState_ESTest" time="0">
    <error message="ORG/CS362/DOMINION/Card$Type" type="java.lang.NoClassDefFoundError">java.lang.NoClassDefFoundError: ORG/CS362/DOMINION/Card$Type
	at ORG.CS362.DOMINION.GameState_ESTest.test11(GameState_ESTest.java:288)
</error>
    <system-out><![CDATA[[INFO] Seeing class for first time: ORG.CS362.DOMINION.Card$CardName
[INFO] Instrumenting class 'ORG.CS362.DOMINION.Card$CardName'.
[INFO] Adding mock interface to class ORG/CS362/DOMINION/Card$CardName
[INFO] Found static initializer in class ORG/CS362/DOMINION/Card$CardName
[INFO] No hashCode defined for: ORG/CS362/DOMINION/Card$CardName, superclass = java.lang.Enum
[DEBUG] Going to instrument: ORG.CS362.DOMINION.Card$CardName
[INFO] Found static initializer in class ORG/CS362/DOMINION/Card$CardName
[INFO] No hashCode defined for: ORG/CS362/DOMINION/Card$CardName, superclass = java.lang.Enum
[INFO] Error while loading class: java.lang.ClassFormatError: Duplicate method name&signature in class file ORG/CS362/DOMINION/Card$CardName
[INFO] Seeing class for first time: ORG.CS362.DOMINION.Card$Type
[INFO] Instrumenting class 'ORG.CS362.DOMINION.Card$Type'.
[INFO] Adding mock interface to class ORG/CS362/DOMINION/Card$Type
[INFO] Found static initializer in class ORG/CS362/DOMINION/Card$Type
[INFO] No hashCode defined for: ORG/CS362/DOMINION/Card$Type, superclass = java.lang.Enum
[DEBUG] Going to instrument: ORG.CS362.DOMINION.Card$Type
[INFO] Found static initializer in class ORG/CS362/DOMINION/Card$Type
[INFO] No hashCode defined for: ORG/CS362/DOMINION/Card$Type, superclass = java.lang.Enum
[INFO] Error while loading class: java.lang.ClassFormatError: Duplicate method name&signature in class file ORG/CS362/DOMINION/Card$Type
[INFO] Seeing class for first time: ORG.CS362.DOMINION.Randomness
[INFO] Instrumenting class 'ORG.CS362.DOMINION.Randomness'.
[INFO] Adding mock interface to class ORG/CS362/DOMINION/Randomness
[INFO] Found static initializer in class ORG/CS362/DOMINION/Randomness
[INFO] No hashCode defined for: ORG/CS362/DOMINION/Randomness, superclass = java.lang.Object
[DEBUG] Going to instrument: ORG.CS362.DOMINION.Randomness
[INFO] Found static initializer in class ORG/CS362/DOMINION/Randomness
[INFO] Error while loading class: java.lang.ClassFormatError: Duplicate method name&signature in class file ORG/CS362/DOMINION/Randomness
[INFO] Seeing class for first time: ORG.CS362.DOMINION.Card$CardName
[INFO] Instrumenting class 'ORG.CS362.DOMINION.Card$CardName'.
[INFO] Adding mock interface to class ORG/CS362/DOMINION/Card$CardName
[INFO] Found static initializer in class ORG/CS362/DOMINION/Card$CardName
[INFO] No hashCode defined for: ORG/CS362/DOMINION/Card$CardName, superclass = java.lang.Enum
[DEBUG] Going to instrument: ORG.CS362.DOMINION.Card$CardName
[INFO] Found static initializer in class ORG/CS362/DOMINION/Card$CardName
[INFO] No hashCode defined for: ORG/CS362/DOMINION/Card$CardName, superclass = java.lang.Enum
[INFO] Error while loading class: java.lang.ClassFormatError: Duplicate method name&signature in class file ORG/CS362/DOMINION/Card$CardName
]]></system-out>
  </testcase>
</testsuite>