<?xml version="1.0" encoding="UTF-8"?>
<testsuite name="ORG.CS362.DOMINION.Player_ESTest" time="0.077" tests="34" errors="2" skipped="0" failures="1">
  <properties>
[...]
</properties>
  <testcase name="test16" classname="ORG.CS362.DOMINION.Player_ESTest" time="0.001"/>
  <testcase name="test15" classname="ORG.CS362.DOMINION.Player_ESTest" time="0"/>
  <testcase name="test14" classname="ORG.CS362.DOMINION.Player_ESTest" time="0"/>
  <testcase name="test13" classname="ORG.CS362.DOMINION.Player_ESTest" time="0.069">
    <failure message="Expecting exception: TooManyResourcesException" type="java.lang.AssertionError">java.lang.AssertionError: Expecting exception: TooManyResourcesException
	at org.junit.Assert.fail(Assert.java:88)
	at ORG.CS362.DOMINION.Player_ESTest.test13(Player_ESTest.java:185)
</failure>
    <system-out><![CDATA[Player  has played Adventurer
Player  has played Adventurer
Player  has played Adventurer
Player  has played Adventurer
Player  has played Adventurer
Player  has played Adventurer
Player  has played Adventurer
Player  has played Adventurer
Player  has played Adventurer
Player  has played Adventurer
Player  has played Adventurer
Player  has played Adventurer
Player  has played Adventurer
Player  has played Adventurer
Player  has played Adventurer
Player  has played Adventurer
Player  has played Adventurer
Player  has played Adventurer
Player  has played Adventurer
Player  has played Adventurer
Player  has played Adventurer
Player  has played Adventurer
Player  has played Adventurer
Player  has played Adventurer
Player  has played Adventurer
Player  has played Adventurer
Player  has played Adventurer
Player  has played Adventurer
Player  has played Adventurer
Player  has played Adventurer
Player  has played Adventurer
Player  has played Adventurer
Player  has played Adventurer
Player  has played Adventurer
Player  has played Adventurer
Player  has played Adventurer
Player  has played Adventurer
Player  has played Adventurer
Player  has played Adventurer
Player  has played Adventurer
Player  has played Adventurer
Player  has played Adventurer
Player  has played Adventurer
Player  has played Adventurer
Player  has played Adventurer
Player  has played Adventurer
Player  has played Adventurer
Player  has played Adventurer
Player  has played Adventurer
Player  has played Adventurer
Player  has played Adventurer
Player  has played Adventurer
Player  has played Adventurer
Player  has played Adventurer
Player  has played Adventurer
Player  has played Adventurer
Player  has played Adventurer
Player  has played Adventurer
Player  has played Adventurer
Player  has played Adventurer
Player  has played Adventurer
Player  has played Adventurer
Player  has played Adventurer
Player  has played Adventurer
Player  has played Adventurer
Player  has played Adventurer
Player  has played Adventurer
Player  has played Adventurer
Player  has played Adventurer
Player  has played Adventurer
Player  has played Adventurer
Player  has played Adventurer
Player  has played Adventurer
Player  has played Adventurer
Player  has played Adventurer
Player  has played Adventurer
Player  has played Adventurer
Player  has played Adventurer
Player  has played Adventurer
Player  has played Adventurer
Player  has played Adventurer
Player  has played Adventurer
Player  has played Adventurer
Player  has played Adventurer
Player  has played Adventurer
Player  has played Adventurer
Player  has played Adventurer
Player  has played Adventurer
Player  has played Adventurer
Player  has played Adventurer
Player  has played Adventurer
Player  has played Adventurer
Player  has played Adventurer
Player  has played Adventurer
Player  has played Adventurer
Player  has played Adventurer
Player  has played Adventurer
Player  has played Adventurer
Player  has played Adventurer
Player  has played Adventurer
Player  has played Adventurer
Player  has played Adventurer
Player  has played Adventurer
Player  has played Adventurer
Player  has played Adventurer
Player  has played Adventurer
Player  has played Adventurer
Player  has played Adventurer
Player  has played Adventurer
Player  has played Adventurer
Player  has played Adventurer
Player  has played Adventurer
Player  has played Adventurer
Player  has played Adventurer
Player  has played Adventurer
Player  has played Adventurer
Player  has played Adventurer
Player  has played Adventurer
Player  has played Adventurer
Player  has played Adventurer
Player  has played Adventurer
Player  has played Adventurer
Player  has played Adventurer
Player  has played Adventurer
Player  has played Adventurer
Player  has played Adventurer
Player  has played Adventurer
Player  has played Adventurer
Player  has played Adventurer
Player  has played Adventurer
Player  has played Adventurer
Player  has played Adventurer
Player  has played Adventurer
Player  has played Adventurer
Player  has played Adventurer
Player  has played Adventurer
Player  has played Adventurer
Player  has played Adventurer
Player  has played Adventurer
Player  has played Adventurer
Player  has played Adventurer
Player  has played Adventurer
Player  has played Adventurer
Player  has played Adventurer
Player  has played Adventurer
Player  has played Adventurer
Player  has played Adventurer
Player  has played Adventurer
Player  has played Adventurer
Player  has played Adventurer
Player  has played Adventurer
Player  has played Adventurer
Player  has played Adventurer
Player  has played Adventurer
Player  has played Adventurer
Player  has played Adventurer
Player  has played Adventurer
Player  has played Adventurer
Player  has played Adventurer
Player  has played Adventurer
Player  has played Adventurer
Player  has played Adventurer
Player  has played Adventurer
Player  has played Adventurer
Player  has played Adventurer
Player  has played Adventurer
Player  has played Adventurer
Player  has played Adventurer
Player  has played Adventurer
Player  has played Adventurer
Player  has played Adventurer
Player  has played Adventurer
Player  has played Adventurer
Player  has played Adventurer
Player  has played Adventurer
Player  has played Adventurer
Player  has played Adventurer
Player  has played Adventurer
Player  has played Adventurer
Player  has played Adventurer
Player  has played Adventurer
Player  has played Adventurer
Player  has played Adventurer
Player  has played Adventurer
Player  has played Adventurer
Player  has played Adventurer
Player  has played Adventurer
Player  has played Adventurer
Player  has played Adventurer
Player  has played Adventurer
Player  has played Adventurer
Player  has played Adventurer
Player  has played Adventurer
Player  has played Adventurer
Player  has played Adventurer
Player  has played Adventurer
Player  has played Adventurer
Player  has played Adventurer
Player  has played Adventurer
Player  has played Adventurer
Player  has played Adventurer
Player  has played Adventurer
Player  has played Adventurer
Player  has played Adventurer
Player  has played Adventurer
Player  has played Adventurer
Player  has played Adventurer
Player  has played Adventurer
Player  has played Adventurer
Player  has played Adventurer
Player  has played Adventurer
Player  has played Adventurer
Player  has played Adventurer
Player  has played Adventurer
Player  has played Adventurer
Player  has played Adventurer
Player  has played Adventurer
Player  has played Adventurer
Player  has played Adventurer
Player  has played Adventurer
Player  has played Adventurer
Player  has played Adventurer
Player  has played Adventurer
Player  has played Adventurer
Player  has played Adventurer
Player  has played Adventurer
Player  has played Adventurer
Player  has played Adventurer
Player  has played Adventurer
Player  has played Adventurer
Player  has played Adventurer
Player  has played Adventurer
Player  has played Adventurer
Player  has played Adventurer
Player  has played Adventurer
Player  has played Adventurer
Player  has played Adventurer
Player  has played Adventurer
Player  has played Adventurer
Player  has played Adventurer
Player  has played Adventurer
Player  has played Adventurer
Player  has played Adventurer
Player  has played Adventurer
Player  has played Adventurer
Player  has played Adventurer
Player  has played Adventurer
Player  has played Adventurer
Player  has played Adventurer
Player  has played Adventurer
Player  has played Adventurer
Player  has played Adventurer
Player  has played Adventurer
Player  has played Adventurer
Player  has played Adventurer
Player  has played Adventurer
Player  has played Adventurer
Player  has played Adventurer
Player  has played Adventurer
Player  has played Adventurer
Player  has played Adventurer
Player  has played Adventurer
Player  has played Adventurer
Player  has played Adventurer
Player  has played Adventurer
Player  has played Adventurer
Player  has played Adventurer
Player  has played Adventurer
Player  has played Adventurer
Player  has played Adventurer
Player  has played Adventurer
Player  has played Adventurer
Player  has played Adventurer
Player  has played Adventurer
Player  has played Adventurer
Player  has played Adventurer
Player  has played Adventurer
Player  has played Adventurer
Player  has played Adventurer
Player  has played Adventurer
Player  has played Adventurer
Player  has played Adventurer
Player  has played Adventurer
Player  has played Adventurer
Player  has played Adventurer
Player  has played Adventurer
Player  has played Adventurer
Player  has played Adventurer
Player  has played Adventurer
Player  has played Adventurer
Player  has played Adventurer
Player  has played Adventurer
Player  has played Adventurer
Player  has played Adventurer
Player  has played Adventurer
Player  has played Adventurer
Player  has played Adventurer
Player  has played Adventurer
Player  has played Adventurer
Player  has played Adventurer
Player  has played Adventurer
Player  has played Adventurer
Player  has played Adventurer
Player  has played Adventurer
Player  has played Adventurer
Player  has played Adventurer
Player  has played Adventurer
Player  has played Adventurer
Player  has played Adventurer
Player  has played Adventurer
Player  has played Adventurer
Player  has played Adventurer
Player  has played Adventurer
Player  has played Adventurer
Player  has played Adventurer
Player  has played Adventurer
Player  has played Adventurer
Player  has played Adventurer
Player  has played Adventurer
Player  has played Adventurer
Player  has played Adventurer
Player  has played Adventurer
Player  has played Adventurer
Player  has played Adventurer
Player  has played Adventurer
Player  has played Adventurer
Player  has played Adventurer
Player  has played Adventurer
Player  has played Adventurer
Player  has played Adventurer
Player  has played Adventurer
Player  has played Adventurer
Player  has played Adventurer
Player  has played Adventurer
Player  has played Adventurer
Player  has played Adventurer
Player  has played Adventurer
Player  has played Adventurer
Player  has played Adventurer
Player  has played Adventurer
Player  has played Adventurer
Player  has played Adventurer
Player  has played Adventurer
Player  has played Adventurer
Player  has played Adventurer
Player  has played Adventurer
Player  has played Adventurer
Player  has played Adventurer
Player  has played Adventurer
Player  has played Adventurer
Player  has played Adventurer
Player  has played Adventurer
Player  has played Adventurer
Player  has played Adventurer
Player  has played Adventurer
Player  has played Adventurer
Player  has played Adventurer
Player  has played Adventurer
Player  has played Adventurer
Player  has played Adventurer
Player  has played Adventurer
Player  has played Adventurer
Player  has played Adventurer
Player  has played Adventurer
Player  has played Adventurer
Player  has played Adventurer
Player  has played Adventurer
Player  has played Adventurer
Player  has played Adventurer
Player  has played Adventurer
Player  has played Adventurer
Player  has played Adventurer
Player  has played Adventurer
Player  has played Adventurer
Player  has played Adventurer
Player  has played Adventurer
Player  has played Adventurer
Player  has played Adventurer
Player  has played Adventurer
Player  has played Adventurer
Player  has played Adventurer
Player  has played Adventurer
Player  has played Adventurer
Player  has played Adventurer
Player  has played Adventurer
Player  has played Adventurer
Player  has played Adventurer
Player  has played Adventurer
Player  has played Adventurer
Player  has played Adventurer
Player  has played Adventurer
Player  has played Adventurer
Player  has played Adventurer
Player  has played Adventurer
Player  has played Adventurer
Player  has played Adventurer
Player  has played Adventurer
Player  has played Adventurer
Player  has played Adventurer
Player  has played Adventurer
Player  has played Adventurer
Player  has played Adventurer
Player  has played Adventurer
Player  has played Adventurer
Player  has played Adventurer
Player  has played Adventurer
Player  has played Adventurer
Player  has played Adventurer
Player  has played Adventurer
Player  has played Adventurer
Player  has played Adventurer
Player  has played Adventurer
Player  has played Adventurer
Player  has played Adventurer
Player  has played Adventurer
Player  has played Adventurer
Player  has played Adventurer
Player  has played Adventurer
Player  has played Adventurer
Player  has played Adventurer
Player  has played Adventurer
Player  has played Adventurer
Player  has played Adventurer
Player  has played Adventurer
Player  has played Adventurer
Player  has played Adventurer
Player  has played Adventurer
Player  has played Adventurer
Player  has played Adventurer
Player  has played Adventurer
Player  has played Adventurer
Player  has played Adventurer
Player  has played Adventurer
Player  has played Adventurer
Player  has played Adventurer
Player  has played Adventurer
Player  has played Adventurer
Player  has played Adventurer
Player  has played Adventurer
Player  has played Adventurer
Player  has played Adventurer
Player  has played Adventurer
Player  has played Adventurer
Player  has played Adventurer
Player  has played Adventurer
Player  has played Adventurer
Player  has played Adventurer
Player  has played Adventurer
Player  has played Adventurer
Player  has played Adventurer
Player  has played Adventurer
Player  has played Adventurer
Player  has played Adventurer
Player  has played Adventurer
Player  has played Adventurer
Player  has played Adventurer
Player  has played Adventurer
Player  has played Adventurer
Player  has played Adventurer
Player  has played Adventurer
Player  has played Adventurer
Player  has played Adventurer
Player  has played Adventurer
Player  has played Adventurer
Player  has played Adventurer
Player  has played Adventurer
Player  has played Adventurer
Player  has played Adventurer
Player  has played Adventurer
Player  has played Adventurer
Player  has played Adventurer
Player  has played Adventurer
Player  has played Adventurer
Player  has played Adventurer
Player  has played Adventurer
Player  has played Adventurer
Player  has played Adventurer
Player  has played Adventurer
Player  has played Adventurer
Player  has played Adventurer
Player  has played Adventurer
Player  has played Adventurer
Player  has played Adventurer
Player  has played Adventurer
Player  has played Adventurer
Player  has played Adventurer
Player  has played Adventurer
Player  has played Adventurer
Player  has played Adventurer
Player  has played Adventurer
Player  has played Adventurer
Player  has played Adventurer
Player  has played Adventurer
Player  has played Adventurer
Player  has played Adventurer
Player  has played Adventurer
Player  has played Adventurer
Player  has played Adventurer
Player  has played Adventurer
Player  has played Adventurer
Player  has played Adventurer
Player  has played Adventurer
Player  has played Adventurer
Player  has played Adventurer
Player  has played Adventurer
Player  has played Adventurer
Player  has played Adventurer
Player  has played Adventurer
Player  has played Adventurer
Player  has played Adventurer
Player  has played Adventurer
Player  has played Adventurer
Player  has played Adventurer
Player  has played Adventurer
Player  has played Adventurer
Player  has played Adventurer
Player  has played Adventurer
Player  has played Adventurer
Player  has played Adventurer
Player  has played Adventurer
Player  has played Adventurer
Player  has played Adventurer
Player  has played Adventurer
Player  has played Adventurer
Player  has played Adventurer
Player  has played Adventurer
Player  has played Adventurer
Player  has played Adventurer
Player  has played Adventurer
Player  has played Adventurer
Player  has played Adventurer
Player  has played Adventurer
Player  has played Adventurer
Player  has played Adventurer
Player  has played Adventurer
Player  has played Adventurer
Player  has played Adventurer
Player  has played Adventurer
Player  has played Adventurer
Player  has played Adventurer
Player  has played Adventurer
Player  has played Adventurer
Player  has played Adventurer
Player  has played Adventurer
Player  has played Adventurer
Player  has played Adventurer
Player  has played Adventurer
Player  has played Adventurer
Player  has played Adventurer
Player  has played Adventurer
Player  has played Adventurer
Player  has played Adventurer
Player  has played Adventurer
Player  has played Adventurer
Player  has played Adventurer
Player  has played Adventurer
Player  has played Adventurer
Player  has played Adventurer
Player  has played Adventurer
Player  has played Adventurer
Player  has played Adventurer
Player  has played Adventurer
Player  has played Adventurer
Player  has played Adventurer
Player  has played Adventurer
Player  has played Adventurer
Player  has played Adventurer
Player  has played Adventurer
Player  has played Adventurer
Player  has played Adventurer
Player  has played Adventurer
Player  has played Adventurer
Player  has played Adventurer
Player  has played Adventurer
Player  has played Adventurer
Player  has played Adventurer
Player  has played Adventurer
Player  has played Adventurer
Player  has played Adventurer
Player  has played Adventurer
Player  has played Adventurer
Player  has played Adventurer
Player  has played Adventurer
Player  has played Adventurer
Player  has played Adventurer
Player  has played Adventurer
Player  has played Adventurer
Player  has played Adventurer
Player  has played Adventurer
Player  has played Adventurer
Player  has played Adventurer
Player  has played Adventurer
Player  has played Adventurer
Player  has played Adventurer
Player  has played Adventurer
Player  has played Adventurer
Player  has played Adventurer
Player  has played Adventurer
Player  has played Adventurer
Player  has played Adventurer
Player  has played Adventurer
Player  has played Adventurer
Player  has played Adventurer
Player  has played Adventurer
Player  has played Adventurer
Player  has played Adventurer
Player  has played Adventurer
Player  has played Adventurer
Player  has played Adventurer
Player  has played Adventurer
Player  has played Adventurer
Player  has played Adventurer
Player  has played Adventurer
Player  has played Adventurer
Player  has played Adventurer
Player  has played Adventurer
Player  has played Adventurer
Player  has played Adventurer
Player  has played Adventurer
Player  has played Adventurer
Player  has played Adventurer
Player  has played Adventurer
Player  has played Adventurer
Player  has played Adventurer
Player  has played Adventurer
Player  has played Adventurer
Player  has played Adventurer
Player  has played Adventurer
Player  has played Adventurer
Player  has played Adventurer
Player  has played Adventurer
Player  has played Adventurer
Player  has played Adventurer
Player  has played Adventurer
Player  has played Adventurer
Player  has played Adventurer
Player  has played Adventurer
Player  has played Adventurer
Player  has played Adventurer
Player  has played Adventurer
Player  has played Adventurer
Player  has played Adventurer
Player  has played Adventurer
Player  has played Adventurer
Player  has played Adventurer
Player  has played Adventurer
Player  has played Adventurer
Player  has played Adventurer
Player  has played Adventurer
Player  has played Adventurer
Player  has played Adventurer
Player  has played Adventurer
Player  has played Adventurer
Player  has played Adventurer
Player  has played Adventurer
Player  has played Adventurer
Player  has played Adventurer
Player  has played Adventurer
Player  has played Adventurer
Player  has played Adventurer
Player  has played Adventurer
Player  has played Adventurer
Player  has played Adventurer
Player  has played Adventurer
Player  has played Adventurer
Player  has played Adventurer
Player  has played Adventurer
Player  has played Adventurer
Player  has played Adventurer
Player  has played Adventurer
Player  has played Adventurer
Player  has played Adventurer
Player  has played Adventurer
Player  has played Adventurer
Player  has played Adventurer
Player  has played Adventurer
Player  has played Adventurer
Player  has played Adventurer
Player  has played Adventurer
Player  has played Adventurer
Player  has played Adventurer
Player  has played Adventurer
Player  has played Adventurer
Player  has played Adventurer
Player  has played Adventurer
Player  has played Adventurer
Player  has played Adventurer
Player  has played Adventurer
Player  has played Adventurer
Player  has played Adventurer
Player  has played Adventurer
Player  has played Adventurer
Player  has played Adventurer
Player  has played Adventurer
Player  has played Adventurer
Player  has played Adventurer
Player  has played Adventurer
Player  has played Adventurer
Player  has played Adventurer
Player  has played Adventurer
Player  has played Adventurer
Player  has played Adventurer
Player  has played Adventurer
Player  has played Adventurer
Player  has played Adventurer
Player  has played Adventurer
Player  has played Adventurer
Player  has played Adventurer
Player  has played Adventurer
Player  has played Adventurer
Player  has played Adventurer
Player  has played Adventurer
Player  has played Adventurer
Player  has played Adventurer
Player  has played Adventurer
Player  has played Adventurer
Player  has played Adventurer
Player  has played Adventurer
Player  has played Adventurer
Player  has played Adventurer
Player  has played Adventurer
Player  has played Adventurer
Player  has played Adventurer
Player  has played Adventurer
Player  has played Adventurer
Player  has played Adventurer
Player  has played Adventurer
Player  has played Adventurer
Player  has played Adventurer
Player  has played Adventurer
Player  has played Adventurer
Player  has played Adventurer
Player  has played Adventurer
Player  has played Adventurer
Player  has played Adventurer
Player  has played Adventurer
Player  has played Adventurer
Player  has played Adventurer
Player  has played Adventurer
Player  has played Adventurer
Player  has played Adventurer
Player  has played Adventurer
Player  has played Adventurer
Player  has played Adventurer
Player  has played Adventurer
Player  has played Adventurer
Player  has played Adventurer
Player  has played Adventurer
Player  has played Adventurer
Player  has played Adventurer
Player  has played Adventurer
Player  has played Adventurer
Player  has played Adventurer
Player  has played Adventurer
Player  has played Adventurer
Player  has played Adventurer
Player  has played Adventurer
Player  has played Adventurer
Player  has played Adventurer
Player  has played Adventurer
Player  has played Adventurer
Player  has played Adventurer
Player  has played Adventurer
Player  has played Adventurer
Player  has played Adventurer
Player  has played Adventurer
Player  has played Adventurer
Player  has played Adventurer
Player  has played Adventurer
Player  has played Adventurer
Player  has played Adventurer
Player  has played Adventurer
Player  has played Adventurer
Player  has played Adventurer
Player  has played Adventurer
Player  has played Adventurer
Player  has played Adventurer
Player  has played Adventurer
Player  has played Adventurer
Player  has played Adventurer
Player  has played Adventurer
Player  has played Adventurer
Player  has played Adventurer
Player  has played Adventurer
Player  has played Adventurer
Player  has played Adventurer
Player  has played Adventurer
Player  has played Adventurer
Player  has played Adventurer
Player  has played Adventurer
Player  has played Adventurer
Player  has played Adventurer
Player  has played Adventurer
Player  has played Adventurer
Player  has played Adventurer
Player  has played Adventurer
Player  has played Adventurer
Player  has played Adventurer
Player  has played Adventurer
Player  has played Adventurer
Player  has played Adventurer
Player  has played Adventurer
Player  has played Adventurer
Player  has played Adventurer
Player  has played Adventurer
Player  has played Adventurer
Player  has played Adventurer
Player  has played Adventurer
Player  has played Adventurer
Player  has played Adventurer
Player  has played Adventurer
Player  has played Adventurer
Player  has played Adventurer
Player  has played Adventurer
Player  has played Adventurer
Player  has played Adventurer
Player  has played Adventurer
Player  has played Adventurer
Player  has played Adventurer
Player  has played Adventurer
Player  has played Adventurer
Player  has played Adventurer
Player  has played Adventurer
Player  has played Adventurer
Player  has played Adventurer
Player  has played Adventurer
Player  has played Adventurer
Player  has played Adventurer
Player  has played Adventurer
Player  has played Adventurer
Player  has played Adventurer
Player  has played Adventurer
Player  has played Adventurer
Player  has played Adventurer
Player  has played Adventurer
Player  has played Adventurer
Player  has played Adventurer
Player  has played Adventurer
Player  has played Adventurer
Player  has played Adventurer
Player  has played Adventurer
Player  has played Adventurer
Player  has played Adventurer
Player  has played Adventurer
Player  has played Adventurer
Player  has played Adventurer
Player  has played Adventurer
Player  has played Adventurer
Player  has played Adventurer
Player  has played Adventurer
Player  has played Adventurer
Player  has played Adventurer
Player  has played Adventurer
Player  has played Adventurer
Player  has played Adventurer
Player  has played Adventurer
Player  has played Adventurer
Player  has played Adventurer
Player  has played Adventurer
Player  has played Adventurer
Player  has played Adventurer
Player  has played Adventurer
Player  has played Adventurer
Player  has played Adventurer
Player  has played Adventurer
Player  has played Adventurer
Player  has played Adventurer
Player  has played Adventurer
Player  has played Adventurer
Player  has played Adventurer
Player  has played Adventurer
Player  has played Adventurer
Player  has played Adventurer
Player  has played Adventurer
Player  has played Adventurer
Player  has played Adventurer
Player  has played Adventurer
Player  has played Adventurer
Player  has played Adventurer
Player  has played Adventurer
Player  has played Adventurer
Player  has played Adventurer
Player  has played Adventurer
Player  has played Adventurer
Player  has played Adventurer
Player  has played Adventurer
Player  has played Adventurer
Player  has played Adventurer
Player  has played Adventurer
Player  has played Adventurer
Player  has played Adventurer
Player  has played Adventurer
Player  has played Adventurer
Player  has played Adventurer
Player  has played Adventurer
Player  has played Adventurer
Player  has played Adventurer
Player  has played Adventurer
Player  has played Adventurer
Player  has played Adventurer
Player  has played Adventurer
Player  has played Adventurer
Player  has played Adventurer
Player  has played Adventurer
Player  has played Adventurer
Player  has played Adventurer
Player  has played Adventurer
Player  has played Adventurer
Player  has played Adventurer
Player  has played Adventurer
Player  has played Adventurer
Player  has played Adventurer
Player  has played Adventurer
Player  has played Adventurer
Player  has played Adventurer
Player  has played Adventurer
Player  has played Adventurer
Player  has played Adventurer
Player  has played Adventurer
Player  has played Adventurer
Player  has played Adventurer
Player  has played Adventurer
Player  has played Adventurer
Player  has played Adventurer
Player  has played Adventurer
Player  has played Adventurer
Player  has played Adventurer
Player  has played Adventurer
Player  has played Adventurer
Player  has played Adventurer
Player  has played Adventurer
Player  has played Adventurer
Player  has played Adventurer
Player  has played Adventurer
Player  has played Adventurer
Player  has played Adventurer
Player  has played Adventurer
Player  has played Adventurer
Player  has played Adventurer
Player  has played Adventurer
Player  has played Adventurer
Player  has played Adventurer
Player  has played Adventurer
Player  has played Adventurer
Player  has played Adventurer
Player  has played Adventurer
Player  has played Adventurer
Player  has played Adventurer
Player  has played Adventurer
Player  has played Adventurer
Player  has played Adventurer
Player  has played Adventurer
Player  has played Adventurer
Player  has played Adventurer
Player  has played Adventurer
Player  has played Adventurer
Player  has played Adventurer
Player  has played Adventurer
Player  has played Adventurer
Player  has played Adventurer
Player  has played Adventurer
Player  has played Adventurer
Player  has played Adventurer
Player  has played Adventurer
Player  has played Adventurer
Player  has played Adventurer
Player  has played Adventurer
Player  has played Adventurer
Player  has played Adventurer
Player  has played Adventurer
Player  has played Adventurer
Player  has played Adventurer
Player  has played Adventurer
Player  has played Adventurer
Player  has played Adventurer
Player  has played Adventurer
Player  has played Adventurer
Player  has played Adventurer
Player  has played Adventurer
Player  has played Adventurer
Player  has played Adventurer
Player  has played Adventurer
Player  has played Adventurer
Player  has played Adventurer
Player  has played Adventurer
Player  has played Adventurer
Player  has played Adventurer
Player  has played Adventurer
Player  has played Adventurer
Player  has played Adventurer
Player  has played Adventurer
Player  has played Adventurer
Player  has played Adventurer
Player  has played Adventurer
Player  has played Adventurer
Player  has played Adventurer
Player  has played Adventurer
Player  has played Adventurer
Player  has played Adventurer
Player  has played Adventurer
Player  has played Adventurer
Player  has played Adventurer
Player  has played Adventurer
Player  has played Adventurer
Player  has played Adventurer
Player  has played Adventurer
Player  has played Adventurer
Player  has played Adventurer
Player  has played Adventurer
Player  has played Adventurer
Player  has played Adventurer
Player  has played Adventurer
Player  has played Adventurer
Player  has played Adventurer
Player  has played Adventurer
Player  has played Adventurer
Player  has played Adventurer
Player  has played Adventurer
Player  has played Adventurer
Player  has played Adventurer
Player  has played Adventurer
Player  has played Adventurer
Player  has played Adventurer
Player  has played Adventurer
Player  has played Adventurer
Player  has played Adventurer
Player  has played Adventurer
Player  has played Adventurer
Player  has played Adventurer
Player  has played Adventurer
Player  has played Adventurer
Player  has played Adventurer
Player  has played Adventurer
Player  has played Adventurer
Player  has played Adventurer
Player  has played Adventurer
Player  has played Adventurer
Player  has played Adventurer
Player  has played Adventurer
Player  has played Adventurer
Player  has played Adventurer
Player  has played Adventurer
Player  has played Adventurer
Player  has played Adventurer
Player  has played Adventurer
Player  has played Adventurer
Player  has played Adventurer
Player  has played Adventurer
Player  has played Adventurer
Player  has played Adventurer
Player  has played Adventurer
Player  has played Adventurer
Player  has played Adventurer
Player  has played Adventurer
Player  has played Adventurer
Player  has played Adventurer
Player  has played Adventurer
Player  has played Adventurer
Player  has played Adventurer
Player  has played Adventurer
Player  has played Adventurer
Player  has played Adventurer
Player  has played Adventurer
Player  has played Adventurer
Player  has played Adventurer
Player  has played Adventurer
Player  has played Adventurer
Player  has played Adventurer
Player  has played Adventurer
Player  has played Adventurer
Player  has played Adventurer
Player  has played Adventurer
Player  has played Adventurer
Player  has played Adventurer
Player  has played Adventurer
Player  has played Adventurer
Player  has played Adventurer
Player  has played Adventurer
Player  has played Adventurer
Player  has played Adventurer
Player  has played Adventurer
Player  has played Adventurer
Player  has played Adventurer
Player  has played Adventurer
Player  has played Adventurer
Player  has played Adventurer
Player  has played Adventurer
Player  has played Adventurer
Player  has played Adventurer
Player  has played Adventurer
Player  has played Adventurer
Player  has played Adventurer
Player  has played Adventurer
Player  has played Adventurer
Player  has played Adventurer
Player  has played Adventurer
Player  has played Adventurer
Player  has played Adventurer
Player  has played Adventurer
Player  has played Adventurer
Player  has played Adventurer
Player  has played Adventurer
Player  has played Adventurer
Player  has played Adventurer
Player  has played Adventurer
Player  has played Adventurer
Player  has played Adventurer
Player  has played Adventurer
Player  has played Adventurer
Player  has played Adventurer
Player  has played Adventurer
Player  has played Adventurer
Player  has played Adventurer
Player  has played Adventurer
Player  has played Adventurer
Player  has played Adventurer
Player  has played Adventurer
Player  has played Adventurer
Player  has played Adventurer
Player  has played Adventurer
Player  has played Adventurer
Player  has played Adventurer
Player  has played Adventurer
Player  has played Adventurer
Player  has played Adventurer
Player  has played Adventurer
Player  has played Adventurer
Player  has played Adventurer
Player  has played Adventurer
Player  has played Adventurer
Player  has played Adventurer
Player  has played Adventurer
Player  has played Adventurer
Player  has played Adventurer
Player  has played Adventurer
Player  has played Adventurer
Player  has played Adventurer
Player  has played Adventurer
Player  has played Adventurer
Player  has played Adventurer
Player  has played Adventurer
Player  has played Adventurer
Player  has played Adventurer
Player  has played Adventurer
Player  has played Adventurer
Player  has played Adventurer
Player  has played Adventurer
Player  has played Adventurer
Player  has played Adventurer
Player  has played Adventurer
Player  has played Adventurer
Player  has played Adventurer
Player  has played Adventurer
Player  has played Adventurer
Player  has played Adventurer
Player  has played Adventurer
Player  has played Adventurer
Player  has played Adventurer
Player  has played Adventurer
Player  has played Adventurer
Player  has played Adventurer
Player  has played Adventurer
Player  has played Adventurer
Player  has played Adventurer
Player  has played Adventurer
Player  has played Adventurer
Player  has played Adventurer
Player  has played Adventurer
Player  has played Adventurer
Player  has played Adventurer
Player  has played Adventurer
Player  has played Adventurer
Player  has played Adventurer
Player  has played Adventurer
Player  has played Adventurer
Player  has played Adventurer
Player  has played Adventurer
Player  has played Adventurer
Player  has played Adventurer
Player  has played Adventurer
Player  has played Adventurer
Player  has played Adventurer
Player  has played Adventurer
Player  has played Adventurer
Player  has played Adventurer
Player  has played Adventurer
Player  has played Adventurer
Player  has played Adventurer
Player  has played Adventurer
Player  has played Adventurer
Player  has played Adventurer
Player  has played Adventurer
Player  has played Adventurer
Player  has played Adventurer
Player  has played Adventurer
Player  has played Adventurer
Player  has played Adventurer
Player  has played Adventurer
Player  has played Adventurer
Player  has played Adventurer
Player  has played Adventurer
Player  has played Adventurer
Player  has played Adventurer
Player  has played Adventurer
Player  has played Adventurer
Player  has played Adventurer
Player  has played Adventurer
Player  has played Adventurer
Player  has played Adventurer
Player  has played Adventurer
Player  has played Adventurer
Player  has played Adventurer
Player  has played Adventurer
Player  has played Adventurer
Player  has played Adventurer
Player  has played Adventurer
Player  has played Adventurer
Player  has played Adventurer
Player  has played Adventurer
Player  has played Adventurer
Player  has played Adventurer
Player  has played Adventurer
Player  has played Adventurer
Player  has played Adventurer
Player  has played Adventurer
Player  has played Adventurer
Player  has played Adventurer
Player  has played Adventurer
Player  has played Adventurer
Player  has played Adventurer
Player  has played Adventurer
Player  has played Adventurer
Player  has played Adventurer
Player  has played Adventurer
Player  has played Adventurer
Player  has played Adventurer
Player  has played Adventurer
Player  has played Adventurer
Player  has played Adventurer
Player  has played Adventurer
Player  has played Adventurer
Player  has played Adventurer
Player  has played Adventurer
Player  has played Adventurer
Player  has played Adventurer
Player  has played Adventurer
Player  has played Adventurer
Player  has played Adventurer
Player  has played Adventurer
Player  has played Adventurer
Player  has played Adventurer
Player  has played Adventurer
Player  has played Adventurer
Player  has played Adventurer
Player  has played Adventurer
Player  has played Adventurer
Player  has played Adventurer
Player  has played Adventurer
Player  has played Adventurer
Player  has played Adventurer
Player  has played Adventurer
Player  has played Adventurer
Player  has played Adventurer
Player  has played Adventurer
Player  has played Adventurer
Player  has played Adventurer
Player  has played Adventurer
Player  has played Adventurer
Player  has played Adventurer
Player  has played Adventurer
Player  has played Adventurer
Player  has played Adventurer
Player  has played Adventurer
Player  has played Adventurer
Player  has played Adventurer
Player  has played Adventurer
Player  has played Adventurer
Player  has played Adventurer
Player  has played Adventurer
Player  has played Adventurer
Player  has played Adventurer
Player  has played Adventurer
Player  has played Adventurer
Player  has played Adventurer
Player  has played Adventurer
Player  has played Adventurer
Player  has played Adventurer
Player  has played Adventurer
Player  has played Adventurer
Player  has played Adventurer
Player  has played Adventurer
Player  has played Adventurer
Player  has played Adventurer
Player  has played Adventurer
Player  has played Adventurer
Player  has played Adventurer
Player  has played Adventurer
Player  has played Adventurer
Player  has played Adventurer
Player  has played Adventurer
Player  has played Adventurer
Player  has played Adventurer
Player  has played Adventurer
Player  has played Adventurer
Player  has played Adventurer
Player  has played Adventurer
Player  has played Adventurer
Player  has played Adventurer
Player  has played Adventurer
Player  has played Adventurer
Player  has played Adventurer
Player  has played Adventurer
Player  has played Adventurer
Player  has played Adventurer
Player  has played Adventurer
Player  has played Adventurer
Player  has played Adventurer
Player  has played Adventurer
Player  has played Adventurer
Player  has played Adventurer
Player  has played Adventurer
Player  has played Adventurer
Player  has played Adventurer
Player  has played Adventurer
Player  has played Adventurer
Player  has played Adventurer
Player  has played Adventurer
Player  has played Adventurer
Player  has played Adventurer
Player  has played Adventurer
Player  has played Adventurer
Player  has played Adventurer
Player  has played Adventurer
Player  has played Adventurer
Player  has played Adventurer
Player  has played Adventurer
Player  has played Adventurer
Player  has played Adventurer
Player  has played Adventurer
Player  has played Adventurer
Player  has played Adventurer
Player  has played Adventurer
Player  has played Adventurer
Player  has played Adventurer
Player  has played Adventurer
Player  has played Adventurer
Player  has played Adventurer
Player  has played Adventurer
Player  has played Adventurer
Player  has played Adventurer
Player  has played Adventurer
Player  has played Adventurer
Player  has played Adventurer
Player  has played Adventurer
Player  has played Adventurer
Player  has played Adventurer
Player  has played Adventurer
Player  has played Adventurer
Player  has played Adventurer
Player  has played Adventurer
Player  has played Adventurer
Player  has played Adventurer
Player  has played Adventurer
Player  has played Adventurer
Player  has played Adventurer
Player  has played Adventurer
Player  has played Adventurer
Player  has played Adventurer
Player  has played Adventurer
Player  has played Adventurer
Player  has played Adventurer
Player  has played Adventurer
Player  has played Adventurer
Player  has played Adventurer
Player  has played Adventurer
Player  has played Adventurer
Player  has played Adventurer
Player  has played Adventurer
Player  has played Adventurer
Player  has played Adventurer
Player  has played Adventurer
Player  has played Adventurer
Player  has played Adventurer
Player  has played Adventurer
Player  has played Adventurer
Player  has played Adventurer
Player  has played Adventurer
Player  has played Adventurer
Player  has played Adventurer
Player  has played Adventurer
Player  has played Adventurer
Player  has played Adventurer
Player  has played Adventurer
Player  has played Adventurer
Player  has played Adventurer
Player  has played Adventurer
Player  has played Adventurer
Player  has played Adventurer
Player  has played Adventurer
Player  has played Adventurer
Player  has played Adventurer
Player  has played Adventurer
Player  has played Adventurer
Player  has played Adventurer
Player  has played Adventurer
Player  has played Adventurer
Player  has played Adventurer
Player  has played Adventurer
Player  has played Adventurer
Player  has played Adventurer
Player  has played Adventurer
Player  has played Adventurer
Player  has played Adventurer
Player  has played Adventurer
Player  has played Adventurer
Player  has played Adventurer
Player  has played Adventurer
Player  has played Adventurer
Player  has played Adventurer
Player  has played Adventurer
Player  has played Adventurer
Player  has played Adventurer
Player  has played Adventurer
Player  has played Adventurer
Player  has played Adventurer
Player  has played Adventurer
Player  has played Adventurer
Player  has played Adventurer
Player  has played Adventurer
Player  has played Adventurer
Player  has played Adventurer
Player  has played Adventurer
Player  has played Adventurer
Player  has played Adventurer
Player  has played Adventurer
Player  has played Adventurer
Player  has played Adventurer
Player  has played Adventurer
Player  has played Adventurer
Player  has played Adventurer
Player  has played Adventurer
Player  has played Adventurer
Player  has played Adventurer
Player  has played Adventurer
Player  has played Adventurer
Player  has played Adventurer
Player  has played Adventurer
Player  has played Adventurer
Player  has played Adventurer
Player  has played Adventurer
Player  has played Adventurer
Player  has played Adventurer
Player  has played Adventurer
Player  has played Adventurer
Player  has played Adventurer
Player  has played Adventurer
Player  has played Adventurer
Player  has played Adventurer
Player  has played Adventurer
Player  has played Adventurer
Player  has played Adventurer
Player  has played Adventurer
Player  has played Adventurer
Player  has played Adventurer
Player  has played Adventurer
Player  has played Adventurer
Player  has played Adventurer
Player  has played Adventurer
Player  has played Adventurer
Player  has played Adventurer
Player  has played Adventurer
Player  has played Adventurer
Player  has played Adventurer
Player  has played Adventurer
Player  has played Adventurer
Player  has played Adventurer
Player  has played Adventurer
Player  has played Adventurer
Player  has played Adventurer
Player  has played Adventurer
Player  has played Adventurer
Player  has played Adventurer
Player  has played Adventurer
Player  has played Adventurer
Player  has played Adventurer
Player  has played Adventurer
Player  has played Adventurer
Player  has played Adventurer
Player  has played Adventurer
Player  has played Adventurer
Player  has played Adventurer
Player  has played Adventurer
Player  has played Adventurer
Player  has played Adventurer
Player  has played Adventurer
Player  has played Adventurer
Player  has played Adventurer
Player  has played Adventurer
Player  has played Adventurer
Player  has played Adventurer
Player  has played Adventurer
Player  has played Adventurer
Player  has played Adventurer
Player  has played Adventurer
Player  has played Adventurer
Player  has played Adventurer
Player  has played Adventurer
Player  has played Adventurer
Player  has played Adventurer
Player  has played Adventurer
Player  has played Adventurer
Player  has played Adventurer
Player  has played Adventurer
Player  has played Adventurer
Player  has played Adventurer
Player  has played Adventurer
Player  has played Adventurer
Player  has played Adventurer
Player  has played Adventurer
Player  has played Adventurer
Player  has played Adventurer
Player  has played Adventurer
Player  has played Adventurer
Player  has played Adventurer
Player  has played Adventurer
Player  has played Adventurer
Player  has played Adventurer
Player  has played Adventurer
Player  has played Adventurer
Player  has played Adventurer
Player  has played Adventurer
Player  has played Adventurer
Player  has played Adventurer
Player  has played Adventurer
Player  has played Adventurer
Player  has played Adventurer
Player  has played Adventurer
Player  has played Adventurer
Player  has played Adventurer
Player  has played Adventurer
Player  has played Adventurer
Player  has played Adventurer
Player  has played Adventurer
Player  has played Adventurer
Player  has played Adventurer
Player  has played Adventurer
Player  has played Adventurer
Player  has played Adventurer
Player  has played Adventurer
Player  has played Adventurer
Player  has played Adventurer
Player  has played Adventurer
Player  has played Adventurer
Player  has played Adventurer
Player  has played Adventurer
Player  has played Adventurer
Player  has played Adventurer
Player  has played Adventurer
Player  has played Adventurer
Player  has played Adventurer
Player  has played Adventurer
Player  has played Adventurer
Player  has played Adventurer
Player  has played Adventurer
Player  has played Adventurer
Player  has played Adventurer
Player  has played Adventurer
Player  has played Adventurer
Player  has played Adventurer
Player  has played Adventurer
Player  has played Adventurer
Player  has played Adventurer
Player  has played Adventurer
Player  has played Adventurer
Player  has played Adventurer
Player  has played Adventurer
Player  has played Adventurer
Player  has played Adventurer
Player  has played Adventurer
Player  has played Adventurer
Player  has played Adventurer
Player  has played Adventurer
Player  has played Adventurer
Player  has played Adventurer
Player  has played Adventurer
Player  has played Adventurer
Player  has played Adventurer
Player  has played Adventurer
Player  has played Adventurer
Player  has played Adventurer
Player  has played Adventurer
Player  has played Adventurer
Player  has played Adventurer
Player  has played Adventurer
Player  has played Adventurer
Player  has played Adventurer
Player  has played Adventurer
Player  has played Adventurer
Player  has played Adventurer
Player  has played Adventurer
Player  has played Adventurer
Player  has played Adventurer
Player  has played Adventurer
Player  has played Adventurer
Player  has played Adventurer
Player  has played Adventurer
Player  has played Adventurer
Player  has played Adventurer
Player  has played Adventurer
Player  has played Adventurer
Player  has played Adventurer
Player  has played Adventurer
Player  has played Adventurer
Player  has played Adventurer
Player  has played Adventurer
Player  has played Adventurer
Player  has played Adventurer
Player  has played Adventurer
Player  has played Adventurer
Player  has played Adventurer
Player  has played Adventurer
Player  has played Adventurer
Player  has played Adventurer
Player  has played Adventurer
Player  has played Adventurer
Player  has played Adventurer
Player  has played Adventurer
Player  has played Adventurer
Player  has played Adventurer
Player  has played Adventurer
Player  has played Adventurer
Player  has played Adventurer
Player  has played Adventurer
Player  has played Adventurer
Player  has played Adventurer
Player  has played Adventurer
Player  has played Adventurer
Player  has played Adventurer
Player  has played Adventurer
Player  has played Adventurer
Player  has played Adventurer
Player  has played Adventurer
Player  has played Adventurer
Player  has played Adventurer
Player  has played Adventurer
Player  has played Adventurer
Player  has played Adventurer
Player  has played Adventurer
Player  has played Adventurer
Player  has played Adventurer
Player  has played Adventurer
Player  has played Adventurer
Player  has played Adventurer
Player  has played Adventurer
Player  has played Adventurer
Player  has played Adventurer
Player  has played Adventurer
Player  has played Adventurer
Player  has played Adventurer
Player  has played Adventurer
Player  has played Adventurer
Player  has played Adventurer
Player  has played Adventurer
Player  has played Adventurer
Player  has played Adventurer
Player  has played Adventurer
Player  has played Adventurer
Player  has played Adventurer
Player  has played Adventurer
Player  has played Adventurer
Player  has played Adventurer
Player  has played Adventurer
Player  has played Adventurer
Player  has played Adventurer
Player  has played Adventurer
Player  has played Adventurer
Player  has played Adventurer
Player  has played Adventurer
Player  has played Adventurer
Player  has played Adventurer
Player  has played Adventurer
Player  has played Adventurer
Player  has played Adventurer
Player  has played Adventurer
Player  has played Adventurer
Player  has played Adventurer
Player  has played Adventurer
Player  has played Adventurer
Player  has played Adventurer
Player  has played Adventurer
Player  has played Adventurer
Player  has played Adventurer
Player  has played Adventurer
Player  has played Adventurer
Player  has played Adventurer
Player  has played Adventurer
Player  has played Adventurer
Player  has played Adventurer
Player  has played Adventurer
Player  has played Adventurer
Player  has played Adventurer
Player  has played Adventurer
Player  has played Adventurer
Player  has played Adventurer
Player  has played Adventurer
Player  has played Adventurer
Player  has played Adventurer
Player  has played Adventurer
Player  has played Adventurer
Player  has played Adventurer
Player  has played Adventurer
Player  has played Adventurer
Player  has played Adventurer
Player  has played Adventurer
Player  has played Adventurer
Player  has played Adventurer
Player  has played Adventurer
Player  has played Adventurer
Player  has played Adventurer
Player  has played Adventurer
Player  has played Adventurer
Player  has played Adventurer
Player  has played Adventurer
Player  has played Adventurer
Player  has played Adventurer
Player  has played Adventurer
Player  has played Adventurer
Player  has played Adventurer
Player  has played Adventurer
Player  has played Adventurer
Player  has played Adventurer
Player  has played Adventurer
Player  has played Adventurer
Player  has played Adventurer
Player  has played Adventurer
Player  has played Adventurer
Player  has played Adventurer
Player  has played Adventurer
Player  has played Adventurer
Player  has played Adventurer
Player  has played Adventurer
Player  has played Adventurer
Player  has played Adventurer
Player  has played Adventurer
Player  has played Adventurer
Player  has played Adventurer
Player  has played Adventurer
Player  has played Adventurer
Player  has played Adventurer
Player  has played Adventurer
Player  has played Adventurer
Player  has played Adventurer
Player  has played Adventurer
Player  has played Adventurer
Player  has played Adventurer
Player  has played Adventurer
Player  has played Adventurer
Player  has played Adventurer
Player  has played Adventurer
Player  has played Adventurer
Player  has played Adventurer
Player  has played Adventurer
Player  has played Adventurer
Player  has played Adventurer
Player  has played Adventurer
Player  has played Adventurer
Player  has played Adventurer
Player  has played Adventurer
Player  has played Adventurer
Player  has played Adventurer
Player  has played Adventurer
Player  has played Adventurer
Player  has played Adventurer
Player  has played Adventurer
Player  has played Adventurer
Player  has played Adventurer
Player  has played Adventurer
Player  has played Adventurer
Player  has played Adventurer
Player  has played Adventurer
Player  has played Adventurer
Player  has played Adventurer
Player  has played Adventurer
Player  has played Adventurer
Player  has played Adventurer
Player  has played Adventurer
Player  has played Adventurer
Player  has played Adventurer
Player  has played Adventurer
Player  has played Adventurer
Player  has played Adventurer
Player  has played Adventurer
Player  has played Adventurer
Player  has played Adventurer
Player  has played Adventurer
Player  has played Adventurer
Player  has played Adventurer
Player  has played Adventurer
Player  has played Adventurer
Player  has played Adventurer
Player  has played Adventurer
Player  has played Adventurer
Player  has played Adventurer
Player  has played Adventurer
Player  has played Adventurer
Player  has played Adventurer
Player  has played Adventurer
Player  has played Adventurer
Player  has played Adventurer
Player  has played Adventurer
Player  has played Adventurer
Player  has played Adventurer
Player  has played Adventurer
Player  has played Adventurer
Player  has played Adventurer
Player  has played Adventurer
Player  has played Adventurer
Player  has played Adventurer
Player  has played Adventurer
Player  has played Adventurer
Player  has played Adventurer
Player  has played Adventurer
Player  has played Adventurer
Player  has played Adventurer
Player  has played Adventurer
Player  has played Adventurer
Player  has played Adventurer
Player  has played Adventurer
Player  has played Adventurer
Player  has played Adventurer
Player  has played Adventurer
Player  has played Adventurer
Player  has played Adventurer
Player  has played Adventurer
Player  has played Adventurer
Player  has played Adventurer
Player  has played Adventurer
Player  has played Adventurer
Player  has played Adventurer
Player  has played Adventurer
Player  has played Adventurer
Player  has played Adventurer
Player  has played Adventurer
Player  has played Adventurer
Player  has played Adventurer
Player  has played Adventurer
Player  has played Adventurer
Player  has played Adventurer
Player  has played Adventurer
Player  has played Adventurer
Player  has played Adventurer
Player  has played Adventurer
Player  has played Adventurer
Player  has played Adventurer
Player  has played Adventurer
Player  has played Adventurer
Player  has played Adventurer
Player  has played Adventurer
Player  has played Adventurer
Player  has played Adventurer
Player  has played Adventurer
Player  has played Adventurer
Player  has played Adventurer
Player  has played Adventurer
Player  has played Adventurer
Player  has played Adventurer
Player  has played Adventurer
Player  has played Adventurer
Player  has played Adventurer
Player  has played Adventurer
Player  has played Adventurer
Player  has played Adventurer
Player  has played Adventurer
Player  has played Adventurer
Player  has played Adventurer
Player  has played Adventurer
Player  has played Adventurer
Player  has played Adventurer
Player  has played Adventurer
Player  has played Adventurer
Player  has played Adventurer
Player  has played Adventurer
Player  has played Adventurer
Player  has played Adventurer
Player  has played Adventurer
Player  has played Adventurer
Player  has played Adventurer
Player  has played Adventurer
Player  has played Adventurer
Player  has played Adventurer
Player  has played Adventurer
Player  has played Adventurer
Player  has played Adventurer
Player  has played Adventurer
Player  has played Adventurer
Player  has played Adventurer
Player  has played Adventurer
Player  has played Adventurer
Player  has played Adventurer
Player  has played Adventurer
Player  has played Adventurer
Player  has played Adventurer
Player  has played Adventurer
Player  has played Adventurer
Player  has played Adventurer
Player  has played Adventurer
Player  has played Adventurer
Player  has played Adventurer
Player  has played Adventurer
Player  has played Adventurer
Player  has played Adventurer
Player  has played Adventurer
Player  has played Adventurer
Player  has played Adventurer
Player  has played Adventurer
Player  has played Adventurer
Player  has played Adventurer
Player  has played Adventurer
Player  has played Adventurer
Player  has played Adventurer
Player  has played Adventurer
Player  has played Adventurer
Player  has played Adventurer
Player  has played Adventurer
Player  has played Adventurer
Player  has played Adventurer
Player  has played Adventurer
Player  has played Adventurer
Player  has played Adventurer
Player  has played Adventurer
Player  has played Adventurer
Player  has played Adventurer
Player  has played Adventurer
Player  has played Adventurer
Player  has played Adventurer
Player  has played Adventurer
Player  has played Adventurer
Player  has played Adventurer
Player  has played Adventurer
Player  has played Adventurer
Player  has played Adventurer
Player  has played Adventurer
Player  has played Adventurer
Player  has played Adventurer
Player  has played Adventurer
Player  has played Adventurer
Player  has played Adventurer
Player  has played Adventurer
Player  has played Adventurer
Player  has played Adventurer
Player  has played Adventurer
Player  has played Adventurer
Player  has played Adventurer
Player  has played Adventurer
Player  has played Adventurer
Player  has played Adventurer
Player  has played Adventurer
Player  has played Adventurer
Player  has played Adventurer
Player  has played Adventurer
Player  has played Adventurer
Player  has played Adventurer
Player  has played Adventurer
Player  has played Adventurer
Player  has played Adventurer
Player  has played Adventurer
Player  has played Adventurer
Player  has played Adventurer
Player  has played Adventurer
Player  has played Adventurer
Player  has played Adventurer
Player  has played Adventurer
Player  has played Adventurer
Player  has played Adventurer
Player  has played Adventurer
Player  has played Adventurer
Player  has played Adventurer
Player  has played Adventurer
Player  has played Adventurer
Player  has played Adventurer
Player  has played Adventurer
Player  has played Adventurer
Player  has played Adventurer
Player  has played Adventurer
Player  has played Adventurer
Player  has played Adventurer
Player  has played Adventurer
Player  has played Adventurer
Player  has played Adventurer
Player  has played Adventurer
Player  has played Adventurer
Player  has played Adventurer
Player  has played Adventurer
Player  has played Adventurer
Player  has played Adventurer
Player  has played Adventurer
Player  has played Adventurer
Player  has played Adventurer
Player  has played Adventurer
Player  has played Adventurer
Player  has played Adventurer
Player  has played Adventurer
Player  has played Adventurer
Player  has played Adventurer
Player  has played Adventurer
Player  has played Adventurer
Player  has played Adventurer
Player  has played Adventurer
Player  has played Adventurer
Player  has played Adventurer
Player  has played Adventurer
Player  has played Adventurer
Player  has played Adventurer
Player  has played Adventurer
Player  has played Adventurer
Player  has played Adventurer
Player  has played Adventurer
Player  has played Adventurer
Player  has played Adventurer
Player  has played Adventurer
Player  has played Adventurer
Player  has played Adventurer
Player  has played Adventurer
Player  has played Adventurer
Player  has played Adventurer
Player  has played Adventurer
Player  has played Adventurer
Player  has played Adventurer
Player  has played Adventurer
Player  has played Adventurer
Player  has played Adventurer
Player  has played Adventurer
Player  has played Adventurer
Player  has played Adventurer
Player  has played Adventurer
Player  has played Adventurer
Player  has played Adventurer
Player  has played Adventurer
Player  has played Adventurer
Player  has played Adventurer
Player  has played Adventurer
Player  has played Adventurer
Player  has played Adventurer
Player  has played Adventurer
Player  has played Adventurer
Player  has played Adventurer
Player  has played Adventurer
Player  has played Adventurer
Player  has played Adventurer
Player  has played Adventurer
Player  has played Adventurer
Player  has played Adventurer
Player  has played Adventurer
Player  has played Adventurer
Player  has played Adventurer
Player  has played Adventurer
Player  has played Adventurer
Player  has played Adventurer
Player  has played Adventurer
Player  has played Adventurer
Player  has played Adventurer
Player  has played Adventurer
Player  has played Adventurer
Player  has played Adventurer
Player  has played Adventurer
Player  has played Adventurer
Player  has played Adventurer
Player  has played Adventurer
Player  has played Adventurer
Player  has played Adventurer
Player  has played Adventurer
Player  has played Adventurer
Player  has played Adventurer
Player  has played Adventurer
Player  has played Adventurer
Player  has played Adventurer
Player  has played Adventurer
Player  has played Adventurer
Player  has played Adventurer
Player  has played Adventurer
Player  has played Adventurer
Player  has played Adventurer
Player  has played Adventurer
Player  has played Adventurer
Player  has played Adventurer
Player  has played Adventurer
Player  has played Adventurer
Player  has played Adventurer
Player  has played Adventurer
Player  has played Adventurer
Player  has played Adventurer
Player  has played Adventurer
Player  has played Adventurer
Player  has played Adventurer
Player  has played Adventurer
Player  has played Adventurer
Player  has played Adventurer
Player  has played Adventurer
Player  has played Adventurer
Player  has played Adventurer
Player  has played Adventurer
Player  has played Adventurer
Player  has played Adventurer
Player  has played Adventurer
Player  has played Adventurer
Player  has played Adventurer
Player  has played Adventurer
Player  has played Adventurer
Player  has played Adventurer
Player  has played Adventurer
Player  has played Adventurer
Player  has played Adventurer
Player  has played Adventurer
Player  has played Adventurer
Player  has played Adventurer
Player  has played Adventurer
Player  has played Adventurer
Player  has played Adventurer
Player  has played Adventurer
Player  has played Adventurer
Player  has played Adventurer
Player  has played Adventurer
Player  has played Adventurer
Player  has played Adventurer
Player  has played Adventurer
Player  has played Adventurer
Player  has played Adventurer
Player  has played Adventurer
Player  has played Adventurer
Player  has played Adventurer
Player  has played Adventurer
Player  has played Adventurer
Player  has played Adventurer
Player  has played Adventurer
Player  has played Adventurer
Player  has played Adventurer
Player  has played Adventurer
Player  has played Adventurer
Player  has played Adventurer
Player  has played Adventurer
Player  has played Adventurer
Player  has played Adventurer
Player  has played Adventurer
Player  has played Adventurer
Player  has played Adventurer
Player  has played Adventurer
Player  has played Adventurer
Player  has played Adventurer
Player  has played Adventurer
Player  has played Adventurer
Player  has played Adventurer
Player  has played Adventurer
Player  has played Adventurer
Player  has played Adventurer
Player  has played Adventurer
Player  has played Adventurer
Player  has played Adventurer
Player  has played Adventurer
Player  has played Adventurer
Player  has played Adventurer
Player  has played Adventurer
Player  has played Adventurer
Player  has played Adventurer
Player  has played Adventurer
Player  has played Adventurer
Player  has played Adventurer
Player  has played Adventurer
Player  has played Adventurer
Player  has played Adventurer
Player  has played Adventurer
Player  has played Adventurer
Player  has played Adventurer
Player  has played Adventurer
Player  has played Adventurer
Player  has played Adventurer
Player  has played Adventurer
Player  has played Adventurer
Player  has played Adventurer
Player  has played Adventurer
Player  has played Adventurer
Player  has played Adventurer
Player  has played Adventurer
Player  has played Adventurer
Player  has played Adventurer
Player  has played Adventurer
Player  has played Adventurer
Player  has played Adventurer
Player  has played Adventurer
Player  has played Adventurer
Player  has played Adventurer
Player  has played Adventurer
Player  has played Adventurer
Player  has played Adventurer
Player  has played Adventurer
Player  has played Adventurer
Player  has played Adventurer
Player  has played Adventurer
Player  has played Adventurer
Player  has played Adventurer
Player  has played Adventurer
Player  has played Adventurer
Player  has played Adventurer
Player  has played Adventurer
Player  has played Adventurer
Player  has played Adventurer
Player  has played Adventurer
Player  has played Adventurer
Player  has played Adventurer
Player  has played Adventurer
Player  has played Adventurer
Player  has played Adventurer
Player  has played Adventurer
Player  has played Adventurer
Player  has played Adventurer
Player  has played Adventurer
Player  has played Adventurer
Player  has played Adventurer
Player  has played Adventurer
Player  has played Adventurer
Player  has played Adventurer
Player  has played Adventurer
Player  has played Adventurer
Player  has played Adventurer
Player  has played Adventurer
Player  has played Adventurer
Player  has played Adventurer
Player  has played Adventurer
Player  has played Adventurer
Player  has played Adventurer
Player  has played Adventurer
Player  has played Adventurer
Player  has played Adventurer
Player  has played Adventurer
Player  has played Adventurer
Player  has played Adventurer
Player  has played Adventurer
Player  has played Adventurer
Player  has played Adventurer
Player  has played Adventurer
Player  has played Adventurer
Player  has played Adventurer
Player  has played Adventurer
Player  has played Adventurer
Player  has played Adventurer
Player  has played Adventurer
Player  has played Adventurer
Player  has played Adventurer
Player  has played Adventurer
Player  has played Adventurer
Player  has played Adventurer
Player  has played Adventurer
Player  has played Adventurer
Player  has played Adventurer
Player  has played Adventurer
Player  has played Adventurer
Player  has played Adventurer
Player  has played Adventurer
Player  has played Adventurer
Player  has played Adventurer
Player  has played Adventurer
Player  has played Adventurer
Player  has played Adventurer
Player  has played Adventurer
Player  has played Adventurer
Player  has played Adventurer
Player  has played Adventurer
Player  has played Adventurer
Player  has played Adventurer
Player  has played Adventurer
Player  has played Adventurer
Player  has played Adventurer
Player  has played Adventurer
Player  has played Adventurer
Player  has played Adventurer
Player  has played Adventurer
Player  has played Adventurer
Player  has played Adventurer
Player  has played Adventurer
Player  has played Adventurer
Player  has played Adventurer
Player  has played Adventurer
Player  has played Adventurer
Player  has played Adventurer
Player  has played Adventurer
Player  has played Adventurer
Player  has played Adventurer
Player  has played Adventurer
Player  has played Adventurer
Player  has played Adventurer
Player  has played Adventurer
Player  has played Adventurer
Player  has played Adventurer
Player  has played Adventurer
Player  has played Adventurer
Player  has played Adventurer
Player  has played Adventurer
Player  has played Adventurer
Player  has played Adventurer
Player  has played Adventurer
Player  has played Adventurer
Player  has played Adventurer
Player  has played Adventurer
Player  has played Adventurer
Player  has played Adventurer
Player  has played Adventurer
Player  has played Adventurer
Player  has played Adventurer
Player  has played Adventurer
Player  has played Adventurer
Player  has played Adventurer
Player  has played Adventurer
Player  has played Adventurer
Player  has played Adventurer
Player  has played Adventurer
Player  has played Adventurer
Player  has played Adventurer
Player  has played Adventurer
Player  has played Adventurer
Player  has played Adventurer
Player  has played Adventurer
Player  has played Adventurer
Player  has played Adventurer
Player  has played Adventurer
Player  has played Adventurer
Player  has played Adventurer
Player  has played Adventurer
Player  has played Adventurer
Player  has played Adventurer
Player  has played Adventurer
Player  has played Adventurer
Player  has played Adventurer
Player  has played Adventurer
Player  has played Adventurer
Player  has played Adventurer
Player  has played Adventurer
Player  has played Adventurer
Player  has played Adventurer
Player  has played Adventurer
Player  has played Adventurer
Player  has played Adventurer
Player  has played Adventurer
Player  has played Adventurer
Player  has played Adventurer
Player  has played Adventurer
Player  has played Adventurer
Player  has played Adventurer
Player  has played Adventurer
Player  has played Adventurer
Player  has played Adventurer
Player  has played Adventurer
Player  has played Adventurer
Player  has played Adventurer
Player  has played Adventurer
Player  has played Adventurer
Player  has played Adventurer
Player  has played Adventurer
Player  has played Adventurer
Player  has played Adventurer
Player  has played Adventurer
Player  has played Adventurer
Player  has played Adventurer
Player  has played Adventurer
Player  has played Adventurer
Player  has played Adventurer
Player  has played Adventurer
Player  has played Adventurer
Player  has played Adventurer
Player  has played Adventurer
Player  has played Adventurer
Player  has played Adventurer
Player  has played Adventurer
Player  has played Adventurer
Player  has played Adventurer
Player  has played Adventurer
Player  has played Adventurer
Player  has played Adventurer
Player  has played Adventurer
Player  has played Adventurer
Player  has played Adventurer
Player  has played Adventurer
Player  has played Adventurer
Player  has played Adventurer
Player  has played Adventurer
Player  has played Adventurer
Player  has played Adventurer
Player  has played Adventurer
Player  has played Adventurer
Player  has played Adventurer
Player  has played Adventurer
Player  has played Adventurer
Player  has played Adventurer
Player  has played Adventurer
Player  has played Adventurer
Player  has played Adventurer
Player  has played Adventurer
Player  has played Adventurer
Player  has played Adventurer
Player  has played Adventurer
Player  has played Adventurer
Player  has played Adventurer
Player  has played Adventurer
Player  has played Adventurer
Player  has played Adventurer
Player  has played Adventurer
Player  has played Adventurer
Player  has played Adventurer
Player  has played Adventurer
Player  has played Adventurer
Player  has played Adventurer
Player  has played Adventurer
Player  has played Adventurer
Player  has played Adventurer
Player  has played Adventurer
Player  has played Adventurer
Player  has played Adventurer
Player  has played Adventurer
Player  has played Adventurer
Player  has played Adventurer
Player  has played Adventurer
Player  has played Adventurer
Player  has played Adventurer
Player  has played Adventurer
Player  has played Adventurer
Player  has played Adventurer
Player  has played Adventurer
Player  has played Adventurer
Player  has played Adventurer
Player  has played Adventurer
Player  has played Adventurer
Player  has played Adventurer
Player  has played Adventurer
Player  has played Adventurer
Player  has played Adventurer
Player  has played Adventurer
Player  has played Adventurer
Player  has played Adventurer
Player  has played Adventurer
Player  has played Adventurer
Player  has played Adventurer
Player  has played Adventurer
Player  has played Adventurer
Player  has played Adventurer
Player  has played Adventurer
Player  has played Adventurer
Player  has played Adventurer
Player  has played Adventurer
Player  has played Adventurer
Player  has played Adventurer
Player  has played Adventurer
Player  has played Adventurer
Player  has played Adventurer
Player  has played Adventurer
Player  has played Adventurer
Player  has played Adventurer
Player  has played Adventurer
Player  has played Adventurer
Player  has played Adventurer
Player  has played Adventurer
Player  has played Adventurer
Player  has played Adventurer
Player  has played Adventurer
Player  has played Adventurer
Player  has played Adventurer
Player  has played Adventurer
Player  has played Adventurer
Player  has played Adventurer
Player  has played Adventurer
Player  has played Adventurer
Player  has played Adventurer
Player  has played Adventurer
Player  has played Adventurer
Player  has played Adventurer
Player  has played Adventurer
Player  has played Adventurer
Player  has played Adventurer
Player  has played Adventurer
Player  has played Adventurer
Player  has played Adventurer
Player  has played Adventurer
Player  has played Adventurer
Player  has played Adventurer
Player  has played Adventurer
Player  has played Adventurer
Player  has played Adventurer
Player  has played Adventurer
Player  has played Adventurer
Player  has played Adventurer
Player  has played Adventurer
Player  has played Adventurer
Player  has played Adventurer
Player  has played Adventurer
Player  has played Adventurer
Player  has played Adventurer
Player  has played Adventurer
Player  has played Adventurer
Player  has played Adventurer
Player  has played Adventurer
Player  has played Adventurer
Player  has played Adventurer
Player  has played Adventurer
Player  has played Adventurer
Player  has played Adventurer
Player  has played Adventurer
Player  has played Adventurer
Player  has played Adventurer
Player  has played Adventurer
Player  has played Adventurer
Player  has played Adventurer
Player  has played Adventurer
Player  has played Adventurer
Player  has played Adventurer
Player  has played Adventurer
Player  has played Adventurer
Player  has played Adventurer
Player  has played Adventurer
Player  has played Adventurer
Player  has played Adventurer
Player  has played Adventurer
Player  has played Adventurer
Player  has played Adventurer
Player  has played Adventurer
Player  has played Adventurer
Player  has played Adventurer
Player  has played Adventurer
Player  has played Adventurer
Player  has played Adventurer
Player  has played Adventurer
Player  has played Adventurer
Player  has played Adventurer
Player  has played Adventurer
Player  has played Adventurer
Player  has played Adventurer
Player  has played Adventurer
Player  has played Adventurer
Player  has played Adventurer
Player  has played Adventurer
Player  has played Adventurer
Player  has played Adventurer
Player  has played Adventurer
Player  has played Adventurer
Player  has played Adventurer
Player  has played Adventurer
Player  has played Adventurer
Player  has played Adventurer
Player  has played Adventurer
Player  has played Adventurer
Player  has played Adventurer
Player  has played Adventurer
Player  has played Adventurer
Player  has played Adventurer
Player  has played Adventurer
Player  has played Adventurer
Player  has played Adventurer
Player  has played Adventurer
Player  has played Adventurer
Player  has played Adventurer
Player  has played Adventurer
Player  has played Adventurer
Player  has played Adventurer
Player  has played Adventurer
Player  has played Adventurer
Player  has played Adventurer
Player  has played Adventurer
Player  has played Adventurer
Player  has played Adventurer
Player  has played Adventurer
Player  has played Adventurer
Player  has played Adventurer
Player  has played Adventurer
Player  has played Adventurer
Player  has played Adventurer
Player  has played Adventurer
Player  has played Adventurer
Player  has played Adventurer
Player  has played Adventurer
Player  has played Adventurer
Player  has played Adventurer
Player  has played Adventurer
Player  has played Adventurer
Player  has played Adventurer
Player  has played Adventurer
Player  has played Adventurer
Player  has played Adventurer
Player  has played Adventurer
Player  has played Adventurer
Player  has played Adventurer
Player  has played Adventurer
Player  has played Adventurer
Player  has played Adventurer
Player  has played Adventurer
Player  has played Adventurer
Player  has played Adventurer
Player  has played Adventurer
Player  has played Adventurer
Player  has played Adventurer
Player  has played Adventurer
Player  has played Adventurer
Player  has played Adventurer
Player  has played Adventurer
Player  has played Adventurer
Player  has played Adventurer
Player  has played Adventurer
Player  has played Adventurer
Player  has played Adventurer
Player  has played Adventurer
Player  has played Adventurer
Player  has played Adventurer
Player  has played Adventurer
Player  has played Adventurer
Player  has played Adventurer
Player  has played Adventurer
Player  has played Adventurer
Player  has played Adventurer
Player  has played Adventurer
Player  has played Adventurer
Player  has played Adventurer
Player  has played Adventurer
Player  has played Adventurer
Player  has played Adventurer
Player  has played Adventurer
Player  has played Adventurer
Player  has played Adventurer
Player  has played Adventurer
Player  has played Adventurer
Player  has played Adventurer
Player  has played Adventurer
Player  has played Adventurer
Player  has played Adventurer
Player  has played Adventurer
Player  has played Adventurer
Player  has played Adventurer
Player  has played Adventurer
Player  has played Adventurer
Player  has played Adventurer
Player  has played Adventurer
Player  has played Adventurer
Player  has played Adventurer
Player  has played Adventurer
Player  has played Adventurer
Player  has played Adventurer
Player  has played Adventurer
Player  has played Adventurer
Player  has played Adventurer
Player  has played Adventurer
Player  has played Adventurer
Player  has played Adventurer
Player  has played Adventurer
Player  has played Adventurer
Player  has played Adventurer
Player  has played Adventurer
Player  has played Adventurer
Player  has played Adventurer
Player  has played Adventurer
Player  has played Adventurer
Player  has played Adventurer
Player  has played Adventurer
Player  has played Adventurer
Player  has played Adventurer
Player  has played Adventurer
Player  has played Adventurer
Player  has played Adventurer
Player  has played Adventurer
Player  has played Adventurer
Player  has played Adventurer
Player  has played Adventurer
Player  has played Adventurer
Player  has played Adventurer
Player  has played Adventurer
Player  has played Adventurer
Player  has played Adventurer
Player  has played Adventurer
Player  has played Adventurer
Player  has played Adventurer
Player  has played Adventurer
Player  has played Adventurer
Player  has played Adventurer
Player  has played Adventurer
Player  has played Adventurer
Player  has played Adventurer
Player  has played Adventurer
Player  has played Adventurer
Player  has played Adventurer
Player  has played Adventurer
Player  has played Adventurer
Player  has played Adventurer
Player  has played Adventurer
Player  has played Adventurer
Player  has played Adventurer
Player  has played Adventurer
Player  has played Adventurer
Player  has played Adventurer
Player  has played Adventurer
Player  has played Adventurer
Player  has played Adventurer
Player  has played Adventurer
Player  has played Adventurer
Player  has played Adventurer
Player  has played Adventurer
Player  has played Adventurer
Player  has played Adventurer
Player  has played Adventurer
Player  has played Adventurer
Player  has played Adventurer
Player  has played Adventurer
Player  has played Adventurer
Player  has played Adventurer
Player  has played Adventurer
Player  has played Adventurer
Player  has played Adventurer
Player  has played Adventurer
Player  has played Adventurer
Player  has played Adventurer
Player  has played Adventurer
Player  has played Adventurer
Player  has played Adventurer
Player  has played Adventurer
Player  has played Adventurer
Player  has played Adventurer
Player  has played Adventurer
Player  has played Adventurer
Player  has played Adventurer
Player  has played Adventurer
Player  has played Adventurer
Player  has played Adventurer
Player  has played Adventurer
Player  has played Adventurer
Player  has played Adventurer
Player  has played Adventurer
Player  has played Adventurer
Player  has played Adventurer
Player  has played Adventurer
Player  has played Adventurer
Player  has played Adventurer
Player  has played Adventurer
Player  has played Adventurer
Player  has played Adventurer
Player  has played Adventurer
Player  has played Adventurer
Player  has played Adventurer
Player  has played Adventurer
Player  has played Adventurer
Player  has played Adventurer
Player  has played Adventurer
Player  has played Adventurer
Player  has played Adventurer
Player  has played Adventurer
Player  has played Adventurer
Player  has played Adventurer
Player  has played Adventurer
Player  has played Adventurer
Player  has played Adventurer
Player  has played Adventurer
Player  has played Adventurer
Player  has played Adventurer
Player  has played Adventurer
Player  has played Adventurer
Player  has played Adventurer
Player  has played Adventurer
Player  has played Adventurer
Player  has played Adventurer
Player  has played Adventurer
Player  has played Adventurer
Player  has played Adventurer
Player  has played Adventurer
Player  has played Adventurer
Player  has played Adventurer
Player  has played Adventurer
Player  has played Adventurer
Player  has played Adventurer
Player  has played Adventurer
Player  has played Adventurer
Player  has played Adventurer
Player  has played Adventurer
Player  has played Adventurer
Player  has played Adventurer
Player  has played Adventurer
Player  has played Adventurer
Player  has played Adventurer
Player  has played Adventurer
Player  has played Adventurer
Player  has played Adventurer
Player  has played Adventurer
Player  has played Adventurer
Player  has played Adventurer
Player  has played Adventurer
Player  has played Adventurer
Player  has played Adventurer
Player  has played Adventurer
Player  has played Adventurer
Player  has played Adventurer
Player  has played Adventurer
Player  has played Adventurer
Player  has played Adventurer
Player  has played Adventurer
Player  has played Adventurer
Player  has played Adventurer
Player  has played Adventurer
Player  has played Adventurer
Player  has played Adventurer
Player  has played Adventurer
Player  has played Adventurer
Player  has played Adventurer
Player  has played Adventurer
Player  has played Adventurer
Player  has played Adventurer
Player  has played Adventurer
Player  has played Adventurer
Player  has played Adventurer
Player  has played Adventurer
Player  has played Adventurer
Player  has played Adventurer
Player  has played Adventurer
Player  has played Adventurer
Player  has played Adventurer
Player  has played Adventurer
[DEBUG] __STATIC_RESET() method does not exists in class ORG.CS362.DOMINION.Card$CardName
[DEBUG] __STATIC_RESET() method does not exists in class ORG.CS362.DOMINION.Card$Type
[DEBUG] __STATIC_RESET() method does not exists in class ORG.CS362.DOMINION.Randomness
[DEBUG] __STATIC_RESET() method does not exists in class ORG.CS362.DOMINION.Card
]]></system-out>
  </testcase>
  <testcase name="test12" classname="ORG.CS362.DOMINION.Player_ESTest" time="0"/>
  <testcase name="test11" classname="ORG.CS362.DOMINION.Player_ESTest" time="0.001"/>
  <testcase name="test33" classname="ORG.CS362.DOMINION.Player_ESTest" time="0"/>
  <testcase name="test10" classname="ORG.CS362.DOMINION.Player_ESTest" time="0"/>
  <testcase name="test32" classname="ORG.CS362.DOMINION.Player_ESTest" time="0.001">
    <error type="java.lang.NullPointerException:">java.lang.NullPointerException: null
	at ORG.CS362.DOMINION.Card.play(Card.java:142)
	at ORG.CS362.DOMINION.Player.playKingdomCard(Player.java:116)
	at ORG.CS362.DOMINION.Player_ESTest.test32(Player_ESTest.java:451)
</error>
    <system-out><![CDATA[ --- --------------------------- --- 
endTurn 
 --- --------------------------- --- 
Player:   discards  	Gold-TREASURE 		 Cost: 6 		 Score: 0 	Treasure Value: 3
Player:   discards  	Copper-TREASURE 		 Cost: 0 		 Score: 0 	Treasure Value: 1
Player:   discards  	Duchy-VICTORY 		 Cost: 5 		 Score: 1 	Treasure Value: 0
Player:   discards  	Adventurer-ACTION 		 Cost: 6 		 Score: 0 	Treasure Value: 0
Player:   discards  	Village-ACTION 		 Cost: 3 		 Score: 0 	Treasure Value: 0
Player:   discards  	Baron-ACTION 		 Cost: 4 		 Score: 0 	Treasure Value: 0
Player:   discards  	Cutpurse-ACTION 		 Cost: 4 		 Score: 0 	Treasure Value: 0
Player:   discards  	Feast-ACTION 		 Cost: 4 		 Score: 0 	Treasure Value: 0
Player:   discards  	Great_Hall-ACTION 		 Cost: 3 		 Score: 0 	Treasure Value: 0
Player:   discards  	Cellar-ACTION 		 Cost: 5 		 Score: 0 	Treasure Value: 0
reshuffle the deck of the player  to draw FIVE cards
draw  	Gold-TREASURE 		 Cost: 6 		 Score: 0 	Treasure Value: 3
draw  	Duchy-VICTORY 		 Cost: 5 		 Score: 1 	Treasure Value: 0
draw  	Village-ACTION 		 Cost: 3 		 Score: 0 	Treasure Value: 0
draw  	Copper-TREASURE 		 Cost: 0 		 Score: 0 	Treasure Value: 1
draw  	Great_Hall-ACTION 		 Cost: 3 		 Score: 0 	Treasure Value: 0
Player  has played Smithy
[DEBUG] __STATIC_RESET() method does not exists in class ORG.CS362.DOMINION.Card$CardName
[DEBUG] __STATIC_RESET() method does not exists in class ORG.CS362.DOMINION.Card$Type
[DEBUG] __STATIC_RESET() method does not exists in class ORG.CS362.DOMINION.Randomness
[DEBUG] __STATIC_RESET() method does not exists in class ORG.CS362.DOMINION.Card
]]></system-out>
  </testcase>
  <testcase name="test31" classname="ORG.CS362.DOMINION.Player_ESTest" time="0"/>
  <testcase name="test19" classname="ORG.CS362.DOMINION.Player_ESTest" time="0">
    <error message="bound must be positive" type="java.lang.IllegalArgumentException">java.lang.IllegalArgumentException: bound must be positive
	at java.util.Random.nextInt(Random.java:388)
	at ORG.CS362.DOMINION.Player.buyCard(Player.java:169)
	at ORG.CS362.DOMINION.Player_ESTest.test19(Player_ESTest.java:289)
</error>
    <system-out><![CDATA[ --- --------------------------- --- 
buyCard 
 --- --------------------------- --- 
[DEBUG] __STATIC_RESET() method does not exists in class ORG.CS362.DOMINION.Card$CardName
[DEBUG] __STATIC_RESET() method does not exists in class ORG.CS362.DOMINION.Card$Type
[DEBUG] __STATIC_RESET() method does not exists in class ORG.CS362.DOMINION.Randomness
[DEBUG] __STATIC_RESET() method does not exists in class ORG.CS362.DOMINION.Card
]]></system-out>
  </testcase>
  <testcase name="test18" classname="ORG.CS362.DOMINION.Player_ESTest" time="0"/>
  <testcase name="test17" classname="ORG.CS362.DOMINION.Player_ESTest" time="0.001"/>
  <testcase name="test30" classname="ORG.CS362.DOMINION.Player_ESTest" time="0"/>
  <testcase name="test05" classname="ORG.CS362.DOMINION.Player_ESTest" time="0"/>
  <testcase name="test27" classname="ORG.CS362.DOMINION.Player_ESTest" time="0"/>
  <testcase name="test04" classname="ORG.CS362.DOMINION.Player_ESTest" time="0"/>
  <testcase name="test26" classname="ORG.CS362.DOMINION.Player_ESTest" time="0"/>
  <testcase name="test03" classname="ORG.CS362.DOMINION.Player_ESTest" time="0"/>
  <testcase name="test25" classname="ORG.CS362.DOMINION.Player_ESTest" time="0"/>
  <testcase name="test02" classname="ORG.CS362.DOMINION.Player_ESTest" time="0"/>
  <testcase name="test24" classname="ORG.CS362.DOMINION.Player_ESTest" time="0"/>
  <testcase name="test01" classname="ORG.CS362.DOMINION.Player_ESTest" time="0"/>
  <testcase name="test23" classname="ORG.CS362.DOMINION.Player_ESTest" time="0.003"/>
  <testcase name="test00" classname="ORG.CS362.DOMINION.Player_ESTest" time="0"/>
  <testcase name="test22" classname="ORG.CS362.DOMINION.Player_ESTest" time="0"/>
  <testcase name="test21" classname="ORG.CS362.DOMINION.Player_ESTest" time="0"/>
  <testcase name="test20" classname="ORG.CS362.DOMINION.Player_ESTest" time="0.001"/>
  <testcase name="test09" classname="ORG.CS362.DOMINION.Player_ESTest" time="0"/>
  <testcase name="test08" classname="ORG.CS362.DOMINION.Player_ESTest" time="0"/>
  <testcase name="test07" classname="ORG.CS362.DOMINION.Player_ESTest" time="0"/>
  <testcase name="test29" classname="ORG.CS362.DOMINION.Player_ESTest" time="0"/>
  <testcase name="test06" classname="ORG.CS362.DOMINION.Player_ESTest" time="0"/>
  <testcase name="test28" classname="ORG.CS362.DOMINION.Player_ESTest" time="0"/>
</testsuite>