<?xml version="1.0" encoding="UTF-8"?>
<testsuite name="ORG.CS362.DOMINION.Randomness_ESTest" time="0.001" tests="12" errors="5" skipped="0" failures="0">
  <properties>
[...]
</properties>
  <testcase name="test01" classname="ORG.CS362.DOMINION.Randomness_ESTest" time="0.001">
    <error message="bound must be positive" type="java.lang.IllegalArgumentException">java.lang.IllegalArgumentException: bound must be positive
	at java.util.Random.nextInt(Random.java:388)
	at ORG.CS362.DOMINION.Randomness.nextRandomInt(Randomness.java:34)
	at ORG.CS362.DOMINION.Randomness_ESTest.test01(Randomness_ESTest.java:35)
</error>
    <system-out><![CDATA[[DEBUG] Adding privileged thread: "Reference Handler"
[DEBUG] Adding privileged thread: "Finalizer"
[DEBUG] Adding privileged thread: "Signal Dispatcher"
[DEBUG] Adding privileged thread: "Attach Listener"
[DEBUG] Adding privileged thread: "Java2D Disposer"
[DEBUG] Adding privileged thread: "AWT-Shutdown"
[DEBUG] Adding privileged thread: "AWT-Windows"
[DEBUG] Adding privileged thread: "main"
[ERROR] Class ORG.CS362.DOMINION.Randomness was not instrumented by EvoSuite. This could happen if you are running JUnit tests in a way that is not handled by EvoSuite, in which some classes are loaded be reflection before the tests are run. Consult the EvoSuite documentation for possible workarounds for this issue.
[DEBUG] __STATIC_RESET() method does not exists in class ORG.CS362.DOMINION.Randomness
]]></system-out>
  </testcase>
  <testcase name="test00" classname="ORG.CS362.DOMINION.Randomness_ESTest" time="0"/>
  <testcase name="test11" classname="ORG.CS362.DOMINION.Randomness_ESTest" time="0"/>
  <testcase name="test10" classname="ORG.CS362.DOMINION.Randomness_ESTest" time="0"/>
  <testcase name="test05" classname="ORG.CS362.DOMINION.Randomness_ESTest" time="0"/>
  <testcase name="test04" classname="ORG.CS362.DOMINION.Randomness_ESTest" time="0"/>
  <testcase name="test03" classname="ORG.CS362.DOMINION.Randomness_ESTest" time="0"/>
  <testcase name="test02" classname="ORG.CS362.DOMINION.Randomness_ESTest" time="0">
    <error type="java.lang.NullPointerException:">java.lang.NullPointerException: null
	at ORG.CS362.DOMINION.Randomness.nextRandomInt(Randomness.java:34)
	at ORG.CS362.DOMINION.Randomness_ESTest.test02(Randomness_ESTest.java:42)
</error>
    <system-out><![CDATA[[DEBUG] __STATIC_RESET() method does not exists in class ORG.CS362.DOMINION.Randomness
]]></system-out>
  </testcase>
  <testcase name="test09" classname="ORG.CS362.DOMINION.Randomness_ESTest" time="0">
    <error type="java.lang.NullPointerException:">java.lang.NullPointerException: null
	at ORG.CS362.DOMINION.Randomness.nextRandomInt(Randomness.java:34)
	at ORG.CS362.DOMINION.Randomness.randomMember(Randomness.java:39)
	at ORG.CS362.DOMINION.Randomness_ESTest.test09(Randomness_ESTest.java:139)
</error>
    <system-out><![CDATA[[DEBUG] __STATIC_RESET() method does not exists in class ORG.CS362.DOMINION.Randomness
]]></system-out>
  </testcase>
  <testcase name="test08" classname="ORG.CS362.DOMINION.Randomness_ESTest" time="0">
    <error type="java.lang.NullPointerException:">java.lang.NullPointerException: null
	at ORG.CS362.DOMINION.Randomness.nextRandomInt(Randomness.java:34)
	at ORG.CS362.DOMINION.Randomness_ESTest.test08(Randomness_ESTest.java:120)
</error>
    <system-out><![CDATA[[DEBUG] __STATIC_RESET() method does not exists in class ORG.CS362.DOMINION.Randomness
]]></system-out>
  </testcase>
  <testcase name="test07" classname="ORG.CS362.DOMINION.Randomness_ESTest" time="0"/>
  <testcase name="test06" classname="ORG.CS362.DOMINION.Randomness_ESTest" time="0">
    <error message="bound must be positive" type="java.lang.IllegalArgumentException">java.lang.IllegalArgumentException: bound must be positive
	at java.util.Random.nextInt(Random.java:388)
	at ORG.CS362.DOMINION.Randomness.nextRandomInt(Randomness.java:34)
	at ORG.CS362.DOMINION.Randomness_ESTest.test06(Randomness_ESTest.java:103)
</error>
    <system-out><![CDATA[[DEBUG] __STATIC_RESET() method does not exists in class ORG.CS362.DOMINION.Randomness
]]></system-out>
  </testcase>
</testsuite>