<?xml version="1.0" encoding="UTF-8"?>
<testsuite name="GameState_ESTest" time="0.189" tests="18" errors="18" skipped="0" failures="0">
  <properties>
[...]
</properties>
  <testcase name="test10" classname="GameState_ESTest" time="0.001">
    <error message="GameState" type="java.lang.NoClassDefFoundError">java.lang.NoClassDefFoundError: GameState
	at java.lang.ClassLoader.defineClass1(Native Method)
	at java.lang.ClassLoader.defineClass(ClassLoader.java:763)
	at java.lang.ClassLoader.defineClass(ClassLoader.java:642)
	at org.evosuite.runtime.instrumentation.EvoClassLoader.instrumentClass(EvoClassLoader.java:116)
	at org.evosuite.runtime.instrumentation.EvoClassLoader.loadClass(EvoClassLoader.java:92)
	at GameState_ESTest.test10(GameState_ESTest.java:689)
</error>
    <system-out><![CDATA[[INFO] Seeing class for first time: GameState_ESTest
[INFO] Instrumenting class 'GameState_ESTest'.
[INFO] Seeing class for first time: GameState_ESTest_scaffolding
[INFO] Instrumenting class 'GameState_ESTest_scaffolding'.
[INFO] Keeping class: GameState_ESTest_scaffolding
[INFO] Keeping class: GameState_ESTest
[DEBUG] Adding privileged thread: "Reference Handler"
[DEBUG] Adding privileged thread: "Finalizer"
[DEBUG] Adding privileged thread: "Signal Dispatcher"
[DEBUG] Adding privileged thread: "Attach Listener"
[DEBUG] Adding privileged thread: "Java2D Disposer"
[DEBUG] Adding privileged thread: "AWT-Shutdown"
[DEBUG] Adding privileged thread: "AWT-Windows"
[DEBUG] Adding privileged thread: "main"
[INFO] Seeing class for first time: Player
[INFO] Instrumenting class 'Player'.
[INFO] Adding mock interface to class Player
[INFO] Found static initializer in class Player
[INFO] No hashCode defined for: Player, superclass = java.lang.Object
[DEBUG] Going to instrument: Player
[INFO] Found static initializer in class Player
[INFO] Error while loading class: java.lang.ClassFormatError: Duplicate method name&signature in class file Player
[INFO] Seeing class for first time: Card$CardName
[INFO] Instrumenting class 'Card$CardName'.
[INFO] Adding mock interface to class Card$CardName
[INFO] Found static initializer in class Card$CardName
[INFO] No hashCode defined for: Card$CardName, superclass = java.lang.Enum
[DEBUG] Going to instrument: Card$CardName
[INFO] Found static initializer in class Card$CardName
[INFO] No hashCode defined for: Card$CardName, superclass = java.lang.Enum
[INFO] Error while loading class: java.lang.ClassFormatError: Duplicate method name&signature in class file Card$CardName
[INFO] Seeing class for first time: Card$Type
[INFO] Instrumenting class 'Card$Type'.
[INFO] Adding mock interface to class Card$Type
[INFO] Found static initializer in class Card$Type
[INFO] No hashCode defined for: Card$Type, superclass = java.lang.Enum
[DEBUG] Going to instrument: Card$Type
[INFO] Found static initializer in class Card$Type
[INFO] No hashCode defined for: Card$Type, superclass = java.lang.Enum
[INFO] Error while loading class: java.lang.ClassFormatError: Duplicate method name&signature in class file Card$Type
[INFO] Seeing class for first time: Randomness
[INFO] Instrumenting class 'Randomness'.
[INFO] Adding mock interface to class Randomness
[INFO] Found static initializer in class Randomness
[INFO] No hashCode defined for: Randomness, superclass = java.lang.Object
[DEBUG] Going to instrument: Randomness
[INFO] Found static initializer in class Randomness
[INFO] Error while loading class: java.lang.ClassFormatError: Duplicate method name&signature in class file Randomness
[ERROR] Could not initialize Randomness: Duplicate method name&signature in class file Randomness
[INFO] Seeing class for first time: GameState
[INFO] Instrumenting class 'GameState'.
[INFO] Adding mock interface to class GameState
[INFO] Found static initializer in class GameState
[INFO] No hashCode defined for: GameState, superclass = java.lang.Object
[DEBUG] Going to instrument: GameState
[INFO] Found static initializer in class GameState
[INFO] Error while loading class: java.lang.ClassFormatError: Duplicate method name&signature in class file GameState
[INFO] Seeing class for first time: Card
[INFO] Instrumenting class 'Card'.
[INFO] Adding mock interface to class Card
[INFO] Found static initializer in class Card
[INFO] No hashCode defined for: Card, superclass = java.lang.Object
[DEBUG] Going to instrument: Card
[INFO] Found static initializer in class Card
[INFO] Error while loading class: java.lang.ClassFormatError: Duplicate method name&signature in class file Card
[INFO] Seeing class for first time: GameState
[INFO] Instrumenting class 'GameState'.
[INFO] Adding mock interface to class GameState
[INFO] Found static initializer in class GameState
[INFO] No hashCode defined for: GameState, superclass = java.lang.Object
[DEBUG] Going to instrument: GameState
[INFO] Found static initializer in class GameState
[INFO] Error while loading class: java.lang.ClassFormatError: Duplicate method name&signature in class file GameState
[INFO] Seeing class for first time: Card$Type
[INFO] Instrumenting class 'Card$Type'.
[INFO] Adding mock interface to class Card$Type
[INFO] Found static initializer in class Card$Type
[INFO] No hashCode defined for: Card$Type, superclass = java.lang.Enum
[DEBUG] Going to instrument: Card$Type
[INFO] Found static initializer in class Card$Type
[INFO] No hashCode defined for: Card$Type, superclass = java.lang.Enum
[INFO] Error while loading class: java.lang.ClassFormatError: Duplicate method name&signature in class file Card$Type
[INFO] Seeing class for first time: Card$CardName
[INFO] Instrumenting class 'Card$CardName'.
[INFO] Adding mock interface to class Card$CardName
[INFO] Found static initializer in class Card$CardName
[INFO] No hashCode defined for: Card$CardName, superclass = java.lang.Enum
[DEBUG] Going to instrument: Card$CardName
[INFO] Found static initializer in class Card$CardName
[INFO] No hashCode defined for: Card$CardName, superclass = java.lang.Enum
[INFO] Error while loading class: java.lang.ClassFormatError: Duplicate method name&signature in class file Card$CardName
[INFO] Seeing class for first time: Randomness
[INFO] Instrumenting class 'Randomness'.
[INFO] Adding mock interface to class Randomness
[INFO] Found static initializer in class Randomness
[INFO] No hashCode defined for: Randomness, superclass = java.lang.Object
[DEBUG] Going to instrument: Randomness
[INFO] Found static initializer in class Randomness
[INFO] Error while loading class: java.lang.ClassFormatError: Duplicate method name&signature in class file Randomness
[WARN] class java.lang.ClassNotFoundException thrown while loading method  __STATIC_RESET() for class Randomness
]]></system-out>
  </testcase>
  <testcase name="test01" classname="GameState_ESTest" time="0.001">
    <error message="Card" type="java.lang.NoClassDefFoundError">java.lang.NoClassDefFoundError: Card
	at java.lang.ClassLoader.defineClass1(Native Method)
	at java.lang.ClassLoader.defineClass(ClassLoader.java:763)
	at java.lang.ClassLoader.defineClass(ClassLoader.java:642)
	at org.evosuite.runtime.instrumentation.EvoClassLoader.instrumentClass(EvoClassLoader.java:116)
	at org.evosuite.runtime.instrumentation.EvoClassLoader.loadClass(EvoClassLoader.java:92)
	at GameState_ESTest.test01(GameState_ESTest.java:181)
</error>
    <system-out><![CDATA[[INFO] Seeing class for first time: Card
[INFO] Instrumenting class 'Card'.
[INFO] Adding mock interface to class Card
[INFO] Found static initializer in class Card
[INFO] No hashCode defined for: Card, superclass = java.lang.Object
[DEBUG] Going to instrument: Card
[INFO] Found static initializer in class Card
[INFO] Error while loading class: java.lang.ClassFormatError: Duplicate method name&signature in class file Card
[INFO] Seeing class for first time: Card$Type
[INFO] Instrumenting class 'Card$Type'.
[INFO] Adding mock interface to class Card$Type
[INFO] Found static initializer in class Card$Type
[INFO] No hashCode defined for: Card$Type, superclass = java.lang.Enum
[DEBUG] Going to instrument: Card$Type
[INFO] Found static initializer in class Card$Type
[INFO] No hashCode defined for: Card$Type, superclass = java.lang.Enum
[INFO] Error while loading class: java.lang.ClassFormatError: Duplicate method name&signature in class file Card$Type
[INFO] Seeing class for first time: Card$CardName
[INFO] Instrumenting class 'Card$CardName'.
[INFO] Adding mock interface to class Card$CardName
[INFO] Found static initializer in class Card$CardName
[INFO] No hashCode defined for: Card$CardName, superclass = java.lang.Enum
[DEBUG] Going to instrument: Card$CardName
[INFO] Found static initializer in class Card$CardName
[INFO] No hashCode defined for: Card$CardName, superclass = java.lang.Enum
[INFO] Error while loading class: java.lang.ClassFormatError: Duplicate method name&signature in class file Card$CardName
[INFO] Seeing class for first time: Randomness
[INFO] Instrumenting class 'Randomness'.
[INFO] Adding mock interface to class Randomness
[INFO] Found static initializer in class Randomness
[INFO] No hashCode defined for: Randomness, superclass = java.lang.Object
[DEBUG] Going to instrument: Randomness
[INFO] Found static initializer in class Randomness
[INFO] Error while loading class: java.lang.ClassFormatError: Duplicate method name&signature in class file Randomness
]]></system-out>
  </testcase>
  <testcase name="test12" classname="GameState_ESTest" time="0.001">
    <error message="Card" type="java.lang.NoClassDefFoundError">java.lang.NoClassDefFoundError: Card
	at GameState_ESTest.test12(GameState_ESTest.java:823)
</error>
    <system-out><![CDATA[[INFO] Seeing class for first time: Card$Type
[INFO] Instrumenting class 'Card$Type'.
[INFO] Adding mock interface to class Card$Type
[INFO] Found static initializer in class Card$Type
[INFO] No hashCode defined for: Card$Type, superclass = java.lang.Enum
[DEBUG] Going to instrument: Card$Type
[INFO] Found static initializer in class Card$Type
[INFO] No hashCode defined for: Card$Type, superclass = java.lang.Enum
[INFO] Error while loading class: java.lang.ClassFormatError: Duplicate method name&signature in class file Card$Type
[INFO] Seeing class for first time: Card$CardName
[INFO] Instrumenting class 'Card$CardName'.
[INFO] Adding mock interface to class Card$CardName
[INFO] Found static initializer in class Card$CardName
[INFO] No hashCode defined for: Card$CardName, superclass = java.lang.Enum
[DEBUG] Going to instrument: Card$CardName
[INFO] Found static initializer in class Card$CardName
[INFO] No hashCode defined for: Card$CardName, superclass = java.lang.Enum
[INFO] Error while loading class: java.lang.ClassFormatError: Duplicate method name&signature in class file Card$CardName
[INFO] Seeing class for first time: Randomness
[INFO] Instrumenting class 'Randomness'.
[INFO] Adding mock interface to class Randomness
[INFO] Found static initializer in class Randomness
[INFO] No hashCode defined for: Randomness, superclass = java.lang.Object
[DEBUG] Going to instrument: Randomness
[INFO] Found static initializer in class Randomness
[INFO] Error while loading class: java.lang.ClassFormatError: Duplicate method name&signature in class file Randomness
]]></system-out>
  </testcase>
  <testcase name="test00" classname="GameState_ESTest" time="0.002">
    <error message="GameState" type="java.lang.NoClassDefFoundError">java.lang.NoClassDefFoundError: GameState
	at GameState_ESTest.test00(GameState_ESTest.java:94)
</error>
    <system-out><![CDATA[[INFO] Seeing class for first time: Card$Type
[INFO] Instrumenting class 'Card$Type'.
[INFO] Adding mock interface to class Card$Type
[INFO] Found static initializer in class Card$Type
[INFO] No hashCode defined for: Card$Type, superclass = java.lang.Enum
[DEBUG] Going to instrument: Card$Type
[INFO] Found static initializer in class Card$Type
[INFO] No hashCode defined for: Card$Type, superclass = java.lang.Enum
[INFO] Error while loading class: java.lang.ClassFormatError: Duplicate method name&signature in class file Card$Type
[INFO] Seeing class for first time: Card$CardName
[INFO] Instrumenting class 'Card$CardName'.
[INFO] Adding mock interface to class Card$CardName
[INFO] Found static initializer in class Card$CardName
[INFO] No hashCode defined for: Card$CardName, superclass = java.lang.Enum
[DEBUG] Going to instrument: Card$CardName
[INFO] Found static initializer in class Card$CardName
[INFO] No hashCode defined for: Card$CardName, superclass = java.lang.Enum
[INFO] Error while loading class: java.lang.ClassFormatError: Duplicate method name&signature in class file Card$CardName
[INFO] Seeing class for first time: Randomness
[INFO] Instrumenting class 'Randomness'.
[INFO] Adding mock interface to class Randomness
[INFO] Found static initializer in class Randomness
[INFO] No hashCode defined for: Randomness, superclass = java.lang.Object
[DEBUG] Going to instrument: Randomness
[INFO] Found static initializer in class Randomness
[INFO] Error while loading class: java.lang.ClassFormatError: Duplicate method name&signature in class file Randomness
]]></system-out>
  </testcase>
  <testcase name="test11" classname="GameState_ESTest" time="0.001">
    <error message="GameState" type="java.lang.NoClassDefFoundError">java.lang.NoClassDefFoundError: GameState
	at GameState_ESTest.test11(GameState_ESTest.java:764)
</error>
    <system-out><![CDATA[[INFO] Seeing class for first time: Card$Type
[INFO] Instrumenting class 'Card$Type'.
[INFO] Adding mock interface to class Card$Type
[INFO] Found static initializer in class Card$Type
[INFO] No hashCode defined for: Card$Type, superclass = java.lang.Enum
[DEBUG] Going to instrument: Card$Type
[INFO] Found static initializer in class Card$Type
[INFO] No hashCode defined for: Card$Type, superclass = java.lang.Enum
[INFO] Error while loading class: java.lang.ClassFormatError: Duplicate method name&signature in class file Card$Type
[INFO] Seeing class for first time: Card$CardName
[INFO] Instrumenting class 'Card$CardName'.
[INFO] Adding mock interface to class Card$CardName
[INFO] Found static initializer in class Card$CardName
[INFO] No hashCode defined for: Card$CardName, superclass = java.lang.Enum
[DEBUG] Going to instrument: Card$CardName
[INFO] Found static initializer in class Card$CardName
[INFO] No hashCode defined for: Card$CardName, superclass = java.lang.Enum
[INFO] Error while loading class: java.lang.ClassFormatError: Duplicate method name&signature in class file Card$CardName
[INFO] Seeing class for first time: Randomness
[INFO] Instrumenting class 'Randomness'.
[INFO] Adding mock interface to class Randomness
[INFO] Found static initializer in class Randomness
[INFO] No hashCode defined for: Randomness, superclass = java.lang.Object
[DEBUG] Going to instrument: Randomness
[INFO] Found static initializer in class Randomness
[INFO] Error while loading class: java.lang.ClassFormatError: Duplicate method name&signature in class file Randomness
]]></system-out>
  </testcase>
  <testcase name="test03" classname="GameState_ESTest" time="0">
    <error message="GameState" type="java.lang.NoClassDefFoundError">java.lang.NoClassDefFoundError: GameState
	at GameState_ESTest.test03(GameState_ESTest.java:310)
</error>
    <system-out><![CDATA[[INFO] Seeing class for first time: Card$Type
[INFO] Instrumenting class 'Card$Type'.
[INFO] Adding mock interface to class Card$Type
[INFO] Found static initializer in class Card$Type
[INFO] No hashCode defined for: Card$Type, superclass = java.lang.Enum
[DEBUG] Going to instrument: Card$Type
[INFO] Found static initializer in class Card$Type
[INFO] No hashCode defined for: Card$Type, superclass = java.lang.Enum
[INFO] Error while loading class: java.lang.ClassFormatError: Duplicate method name&signature in class file Card$Type
[INFO] Seeing class for first time: Card$CardName
[INFO] Instrumenting class 'Card$CardName'.
[INFO] Adding mock interface to class Card$CardName
[INFO] Found static initializer in class Card$CardName
[INFO] No hashCode defined for: Card$CardName, superclass = java.lang.Enum
[DEBUG] Going to instrument: Card$CardName
[INFO] Found static initializer in class Card$CardName
[INFO] No hashCode defined for: Card$CardName, superclass = java.lang.Enum
[INFO] Error while loading class: java.lang.ClassFormatError: Duplicate method name&signature in class file Card$CardName
[INFO] Seeing class for first time: Randomness
[INFO] Instrumenting class 'Randomness'.
[INFO] Adding mock interface to class Randomness
[INFO] Found static initializer in class Randomness
[INFO] No hashCode defined for: Randomness, superclass = java.lang.Object
[DEBUG] Going to instrument: Randomness
[INFO] Found static initializer in class Randomness
[INFO] Error while loading class: java.lang.ClassFormatError: Duplicate method name&signature in class file Randomness
]]></system-out>
  </testcase>
  <testcase name="test14" classname="GameState_ESTest" time="0.001">
    <error message="GameState" type="java.lang.NoClassDefFoundError">java.lang.NoClassDefFoundError: GameState
	at GameState_ESTest.test14(GameState_ESTest.java:987)
</error>
    <system-out><![CDATA[[INFO] Seeing class for first time: Card$Type
[INFO] Instrumenting class 'Card$Type'.
[INFO] Adding mock interface to class Card$Type
[INFO] Found static initializer in class Card$Type
[INFO] No hashCode defined for: Card$Type, superclass = java.lang.Enum
[DEBUG] Going to instrument: Card$Type
[INFO] Found static initializer in class Card$Type
[INFO] No hashCode defined for: Card$Type, superclass = java.lang.Enum
[INFO] Error while loading class: java.lang.ClassFormatError: Duplicate method name&signature in class file Card$Type
[INFO] Seeing class for first time: Card$CardName
[INFO] Instrumenting class 'Card$CardName'.
[INFO] Adding mock interface to class Card$CardName
[INFO] Found static initializer in class Card$CardName
[INFO] No hashCode defined for: Card$CardName, superclass = java.lang.Enum
[DEBUG] Going to instrument: Card$CardName
[INFO] Found static initializer in class Card$CardName
[INFO] No hashCode defined for: Card$CardName, superclass = java.lang.Enum
[INFO] Error while loading class: java.lang.ClassFormatError: Duplicate method name&signature in class file Card$CardName
[INFO] Seeing class for first time: Randomness
[INFO] Instrumenting class 'Randomness'.
[INFO] Adding mock interface to class Randomness
[INFO] Found static initializer in class Randomness
[INFO] No hashCode defined for: Randomness, superclass = java.lang.Object
[DEBUG] Going to instrument: Randomness
[INFO] Found static initializer in class Randomness
[INFO] Error while loading class: java.lang.ClassFormatError: Duplicate method name&signature in class file Randomness
]]></system-out>
  </testcase>
  <testcase name="test02" classname="GameState_ESTest" time="0">
    <error message="GameState" type="java.lang.NoClassDefFoundError">java.lang.NoClassDefFoundError: GameState
	at GameState_ESTest.test02(GameState_ESTest.java:269)
</error>
    <system-out><![CDATA[[INFO] Seeing class for first time: Card$Type
[INFO] Instrumenting class 'Card$Type'.
[INFO] Adding mock interface to class Card$Type
[INFO] Found static initializer in class Card$Type
[INFO] No hashCode defined for: Card$Type, superclass = java.lang.Enum
[DEBUG] Going to instrument: Card$Type
[INFO] Found static initializer in class Card$Type
[INFO] No hashCode defined for: Card$Type, superclass = java.lang.Enum
[INFO] Error while loading class: java.lang.ClassFormatError: Duplicate method name&signature in class file Card$Type
[INFO] Seeing class for first time: Card$CardName
[INFO] Instrumenting class 'Card$CardName'.
[INFO] Adding mock interface to class Card$CardName
[INFO] Found static initializer in class Card$CardName
[INFO] No hashCode defined for: Card$CardName, superclass = java.lang.Enum
[DEBUG] Going to instrument: Card$CardName
[INFO] Found static initializer in class Card$CardName
[INFO] No hashCode defined for: Card$CardName, superclass = java.lang.Enum
[INFO] Error while loading class: java.lang.ClassFormatError: Duplicate method name&signature in class file Card$CardName
[INFO] Seeing class for first time: Randomness
[INFO] Instrumenting class 'Randomness'.
[INFO] Adding mock interface to class Randomness
[INFO] Found static initializer in class Randomness
[INFO] No hashCode defined for: Randomness, superclass = java.lang.Object
[DEBUG] Going to instrument: Randomness
[INFO] Found static initializer in class Randomness
[INFO] Error while loading class: java.lang.ClassFormatError: Duplicate method name&signature in class file Randomness
]]></system-out>
  </testcase>
  <testcase name="test13" classname="GameState_ESTest" time="0.004">
    <error message="Card" type="java.lang.NoClassDefFoundError">java.lang.NoClassDefFoundError: Card
	at GameState_ESTest.test13(GameState_ESTest.java:878)
</error>
    <system-out><![CDATA[[INFO] Seeing class for first time: Card$Type
[INFO] Instrumenting class 'Card$Type'.
[INFO] Adding mock interface to class Card$Type
[INFO] Found static initializer in class Card$Type
[INFO] No hashCode defined for: Card$Type, superclass = java.lang.Enum
[DEBUG] Going to instrument: Card$Type
[INFO] Found static initializer in class Card$Type
[INFO] No hashCode defined for: Card$Type, superclass = java.lang.Enum
[INFO] Error while loading class: java.lang.ClassFormatError: Duplicate method name&signature in class file Card$Type
[INFO] Seeing class for first time: Card$CardName
[INFO] Instrumenting class 'Card$CardName'.
[INFO] Adding mock interface to class Card$CardName
[INFO] Found static initializer in class Card$CardName
[INFO] No hashCode defined for: Card$CardName, superclass = java.lang.Enum
[DEBUG] Going to instrument: Card$CardName
[INFO] Found static initializer in class Card$CardName
[INFO] No hashCode defined for: Card$CardName, superclass = java.lang.Enum
[INFO] Error while loading class: java.lang.ClassFormatError: Duplicate method name&signature in class file Card$CardName
[INFO] Seeing class for first time: Randomness
[INFO] Instrumenting class 'Randomness'.
[INFO] Adding mock interface to class Randomness
[INFO] Found static initializer in class Randomness
[INFO] No hashCode defined for: Randomness, superclass = java.lang.Object
[DEBUG] Going to instrument: Randomness
[INFO] Found static initializer in class Randomness
[INFO] Error while loading class: java.lang.ClassFormatError: Duplicate method name&signature in class file Randomness
]]></system-out>
  </testcase>
  <testcase name="test05" classname="GameState_ESTest" time="0.017">
    <error message="GameState" type="java.lang.NoClassDefFoundError">java.lang.NoClassDefFoundError: GameState
	at GameState_ESTest.test05(GameState_ESTest.java:410)
</error>
    <system-out><![CDATA[[INFO] Seeing class for first time: Card$Type
[INFO] Instrumenting class 'Card$Type'.
[INFO] Adding mock interface to class Card$Type
[INFO] Found static initializer in class Card$Type
[INFO] No hashCode defined for: Card$Type, superclass = java.lang.Enum
[DEBUG] Going to instrument: Card$Type
[INFO] Found static initializer in class Card$Type
[INFO] No hashCode defined for: Card$Type, superclass = java.lang.Enum
[INFO] Error while loading class: java.lang.ClassFormatError: Duplicate method name&signature in class file Card$Type
[INFO] Seeing class for first time: Card$CardName
[INFO] Instrumenting class 'Card$CardName'.
[INFO] Adding mock interface to class Card$CardName
[INFO] Found static initializer in class Card$CardName
[INFO] No hashCode defined for: Card$CardName, superclass = java.lang.Enum
[DEBUG] Going to instrument: Card$CardName
[INFO] Found static initializer in class Card$CardName
[INFO] No hashCode defined for: Card$CardName, superclass = java.lang.Enum
[INFO] Error while loading class: java.lang.ClassFormatError: Duplicate method name&signature in class file Card$CardName
[INFO] Seeing class for first time: Randomness
[INFO] Instrumenting class 'Randomness'.
[INFO] Adding mock interface to class Randomness
[INFO] Found static initializer in class Randomness
[INFO] No hashCode defined for: Randomness, superclass = java.lang.Object
[DEBUG] Going to instrument: Randomness
[INFO] Found static initializer in class Randomness
[INFO] Error while loading class: java.lang.ClassFormatError: Duplicate method name&signature in class file Randomness
]]></system-out>
  </testcase>
  <testcase name="test16" classname="GameState_ESTest" time="0.022">
    <error message="GameState" type="java.lang.NoClassDefFoundError">java.lang.NoClassDefFoundError: GameState
	at GameState_ESTest.test16(GameState_ESTest.java:1098)
</error>
    <system-out><![CDATA[[INFO] Seeing class for first time: Card$Type
[INFO] Instrumenting class 'Card$Type'.
[INFO] Adding mock interface to class Card$Type
[INFO] Found static initializer in class Card$Type
[INFO] No hashCode defined for: Card$Type, superclass = java.lang.Enum
[DEBUG] Going to instrument: Card$Type
[INFO] Found static initializer in class Card$Type
[INFO] No hashCode defined for: Card$Type, superclass = java.lang.Enum
[INFO] Error while loading class: java.lang.ClassFormatError: Duplicate method name&signature in class file Card$Type
[INFO] Seeing class for first time: Card$CardName
[INFO] Instrumenting class 'Card$CardName'.
[INFO] Adding mock interface to class Card$CardName
[INFO] Found static initializer in class Card$CardName
[INFO] No hashCode defined for: Card$CardName, superclass = java.lang.Enum
[DEBUG] Going to instrument: Card$CardName
[INFO] Found static initializer in class Card$CardName
[INFO] No hashCode defined for: Card$CardName, superclass = java.lang.Enum
[INFO] Error while loading class: java.lang.ClassFormatError: Duplicate method name&signature in class file Card$CardName
[INFO] Seeing class for first time: Randomness
[INFO] Instrumenting class 'Randomness'.
[INFO] Adding mock interface to class Randomness
[INFO] Found static initializer in class Randomness
[INFO] No hashCode defined for: Randomness, superclass = java.lang.Object
[DEBUG] Going to instrument: Randomness
[INFO] Found static initializer in class Randomness
[INFO] Error while loading class: java.lang.ClassFormatError: Duplicate method name&signature in class file Randomness
]]></system-out>
  </testcase>
  <testcase name="test04" classname="GameState_ESTest" time="0.011">
    <error message="GameState" type="java.lang.NoClassDefFoundError">java.lang.NoClassDefFoundError: GameState
	at GameState_ESTest.test04(GameState_ESTest.java:370)
</error>
    <system-out><![CDATA[[INFO] Seeing class for first time: Card$Type
[INFO] Instrumenting class 'Card$Type'.
[INFO] Adding mock interface to class Card$Type
[INFO] Found static initializer in class Card$Type
[INFO] No hashCode defined for: Card$Type, superclass = java.lang.Enum
[DEBUG] Going to instrument: Card$Type
[INFO] Found static initializer in class Card$Type
[INFO] No hashCode defined for: Card$Type, superclass = java.lang.Enum
[INFO] Error while loading class: java.lang.ClassFormatError: Duplicate method name&signature in class file Card$Type
[INFO] Seeing class for first time: Card$CardName
[INFO] Instrumenting class 'Card$CardName'.
[INFO] Adding mock interface to class Card$CardName
[INFO] Found static initializer in class Card$CardName
[INFO] No hashCode defined for: Card$CardName, superclass = java.lang.Enum
[DEBUG] Going to instrument: Card$CardName
[INFO] Found static initializer in class Card$CardName
[INFO] No hashCode defined for: Card$CardName, superclass = java.lang.Enum
[INFO] Error while loading class: java.lang.ClassFormatError: Duplicate method name&signature in class file Card$CardName
[INFO] Seeing class for first time: Randomness
[INFO] Instrumenting class 'Randomness'.
[INFO] Adding mock interface to class Randomness
[INFO] Found static initializer in class Randomness
[INFO] No hashCode defined for: Randomness, superclass = java.lang.Object
[DEBUG] Going to instrument: Randomness
[INFO] Found static initializer in class Randomness
[INFO] Error while loading class: java.lang.ClassFormatError: Duplicate method name&signature in class file Randomness
]]></system-out>
  </testcase>
  <testcase name="test15" classname="GameState_ESTest" time="0.016">
    <error message="GameState" type="java.lang.NoClassDefFoundError">java.lang.NoClassDefFoundError: GameState
	at GameState_ESTest.test15(GameState_ESTest.java:1043)
</error>
    <system-out><![CDATA[[INFO] Seeing class for first time: Card$Type
[INFO] Instrumenting class 'Card$Type'.
[INFO] Adding mock interface to class Card$Type
[INFO] Found static initializer in class Card$Type
[INFO] No hashCode defined for: Card$Type, superclass = java.lang.Enum
[DEBUG] Going to instrument: Card$Type
[INFO] Found static initializer in class Card$Type
[INFO] No hashCode defined for: Card$Type, superclass = java.lang.Enum
[INFO] Error while loading class: java.lang.ClassFormatError: Duplicate method name&signature in class file Card$Type
[INFO] Seeing class for first time: Card$CardName
[INFO] Instrumenting class 'Card$CardName'.
[INFO] Adding mock interface to class Card$CardName
[INFO] Found static initializer in class Card$CardName
[INFO] No hashCode defined for: Card$CardName, superclass = java.lang.Enum
[DEBUG] Going to instrument: Card$CardName
[INFO] Found static initializer in class Card$CardName
[INFO] No hashCode defined for: Card$CardName, superclass = java.lang.Enum
[INFO] Error while loading class: java.lang.ClassFormatError: Duplicate method name&signature in class file Card$CardName
[INFO] Seeing class for first time: Randomness
[INFO] Instrumenting class 'Randomness'.
[INFO] Adding mock interface to class Randomness
[INFO] Found static initializer in class Randomness
[INFO] No hashCode defined for: Randomness, superclass = java.lang.Object
[DEBUG] Going to instrument: Randomness
[INFO] Found static initializer in class Randomness
[INFO] Error while loading class: java.lang.ClassFormatError: Duplicate method name&signature in class file Randomness
]]></system-out>
  </testcase>
  <testcase name="test07" classname="GameState_ESTest" time="0.017">
    <error message="GameState" type="java.lang.NoClassDefFoundError">java.lang.NoClassDefFoundError: GameState
	at GameState_ESTest.test07(GameState_ESTest.java:536)
</error>
    <system-out><![CDATA[[INFO] Seeing class for first time: Card$Type
[INFO] Instrumenting class 'Card$Type'.
[INFO] Adding mock interface to class Card$Type
[INFO] Found static initializer in class Card$Type
[INFO] No hashCode defined for: Card$Type, superclass = java.lang.Enum
[DEBUG] Going to instrument: Card$Type
[INFO] Found static initializer in class Card$Type
[INFO] No hashCode defined for: Card$Type, superclass = java.lang.Enum
[INFO] Error while loading class: java.lang.ClassFormatError: Duplicate method name&signature in class file Card$Type
[INFO] Seeing class for first time: Card$CardName
[INFO] Instrumenting class 'Card$CardName'.
[INFO] Adding mock interface to class Card$CardName
[INFO] Found static initializer in class Card$CardName
[INFO] No hashCode defined for: Card$CardName, superclass = java.lang.Enum
[DEBUG] Going to instrument: Card$CardName
[INFO] Found static initializer in class Card$CardName
[INFO] No hashCode defined for: Card$CardName, superclass = java.lang.Enum
[INFO] Error while loading class: java.lang.ClassFormatError: Duplicate method name&signature in class file Card$CardName
[INFO] Seeing class for first time: Randomness
[INFO] Instrumenting class 'Randomness'.
[INFO] Adding mock interface to class Randomness
[INFO] Found static initializer in class Randomness
[INFO] No hashCode defined for: Randomness, superclass = java.lang.Object
[DEBUG] Going to instrument: Randomness
[INFO] Found static initializer in class Randomness
[INFO] Error while loading class: java.lang.ClassFormatError: Duplicate method name&signature in class file Randomness
]]></system-out>
  </testcase>
  <testcase name="test06" classname="GameState_ESTest" time="0.03">
    <error message="Player" type="java.lang.NoClassDefFoundError">java.lang.NoClassDefFoundError: Player
	at java.lang.ClassLoader.defineClass1(Native Method)
	at java.lang.ClassLoader.defineClass(ClassLoader.java:763)
	at java.lang.ClassLoader.defineClass(ClassLoader.java:642)
	at org.evosuite.runtime.instrumentation.EvoClassLoader.instrumentClass(EvoClassLoader.java:116)
	at org.evosuite.runtime.instrumentation.EvoClassLoader.loadClass(EvoClassLoader.java:92)
	at GameState_ESTest.test06(GameState_ESTest.java:451)
</error>
    <system-out><![CDATA[[INFO] Seeing class for first time: Player
[INFO] Instrumenting class 'Player'.
[INFO] Adding mock interface to class Player
[INFO] Found static initializer in class Player
[INFO] No hashCode defined for: Player, superclass = java.lang.Object
[DEBUG] Going to instrument: Player
[INFO] Found static initializer in class Player
[INFO] Error while loading class: java.lang.ClassFormatError: Duplicate method name&signature in class file Player
[INFO] Seeing class for first time: Card$Type
[INFO] Instrumenting class 'Card$Type'.
[INFO] Adding mock interface to class Card$Type
[INFO] Found static initializer in class Card$Type
[INFO] No hashCode defined for: Card$Type, superclass = java.lang.Enum
[DEBUG] Going to instrument: Card$Type
[INFO] Found static initializer in class Card$Type
[INFO] No hashCode defined for: Card$Type, superclass = java.lang.Enum
[INFO] Error while loading class: java.lang.ClassFormatError: Duplicate method name&signature in class file Card$Type
[INFO] Seeing class for first time: Card$CardName
[INFO] Instrumenting class 'Card$CardName'.
[INFO] Adding mock interface to class Card$CardName
[INFO] Found static initializer in class Card$CardName
[INFO] No hashCode defined for: Card$CardName, superclass = java.lang.Enum
[DEBUG] Going to instrument: Card$CardName
[INFO] Found static initializer in class Card$CardName
[INFO] No hashCode defined for: Card$CardName, superclass = java.lang.Enum
[INFO] Error while loading class: java.lang.ClassFormatError: Duplicate method name&signature in class file Card$CardName
[INFO] Seeing class for first time: Randomness
[INFO] Instrumenting class 'Randomness'.
[INFO] Adding mock interface to class Randomness
[INFO] Found static initializer in class Randomness
[INFO] No hashCode defined for: Randomness, superclass = java.lang.Object
[DEBUG] Going to instrument: Randomness
[INFO] Found static initializer in class Randomness
[INFO] Error while loading class: java.lang.ClassFormatError: Duplicate method name&signature in class file Randomness
]]></system-out>
  </testcase>
  <testcase name="test17" classname="GameState_ESTest" time="0.026">
    <error message="GameState" type="java.lang.NoClassDefFoundError">java.lang.NoClassDefFoundError: GameState
	at GameState_ESTest.test17(GameState_ESTest.java:1119)
</error>
    <system-out><![CDATA[[INFO] Seeing class for first time: Card$Type
[INFO] Instrumenting class 'Card$Type'.
[INFO] Adding mock interface to class Card$Type
[INFO] Found static initializer in class Card$Type
[INFO] No hashCode defined for: Card$Type, superclass = java.lang.Enum
[DEBUG] Going to instrument: Card$Type
[INFO] Found static initializer in class Card$Type
[INFO] No hashCode defined for: Card$Type, superclass = java.lang.Enum
[INFO] Error while loading class: java.lang.ClassFormatError: Duplicate method name&signature in class file Card$Type
[INFO] Seeing class for first time: Card$CardName
[INFO] Instrumenting class 'Card$CardName'.
[INFO] Adding mock interface to class Card$CardName
[INFO] Found static initializer in class Card$CardName
[INFO] No hashCode defined for: Card$CardName, superclass = java.lang.Enum
[DEBUG] Going to instrument: Card$CardName
[INFO] Found static initializer in class Card$CardName
[INFO] No hashCode defined for: Card$CardName, superclass = java.lang.Enum
[INFO] Error while loading class: java.lang.ClassFormatError: Duplicate method name&signature in class file Card$CardName
[INFO] Seeing class for first time: Randomness
[INFO] Instrumenting class 'Randomness'.
[INFO] Adding mock interface to class Randomness
[INFO] Found static initializer in class Randomness
[INFO] No hashCode defined for: Randomness, superclass = java.lang.Object
[DEBUG] Going to instrument: Randomness
[INFO] Found static initializer in class Randomness
[INFO] Error while loading class: java.lang.ClassFormatError: Duplicate method name&signature in class file Randomness
]]></system-out>
  </testcase>
  <testcase name="test09" classname="GameState_ESTest" time="0.02">
    <error message="GameState" type="java.lang.NoClassDefFoundError">java.lang.NoClassDefFoundError: GameState
	at GameState_ESTest.test09(GameState_ESTest.java:638)
</error>
    <system-out><![CDATA[[INFO] Seeing class for first time: Card$Type
[INFO] Instrumenting class 'Card$Type'.
[INFO] Adding mock interface to class Card$Type
[INFO] Found static initializer in class Card$Type
[INFO] No hashCode defined for: Card$Type, superclass = java.lang.Enum
[DEBUG] Going to instrument: Card$Type
[INFO] Found static initializer in class Card$Type
[INFO] No hashCode defined for: Card$Type, superclass = java.lang.Enum
[INFO] Error while loading class: java.lang.ClassFormatError: Duplicate method name&signature in class file Card$Type
[INFO] Seeing class for first time: Card$CardName
[INFO] Instrumenting class 'Card$CardName'.
[INFO] Adding mock interface to class Card$CardName
[INFO] Found static initializer in class Card$CardName
[INFO] No hashCode defined for: Card$CardName, superclass = java.lang.Enum
[DEBUG] Going to instrument: Card$CardName
[INFO] Found static initializer in class Card$CardName
[INFO] No hashCode defined for: Card$CardName, superclass = java.lang.Enum
[INFO] Error while loading class: java.lang.ClassFormatError: Duplicate method name&signature in class file Card$CardName
[INFO] Seeing class for first time: Randomness
[INFO] Instrumenting class 'Randomness'.
[INFO] Adding mock interface to class Randomness
[INFO] Found static initializer in class Randomness
[INFO] No hashCode defined for: Randomness, superclass = java.lang.Object
[DEBUG] Going to instrument: Randomness
[INFO] Found static initializer in class Randomness
[INFO] Error while loading class: java.lang.ClassFormatError: Duplicate method name&signature in class file Randomness
]]></system-out>
  </testcase>
  <testcase name="test08" classname="GameState_ESTest" time="0.019">
    <error message="GameState" type="java.lang.NoClassDefFoundError">java.lang.NoClassDefFoundError: GameState
	at GameState_ESTest.test08(GameState_ESTest.java:593)
</error>
    <system-out><![CDATA[[INFO] Seeing class for first time: Card$Type
[INFO] Instrumenting class 'Card$Type'.
[INFO] Adding mock interface to class Card$Type
[INFO] Found static initializer in class Card$Type
[INFO] No hashCode defined for: Card$Type, superclass = java.lang.Enum
[DEBUG] Going to instrument: Card$Type
[INFO] Found static initializer in class Card$Type
[INFO] No hashCode defined for: Card$Type, superclass = java.lang.Enum
[INFO] Error while loading class: java.lang.ClassFormatError: Duplicate method name&signature in class file Card$Type
[INFO] Seeing class for first time: Card$CardName
[INFO] Instrumenting class 'Card$CardName'.
[INFO] Adding mock interface to class Card$CardName
[INFO] Found static initializer in class Card$CardName
[INFO] No hashCode defined for: Card$CardName, superclass = java.lang.Enum
[DEBUG] Going to instrument: Card$CardName
[INFO] Found static initializer in class Card$CardName
[INFO] No hashCode defined for: Card$CardName, superclass = java.lang.Enum
[INFO] Error while loading class: java.lang.ClassFormatError: Duplicate method name&signature in class file Card$CardName
[INFO] Seeing class for first time: Randomness
[INFO] Instrumenting class 'Randomness'.
[INFO] Adding mock interface to class Randomness
[INFO] Found static initializer in class Randomness
[INFO] No hashCode defined for: Randomness, superclass = java.lang.Object
[DEBUG] Going to instrument: Randomness
[INFO] Found static initializer in class Randomness
[INFO] Error while loading class: java.lang.ClassFormatError: Duplicate method name&signature in class file Randomness
]]></system-out>
  </testcase>
</testsuite>