<?xml version="1.0" encoding="UTF-8"?>
<testsuite name="Randomness_ESTest" time="0.003" tests="9" errors="9" skipped="0" failures="0">
  <properties>
[...]
</properties>
  <testcase name="test2" classname="Randomness_ESTest" time="0.001">
    <error message="Randomness" type="java.lang.NoClassDefFoundError">java.lang.NoClassDefFoundError: Randomness
	at java.lang.ClassLoader.defineClass1(Native Method)
	at java.lang.ClassLoader.defineClass(ClassLoader.java:763)
	at java.lang.ClassLoader.defineClass(ClassLoader.java:642)
	at org.evosuite.runtime.instrumentation.EvoClassLoader.instrumentClass(EvoClassLoader.java:116)
	at org.evosuite.runtime.instrumentation.EvoClassLoader.loadClass(EvoClassLoader.java:92)
	at Randomness_ESTest.test2(Randomness_ESTest.java:187)
</error>
    <system-out><![CDATA[[INFO] Seeing class for first time: Randomness_ESTest
[INFO] Instrumenting class 'Randomness_ESTest'.
[INFO] Seeing class for first time: Randomness_ESTest_scaffolding
[INFO] Instrumenting class 'Randomness_ESTest_scaffolding'.
[INFO] Keeping class: Randomness_ESTest_scaffolding
[INFO] Keeping class: Randomness_ESTest
[DEBUG] Adding privileged thread: "Reference Handler"
[DEBUG] Adding privileged thread: "Finalizer"
[DEBUG] Adding privileged thread: "Signal Dispatcher"
[DEBUG] Adding privileged thread: "Attach Listener"
[DEBUG] Adding privileged thread: "Java2D Disposer"
[DEBUG] Adding privileged thread: "AWT-Windows"
[DEBUG] Adding privileged thread: "main"
[INFO] Seeing class for first time: Randomness
[INFO] Instrumenting class 'Randomness'.
[INFO] Adding mock interface to class Randomness
[INFO] Found static initializer in class Randomness
[INFO] No hashCode defined for: Randomness, superclass = java.lang.Object
[DEBUG] Going to instrument: Randomness
[INFO] Found static initializer in class Randomness
[INFO] Error while loading class: java.lang.ClassFormatError: Duplicate method name&signature in class file Randomness
[INFO] Seeing class for first time: Randomness
[INFO] Instrumenting class 'Randomness'.
[INFO] Adding mock interface to class Randomness
[INFO] Found static initializer in class Randomness
[INFO] No hashCode defined for: Randomness, superclass = java.lang.Object
[DEBUG] Going to instrument: Randomness
[INFO] Found static initializer in class Randomness
[INFO] Error while loading class: java.lang.ClassFormatError: Duplicate method name&signature in class file Randomness
[INFO] Seeing class for first time: Randomness
[INFO] Instrumenting class 'Randomness'.
[INFO] Adding mock interface to class Randomness
[INFO] Found static initializer in class Randomness
[INFO] No hashCode defined for: Randomness, superclass = java.lang.Object
[DEBUG] Going to instrument: Randomness
[INFO] Found static initializer in class Randomness
[INFO] Error while loading class: java.lang.ClassFormatError: Duplicate method name&signature in class file Randomness
]]></system-out>
  </testcase>
  <testcase name="test3" classname="Randomness_ESTest" time="0">
    <error message="Randomness" type="java.lang.NoClassDefFoundError">java.lang.NoClassDefFoundError: Randomness
	at Randomness_ESTest.test3(Randomness_ESTest.java:226)
</error>
    <system-out><![CDATA[[INFO] Seeing class for first time: Randomness
[INFO] Instrumenting class 'Randomness'.
[INFO] Adding mock interface to class Randomness
[INFO] Found static initializer in class Randomness
[INFO] No hashCode defined for: Randomness, superclass = java.lang.Object
[DEBUG] Going to instrument: Randomness
[INFO] Found static initializer in class Randomness
[INFO] Error while loading class: java.lang.ClassFormatError: Duplicate method name&signature in class file Randomness
]]></system-out>
  </testcase>
  <testcase name="test4" classname="Randomness_ESTest" time="0">
    <error message="Randomness" type="java.lang.NoClassDefFoundError">java.lang.NoClassDefFoundError: Randomness
	at Randomness_ESTest.test4(Randomness_ESTest.java:267)
</error>
    <system-out><![CDATA[[INFO] Seeing class for first time: Randomness
[INFO] Instrumenting class 'Randomness'.
[INFO] Adding mock interface to class Randomness
[INFO] Found static initializer in class Randomness
[INFO] No hashCode defined for: Randomness, superclass = java.lang.Object
[DEBUG] Going to instrument: Randomness
[INFO] Found static initializer in class Randomness
[INFO] Error while loading class: java.lang.ClassFormatError: Duplicate method name&signature in class file Randomness
]]></system-out>
  </testcase>
  <testcase name="test5" classname="Randomness_ESTest" time="0.001">
    <error message="Randomness" type="java.lang.NoClassDefFoundError">java.lang.NoClassDefFoundError: Randomness
	at Randomness_ESTest.test5(Randomness_ESTest.java:307)
</error>
    <system-out><![CDATA[[INFO] Seeing class for first time: Randomness
[INFO] Instrumenting class 'Randomness'.
[INFO] Adding mock interface to class Randomness
[INFO] Found static initializer in class Randomness
[INFO] No hashCode defined for: Randomness, superclass = java.lang.Object
[DEBUG] Going to instrument: Randomness
[INFO] Found static initializer in class Randomness
[INFO] Error while loading class: java.lang.ClassFormatError: Duplicate method name&signature in class file Randomness
]]></system-out>
  </testcase>
  <testcase name="test6" classname="Randomness_ESTest" time="0">
    <error message="Randomness" type="java.lang.NoClassDefFoundError">java.lang.NoClassDefFoundError: Randomness
	at Randomness_ESTest.test6(Randomness_ESTest.java:337)
</error>
    <system-out><![CDATA[[INFO] Seeing class for first time: Randomness
[INFO] Instrumenting class 'Randomness'.
[INFO] Adding mock interface to class Randomness
[INFO] Found static initializer in class Randomness
[INFO] No hashCode defined for: Randomness, superclass = java.lang.Object
[DEBUG] Going to instrument: Randomness
[INFO] Found static initializer in class Randomness
[INFO] Error while loading class: java.lang.ClassFormatError: Duplicate method name&signature in class file Randomness
]]></system-out>
  </testcase>
  <testcase name="test7" classname="Randomness_ESTest" time="0">
    <error message="Randomness" type="java.lang.NoClassDefFoundError">java.lang.NoClassDefFoundError: Randomness
	at Randomness_ESTest.test7(Randomness_ESTest.java:366)
</error>
    <system-out><![CDATA[[INFO] Seeing class for first time: Randomness
[INFO] Instrumenting class 'Randomness'.
[INFO] Adding mock interface to class Randomness
[INFO] Found static initializer in class Randomness
[INFO] No hashCode defined for: Randomness, superclass = java.lang.Object
[DEBUG] Going to instrument: Randomness
[INFO] Found static initializer in class Randomness
[INFO] Error while loading class: java.lang.ClassFormatError: Duplicate method name&signature in class file Randomness
]]></system-out>
  </testcase>
  <testcase name="test8" classname="Randomness_ESTest" time="0">
    <error message="Randomness" type="java.lang.NoClassDefFoundError">java.lang.NoClassDefFoundError: Randomness
	at Randomness_ESTest.test8(Randomness_ESTest.java:392)
</error>
    <system-out><![CDATA[[INFO] Seeing class for first time: Randomness
[INFO] Instrumenting class 'Randomness'.
[INFO] Adding mock interface to class Randomness
[INFO] Found static initializer in class Randomness
[INFO] No hashCode defined for: Randomness, superclass = java.lang.Object
[DEBUG] Going to instrument: Randomness
[INFO] Found static initializer in class Randomness
[INFO] Error while loading class: java.lang.ClassFormatError: Duplicate method name&signature in class file Randomness
]]></system-out>
  </testcase>
  <testcase name="test0" classname="Randomness_ESTest" time="0">
    <error message="Randomness" type="java.lang.NoClassDefFoundError">java.lang.NoClassDefFoundError: Randomness
	at Randomness_ESTest.test0(Randomness_ESTest.java:102)
</error>
    <system-out><![CDATA[[INFO] Seeing class for first time: Randomness
[INFO] Instrumenting class 'Randomness'.
[INFO] Adding mock interface to class Randomness
[INFO] Found static initializer in class Randomness
[INFO] No hashCode defined for: Randomness, superclass = java.lang.Object
[DEBUG] Going to instrument: Randomness
[INFO] Found static initializer in class Randomness
[INFO] Error while loading class: java.lang.ClassFormatError: Duplicate method name&signature in class file Randomness
]]></system-out>
  </testcase>
  <testcase name="test1" classname="Randomness_ESTest" time="0.001">
    <error message="Randomness" type="java.lang.NoClassDefFoundError">java.lang.NoClassDefFoundError: Randomness
	at Randomness_ESTest.test1(Randomness_ESTest.java:155)
</error>
    <system-out><![CDATA[[INFO] Seeing class for first time: Randomness
[INFO] Instrumenting class 'Randomness'.
[INFO] Adding mock interface to class Randomness
[INFO] Found static initializer in class Randomness
[INFO] No hashCode defined for: Randomness, superclass = java.lang.Object
[DEBUG] Going to instrument: Randomness
[INFO] Found static initializer in class Randomness
[INFO] Error while loading class: java.lang.ClassFormatError: Duplicate method name&signature in class file Randomness
]]></system-out>
  </testcase>
</testsuite>