-------------------------------------------------------------------------------
Test set: org.cs362.dominion.Player_ESTest
-------------------------------------------------------------------------------
Tests run: 33, Failures: 0, Errors: 1, Skipped: 0, Time elapsed: 0.22 sec <<< FAILURE!
test09(org.cs362.dominion.Player_ESTest)  Time elapsed: 0.007 sec  <<< ERROR!
java.lang.NullPointerException
	at org.cs362.dominion.Player.checkCardType(Player.java:52)
	at org.cs362.dominion.Card.play(Card.java:144)
	at org.cs362.dominion.Player.playKingdomCard(Player.java:137)
	at org.cs362.dominion.Player_ESTest.test09(Player_ESTest.java:159)
	at sun.reflect.NativeMethodAccessorImpl.invoke0(Native Method)
	at sun.reflect.NativeMethodAccessorImpl.invoke(NativeMethodAccessorImpl.java:62)
	at sun.reflect.DelegatingMethodAccessorImpl.invoke(DelegatingMethodAccessorImpl.java:43)
	at java.lang.reflect.Method.invoke(Method.java:498)
	at org.junit.runners.model.FrameworkMethod$1.runReflectiveCall(FrameworkMethod.java:50)
	at org.junit.internal.runners.model.ReflectiveCallable.run(ReflectiveCallable.java:12)
	at org.junit.runners.model.FrameworkMethod.invokeExplosively(FrameworkMethod.java:47)
	at org.junit.internal.runners.statements.InvokeMethod.evaluate(InvokeMethod.java:17)
	at org.junit.internal.runners.statements.FailOnTimeout$CallableStatement.call(FailOnTimeout.java:298)
	at org.junit.internal.runners.statements.FailOnTimeout$CallableStatement.call(FailOnTimeout.java:292)
	at java.util.concurrent.FutureTask.run(FutureTask.java:266)
	at java.lang.Thread.run(Thread.java:745)

