-------------------------------------------------------------------------------
Test set: org.cs362.dominion.Card_ESTest
-------------------------------------------------------------------------------
Tests run: 47, Failures: 0, Errors: 1, Skipped: 0, Time elapsed: 0.99 sec <<< FAILURE!
test00(org.cs362.dominion.Card_ESTest)  Time elapsed: 0.027 sec  <<< ERROR!
java.lang.IndexOutOfBoundsException: Index: 18, Size: 1
	at java.util.LinkedList.checkElementIndex(LinkedList.java:555)
	at java.util.LinkedList.get(LinkedList.java:476)
	at org.cs362.dominion.Card.play(Card.java:271)
	at org.cs362.dominion.Card_ESTest.test00(Card_ESTest.java:39)
	at sun.reflect.NativeMethodAccessorImpl.invoke0(Native Method)
	at sun.reflect.NativeMethodAccessorImpl.invoke(NativeMethodAccessorImpl.java:62)
	at sun.reflect.DelegatingMethodAccessorImpl.invoke(DelegatingMethodAccessorImpl.java:43)
	at java.lang.reflect.Method.invoke(Method.java:498)
	at org.junit.runners.model.FrameworkMethod$1.runReflectiveCall(FrameworkMethod.java:50)
	at org.junit.internal.runners.model.ReflectiveCallable.run(ReflectiveCallable.java:12)
	at org.junit.runners.model.FrameworkMethod.invokeExplosively(FrameworkMethod.java:47)
	at org.junit.internal.runners.statements.InvokeMethod.evaluate(InvokeMethod.java:17)
	at org.junit.internal.runners.statements.FailOnTimeout$CallableStatement.call(FailOnTimeout.java:298)
	at org.junit.internal.runners.statements.FailOnTimeout$CallableStatement.call(FailOnTimeout.java:292)
	at java.util.concurrent.FutureTask.run(FutureTask.java:266)
	at java.lang.Thread.run(Thread.java:745)

