-------------------------------------------------------------------------------
Test set: cs362.dominion.GameState_ESTest
-------------------------------------------------------------------------------
Tests run: 15, Failures: 1, Errors: 0, Skipped: 0, Time elapsed: 0.104 sec <<< FAILURE! - in cs362.dominion.GameState_ESTest
test11(cs362.dominion.GameState_ESTest)  Time elapsed: 0.009 sec  <<< FAILURE!
java.lang.AssertionError: Expecting exception: NullPointerException
	at org.junit.Assert.fail(Assert.java:88)
	at cs362.dominion.GameState_ESTest.test11(GameState_ESTest.java:301)

