-------------------------------------------------------------------------------
Test set: org.cs362.dominion.GameStateTest
-------------------------------------------------------------------------------
Tests run: 1, Failures: 1, Errors: 0, Skipped: 0, Time elapsed: 0.004 sec <<< FAILURE! - in org.cs362.dominion.GameStateTest
test(org.cs362.dominion.GameStateTest)  Time elapsed: 0.004 sec  <<< FAILURE!
java.lang.AssertionError: Not yet implemented
	at org.junit.Assert.fail(Assert.java:88)
	at org.cs362.dominion.GameStateTest.test(GameStateTest.java:11)

