-------------------------------------------------------------------------------
Test set: GameBoard_ESTest
-------------------------------------------------------------------------------
Tests run: 2, Failures: 1, Errors: 0, Skipped: 0, Time elapsed: 0.065 sec <<< FAILURE! - in GameBoard_ESTest
test0(GameBoard_ESTest)  Time elapsed: 0.047 sec  <<< FAILURE!
java.lang.AssertionError: Expecting exception: HeadlessException
	at GameBoard_ESTest.test0(GameBoard_ESTest.java:23)

