# JRE version: Java(TM) SE Runtime Environment (8.0_121-b13) (build 1.8.0_121-b13)
# Java VM: Java HotSpot(TM) 64-Bit Server VM (25.121-b13 mixed mode linux-amd64 compressed oops)
Heap:
 PSYoungGen      total 164352K, used 82432K [0x00000000eb800000, 0x00000000faa00000, 0x0000000100000000)
  eden space 81920K, 0% used [0x00000000eb800000,0x00000000eb800000,0x00000000f0800000)
  from space 82432K, 100% used [0x00000000f0800000,0x00000000f5880000,0x00000000f5880000)
  to   space 65024K, 0% used [0x00000000f5880000,0x00000000f5880000,0x00000000f9800000)
 ParOldGen       total 206336K, used 170176K [0x00000000c2800000, 0x00000000cf180000, 0x00000000eb800000)
  object space 206336K, 82% used [0x00000000c2800000,0x00000000cce30140,0x00000000cf180000)
 Metaspace       used 13921K, capacity 14082K, committed 14336K, reserved 1062912K
  class space    used 1683K, capacity 1770K, committed 1792K, reserved 1048576K
GC Heap History (10 events):
Event: 1.502 GC heap after
Heap after GC invocations=4 (full 0):
 PSYoungGen      total 66048K, used 2560K [0x00000000eb800000, 0x00000000efb00000, 0x0000000100000000)
  eden space 63488K, 0% used [0x00000000eb800000,0x00000000eb800000,0x00000000ef600000)
  from space 2560K, 100% used [0x00000000ef880000,0x00000000efb00000,0x00000000efb00000)
  to   space 2560K, 0% used [0x00000000ef600000,0x00000000ef600000,0x00000000ef880000)
 ParOldGen       total 42496K, used 41848K [0x00000000c2800000, 0x00000000c5180000, 0x00000000eb800000)
  object space 42496K, 98% used [0x00000000c2800000,0x00000000c50de088,0x00000000c5180000)
 Metaspace       used 13921K, capacity 14082K, committed 14336K, reserved 1062912K
  class space    used 1683K, capacity 1770K, committed 1792K, reserved 1048576K
}
Event: 1.502 GC heap before
{Heap before GC invocations=5 (full 1):
 PSYoungGen      total 66048K, used 2560K [0x00000000eb800000, 0x00000000efb00000, 0x0000000100000000)
  eden space 63488K, 0% used [0x00000000eb800000,0x00000000eb800000,0x00000000ef600000)
  from space 2560K, 100% used [0x00000000ef880000,0x00000000efb00000,0x00000000efb00000)
  to   space 2560K, 0% used [0x00000000ef600000,0x00000000ef600000,0x00000000ef880000)
 ParOldGen       total 42496K, used 41848K [0x00000000c2800000, 0x00000000c5180000, 0x00000000eb800000)
  object space 42496K, 98% used [0x00000000c2800000,0x00000000c50de088,0x00000000c5180000)
 Metaspace       used 13921K, capacity 14082K, committed 14336K, reserved 1062912K
  class space    used 1683K, capacity 1770K, committed 1792K, reserved 1048576K
Event: 1.848 GC heap after
Heap after GC invocations=5 (full 1):
 PSYoungGen      total 66048K, used 1021K [0x00000000eb800000, 0x00000000efb00000, 0x0000000100000000)
  eden space 63488K, 0% used [0x00000000eb800000,0x00000000eb800000,0x00000000ef600000)
  from space 2560K, 39% used [0x00000000ef880000,0x00000000ef97f7f8,0x00000000efb00000)
  to   space 2560K, 0% used [0x00000000ef600000,0x00000000ef600000,0x00000000ef880000)
 ParOldGen       total 96768K, used 42338K [0x00000000c2800000, 0x00000000c8680000, 0x00000000eb800000)
  object space 96768K, 43% used [0x00000000c2800000,0x00000000c5158bc0,0x00000000c8680000)
 Metaspace       used 13921K, capacity 14082K, committed 14336K, reserved 1062912K
  class space    used 1683K, capacity 1770K, committed 1792K, reserved 1048576K
}
Event: 1.917 GC heap before
{Heap before GC invocations=6 (full 1):
 PSYoungGen      total 66048K, used 64509K [0x00000000eb800000, 0x00000000efb00000, 0x0000000100000000)
  eden space 63488K, 100% used [0x00000000eb800000,0x00000000ef600000,0x00000000ef600000)
  from space 2560K, 39% used [0x00000000ef880000,0x00000000ef97f7f8,0x00000000efb00000)
  to   space 2560K, 0% used [0x00000000ef600000,0x00000000ef600000,0x00000000ef880000)
 ParOldGen       total 96768K, used 42338K [0x00000000c2800000, 0x00000000c8680000, 0x00000000eb800000)
  object space 96768K, 43% used [0x00000000c2800000,0x00000000c5158bc0,0x00000000c8680000)
 Metaspace       used 13921K, capacity 14082K, committed 14336K, reserved 1062912K
  class space    used 1683K, capacity 1770K, committed 1792K, reserved 1048576K
Event: 2.063 GC heap after
Heap after GC invocations=6 (full 1):
 PSYoungGen      total 66048K, used 2560K [0x00000000eb800000, 0x00000000f9800000, 0x0000000100000000)
  eden space 63488K, 0% used [0x00000000eb800000,0x00000000eb800000,0x00000000ef600000)
  from space 2560K, 100% used [0x00000000ef600000,0x00000000ef880000,0x00000000ef880000)
  to   space 65024K, 0% used [0x00000000f5880000,0x00000000f5880000,0x00000000f9800000)
 ParOldGen       total 104960K, used 104546K [0x00000000c2800000, 0x00000000c8e80000, 0x00000000eb800000)
  object space 104960K, 99% used [0x00000000c2800000,0x00000000c8e18bc0,0x00000000c8e80000)
 Metaspace       used 13921K, capacity 14082K, committed 14336K, reserved 1062912K
  class space    used 1683K, capacity 1770K, committed 1792K, reserved 1048576K
}
Event: 2.063 GC heap before
{Heap before GC invocations=7 (full 2):
 PSYoungGen      total 66048K, used 2560K [0x00000000eb800000, 0x00000000f9800000, 0x0000000100000000)
  eden space 63488K, 0% used [0x00000000eb800000,0x00000000eb800000,0x00000000ef600000)
  from space 2560K, 100% used [0x00000000ef600000,0x00000000ef880000,0x00000000ef880000)
  to   space 65024K, 0% used [0x00000000f5880000,0x00000000f5880000,0x00000000f9800000)
 ParOldGen       total 104960K, used 104546K [0x00000000c2800000, 0x00000000c8e80000, 0x00000000eb800000)
  object space 104960K, 99% used [0x00000000c2800000,0x00000000c8e18bc0,0x00000000c8e80000)
 Metaspace       used 13921K, capacity 14082K, committed 14336K, reserved 1062912K
  class space    used 1683K, capacity 1770K, committed 1792K, reserved 1048576K
Event: 2.862 GC heap after
Heap after GC invocations=7 (full 2):
 PSYoungGen      total 66048K, used 2046K [0x00000000eb800000, 0x00000000f9800000, 0x0000000100000000)
  eden space 63488K, 0% used [0x00000000eb800000,0x00000000eb800000,0x00000000ef600000)
  from space 2560K, 79% used [0x00000000ef600000,0x00000000ef7ff808,0x00000000ef880000)
  to   space 65024K, 0% used [0x00000000f5880000,0x00000000f5880000,0x00000000f9800000)
 ParOldGen       total 206336K, used 104800K [0x00000000c2800000, 0x00000000cf180000, 0x00000000eb800000)
  object space 206336K, 50% used [0x00000000c2800000,0x00000000c8e58140,0x00000000cf180000)
 Metaspace       used 13921K, capacity 14082K, committed 14336K, reserved 1062912K
  class space    used 1683K, capacity 1770K, committed 1792K, reserved 1048576K
}
Event: 2.886 GC heap before
{Heap before GC invocations=8 (full 2):
 PSYoungGen      total 66048K, used 65534K [0x00000000eb800000, 0x00000000f9800000, 0x0000000100000000)
  eden space 63488K, 100% used [0x00000000eb800000,0x00000000ef600000,0x00000000ef600000)
  from space 2560K, 79% used [0x00000000ef600000,0x00000000ef7ff808,0x00000000ef880000)
  to   space 65024K, 0% used [0x00000000f5880000,0x00000000f5880000,0x00000000f9800000)
 ParOldGen       total 206336K, used 104800K [0x00000000c2800000, 0x00000000cf180000, 0x00000000eb800000)
  object space 206336K, 50% used [0x00000000c2800000,0x00000000c8e58140,0x00000000cf180000)
 Metaspace       used 13921K, capacity 14082K, committed 14336K, reserved 1062912K
  class space    used 1683K, capacity 1770K, committed 1792K, reserved 1048576K
Event: 3.005 GC heap after
Heap after GC invocations=8 (full 2):
 PSYoungGen      total 146944K, used 65024K [0x00000000eb800000, 0x00000000faa00000, 0x0000000100000000)
  eden space 81920K, 0% used [0x00000000eb800000,0x00000000eb800000,0x00000000f0800000)
  from space 65024K, 100% used [0x00000000f5880000,0x00000000f9800000,0x00000000f9800000)
  to   space 82432K, 0% used [0x00000000f0800000,0x00000000f0800000,0x00000000f5880000)
 ParOldGen       total 206336K, used 105384K [0x00000000c2800000, 0x00000000cf180000, 0x00000000eb800000)
  object space 206336K, 51% used [0x00000000c2800000,0x00000000c8eea140,0x00000000cf180000)
 Metaspace       used 13921K, capacity 14082K, committed 14336K, reserved 1062912K
  class space    used 1683K, capacity 1770K, committed 1792K, reserved 1048576K
}
Event: 3.040 GC heap before
{Heap before GC invocations=9 (full 2):
 PSYoungGen      total 146944K, used 146944K [0x00000000eb800000, 0x00000000faa00000, 0x0000000100000000)
  eden space 81920K, 100% used [0x00000000eb800000,0x00000000f0800000,0x00000000f0800000)
  from space 65024K, 100% used [0x00000000f5880000,0x00000000f9800000,0x00000000f9800000)
  to   space 82432K, 0% used [0x00000000f0800000,0x00000000f0800000,0x00000000f5880000)
 ParOldGen       total 206336K, used 105384K [0x00000000c2800000, 0x00000000cf180000, 0x00000000eb800000)
  object space 206336K, 51% used [0x00000000c2800000,0x00000000c8eea140,0x00000000cf180000)
 Metaspace       used 13921K, capacity 14082K, committed 14336K, reserved 1062912K
  class space    used 1683K, capacity 1770K, committed 1792K, reserved 1048576K

