# JRE version: Java(TM) SE Runtime Environment (8.0_121-b13) (build 1.8.0_121-b13)
# Java VM: Java HotSpot(TM) 64-Bit Server VM (25.121-b13 mixed mode linux-amd64 compressed oops)
Heap:
 PSYoungGen      total 207360K, used 5552K [0x00000000eb800000, 0x00000000ff480000, 0x0000000100000000)
  eden space 100864K, 0% used [0x00000000eb800000,0x00000000eb800000,0x00000000f1a80000)
  from space 106496K, 5% used [0x00000000f8c80000,0x00000000f91ec350,0x00000000ff480000)
  to   space 111616K, 0% used [0x00000000f1a80000,0x00000000f1a80000,0x00000000f8780000)
 ParOldGen       total 453632K, used 453503K [0x00000000c2800000, 0x00000000de300000, 0x00000000eb800000)
  object space 453632K, 99% used [0x00000000c2800000,0x00000000de2dffc0,0x00000000de300000)
 Metaspace       used 13977K, capacity 14142K, committed 14336K, reserved 1062912K
  class space    used 1688K, capacity 1772K, committed 1792K, reserved 1048576K
GC Heap History (10 events):
Event: 3.970 GC heap after
Heap after GC invocations=12 (full 3):
 PSYoungGen      total 154112K, used 71610K [0x00000000eb800000, 0x00000000fe400000, 0x0000000100000000)
  eden space 64512K, 0% used [0x00000000eb800000,0x00000000eb800000,0x00000000ef700000)
  from space 89600K, 79% used [0x00000000ef700000,0x00000000f3cee800,0x00000000f4e80000)
  to   space 111616K, 0% used [0x00000000f7700000,0x00000000f7700000,0x00000000fe400000)
 ParOldGen       total 266240K, used 171034K [0x00000000c2800000, 0x00000000d2c00000, 0x00000000eb800000)
  object space 266240K, 64% used [0x00000000c2800000,0x00000000ccf06928,0x00000000d2c00000)
 Metaspace       used 13905K, capacity 14130K, committed 14336K, reserved 1062912K
  class space    used 1683K, capacity 1770K, committed 1792K, reserved 1048576K
}
Event: 3.987 GC heap before
{Heap before GC invocations=13 (full 3):
 PSYoungGen      total 154112K, used 136122K [0x00000000eb800000, 0x00000000fe400000, 0x0000000100000000)
  eden space 64512K, 100% used [0x00000000eb800000,0x00000000ef700000,0x00000000ef700000)
  from space 89600K, 79% used [0x00000000ef700000,0x00000000f3cee800,0x00000000f4e80000)
  to   space 111616K, 0% used [0x00000000f7700000,0x00000000f7700000,0x00000000fe400000)
 ParOldGen       total 266240K, used 171034K [0x00000000c2800000, 0x00000000d2c00000, 0x00000000eb800000)
  object space 266240K, 64% used [0x00000000c2800000,0x00000000ccf06928,0x00000000d2c00000)
 Metaspace       used 13905K, capacity 14130K, committed 14336K, reserved 1062912K
  class space    used 1683K, capacity 1770K, committed 1792K, reserved 1048576K
Event: 4.167 GC heap after
Heap after GC invocations=13 (full 3):
 PSYoungGen      total 188416K, used 102880K [0x00000000eb800000, 0x00000000fe080000, 0x0000000100000000)
  eden space 80384K, 0% used [0x00000000eb800000,0x00000000eb800000,0x00000000f0680000)
  from space 108032K, 95% used [0x00000000f7700000,0x00000000fdb78000,0x00000000fe080000)
  to   space 111616K, 0% used [0x00000000f0680000,0x00000000f0680000,0x00000000f7380000)
 ParOldGen       total 266240K, used 204602K [0x00000000c2800000, 0x00000000d2c00000, 0x00000000eb800000)
  object space 266240K, 76% used [0x00000000c2800000,0x00000000cefce928,0x00000000d2c00000)
 Metaspace       used 13905K, capacity 14130K, committed 14336K, reserved 1062912K
  class space    used 1683K, capacity 1770K, committed 1792K, reserved 1048576K
}
Event: 4.188 GC heap before
{Heap before GC invocations=14 (full 3):
 PSYoungGen      total 188416K, used 183264K [0x00000000eb800000, 0x00000000fe080000, 0x0000000100000000)
  eden space 80384K, 100% used [0x00000000eb800000,0x00000000f0680000,0x00000000f0680000)
  from space 108032K, 95% used [0x00000000f7700000,0x00000000fdb78000,0x00000000fe080000)
  to   space 111616K, 0% used [0x00000000f0680000,0x00000000f0680000,0x00000000f7380000)
 ParOldGen       total 266240K, used 204602K [0x00000000c2800000, 0x00000000d2c00000, 0x00000000eb800000)
  object space 266240K, 76% used [0x00000000c2800000,0x00000000cefce928,0x00000000d2c00000)
 Metaspace       used 13905K, capacity 14130K, committed 14336K, reserved 1062912K
  class space    used 1683K, capacity 1770K, committed 1792K, reserved 1048576K
Event: 4.400 GC heap after
Heap after GC invocations=14 (full 3):
 PSYoungGen      total 192000K, used 80544K [0x00000000eb800000, 0x00000000ff980000, 0x0000000100000000)
  eden space 80384K, 0% used [0x00000000eb800000,0x00000000eb800000,0x00000000f0680000)
  from space 111616K, 72% used [0x00000000f0680000,0x00000000f5528000,0x00000000f7380000)
  to   space 111616K, 0% used [0x00000000f8c80000,0x00000000f8c80000,0x00000000ff980000)
 ParOldGen       total 308224K, used 307722K [0x00000000c2800000, 0x00000000d5500000, 0x00000000eb800000)
  object space 308224K, 99% used [0x00000000c2800000,0x00000000d5482928,0x00000000d5500000)
 Metaspace       used 13905K, capacity 14130K, committed 14336K, reserved 1062912K
  class space    used 1683K, capacity 1770K, committed 1792K, reserved 1048576K
}
Event: 4.400 GC heap before
{Heap before GC invocations=15 (full 4):
 PSYoungGen      total 192000K, used 80544K [0x00000000eb800000, 0x00000000ff980000, 0x0000000100000000)
  eden space 80384K, 0% used [0x00000000eb800000,0x00000000eb800000,0x00000000f0680000)
  from space 111616K, 72% used [0x00000000f0680000,0x00000000f5528000,0x00000000f7380000)
  to   space 111616K, 0% used [0x00000000f8c80000,0x00000000f8c80000,0x00000000ff980000)
 ParOldGen       total 308224K, used 307722K [0x00000000c2800000, 0x00000000d5500000, 0x00000000eb800000)
  object space 308224K, 99% used [0x00000000c2800000,0x00000000d5482928,0x00000000d5500000)
 Metaspace       used 13905K, capacity 14130K, committed 14336K, reserved 1062912K
  class space    used 1683K, capacity 1770K, committed 1792K, reserved 1048576K
Event: 6.885 GC heap after
Heap after GC invocations=15 (full 4):
 PSYoungGen      total 192000K, used 79359K [0x00000000eb800000, 0x00000000ff980000, 0x0000000100000000)
  eden space 80384K, 0% used [0x00000000eb800000,0x00000000eb800000,0x00000000f0680000)
  from space 111616K, 71% used [0x00000000f0680000,0x00000000f53fff18,0x00000000f7380000)
  to   space 111616K, 0% used [0x00000000f8c80000,0x00000000f8c80000,0x00000000ff980000)
 ParOldGen       total 453632K, used 308177K [0x00000000c2800000, 0x00000000de300000, 0x00000000eb800000)
  object space 453632K, 67% used [0x00000000c2800000,0x00000000d54f4698,0x00000000de300000)
 Metaspace       used 13905K, capacity 14130K, committed 14336K, reserved 1062912K
  class space    used 1683K, capacity 1770K, committed 1792K, reserved 1048576K
}
Event: 6.918 GC heap before
{Heap before GC invocations=16 (full 4):
 PSYoungGen      total 192000K, used 159743K [0x00000000eb800000, 0x00000000ff980000, 0x0000000100000000)
  eden space 80384K, 100% used [0x00000000eb800000,0x00000000f0680000,0x00000000f0680000)
  from space 111616K, 71% used [0x00000000f0680000,0x00000000f53fff18,0x00000000f7380000)
  to   space 111616K, 0% used [0x00000000f8c80000,0x00000000f8c80000,0x00000000ff980000)
 ParOldGen       total 453632K, used 308177K [0x00000000c2800000, 0x00000000de300000, 0x00000000eb800000)
  object space 453632K, 67% used [0x00000000c2800000,0x00000000d54f4698,0x00000000de300000)
 Metaspace       used 13977K, capacity 14142K, committed 14336K, reserved 1062912K
  class space    used 1688K, capacity 1772K, committed 1792K, reserved 1048576K
Event: 7.137 GC heap after
Heap after GC invocations=16 (full 4):
 PSYoungGen      total 207360K, used 71680K [0x00000000eb800000, 0x00000000ff480000, 0x0000000100000000)
  eden space 100864K, 0% used [0x00000000eb800000,0x00000000eb800000,0x00000000f1a80000)
  from space 106496K, 67% used [0x00000000f8c80000,0x00000000fd280000,0x00000000ff480000)
  to   space 111616K, 0% used [0x00000000f1a80000,0x00000000f1a80000,0x00000000f8780000)
 ParOldGen       total 453632K, used 387865K [0x00000000c2800000, 0x00000000de300000, 0x00000000eb800000)
  object space 453632K, 85% used [0x00000000c2800000,0x00000000da2c6698,0x00000000de300000)
 Metaspace       used 13977K, capacity 14142K, committed 14336K, reserved 1062912K
  class space    used 1688K, capacity 1772K, committed 1792K, reserved 1048576K
}
Event: 7.137 GC heap before
{Heap before GC invocations=17 (full 5):
 PSYoungGen      total 207360K, used 71680K [0x00000000eb800000, 0x00000000ff480000, 0x0000000100000000)
  eden space 100864K, 0% used [0x00000000eb800000,0x00000000eb800000,0x00000000f1a80000)
  from space 106496K, 67% used [0x00000000f8c80000,0x00000000fd280000,0x00000000ff480000)
  to   space 111616K, 0% used [0x00000000f1a80000,0x00000000f1a80000,0x00000000f8780000)
 ParOldGen       total 453632K, used 387865K [0x00000000c2800000, 0x00000000de300000, 0x00000000eb800000)
  object space 453632K, 85% used [0x00000000c2800000,0x00000000da2c6698,0x00000000de300000)
 Metaspace       used 13977K, capacity 14142K, committed 14336K, reserved 1062912K
  class space    used 1688K, capacity 1772K, committed 1792K, reserved 1048576K

