# JRE version: Java(TM) SE Runtime Environment (8.0_121-b13) (build 1.8.0_121-b13)
# Java VM: Java HotSpot(TM) 64-Bit Server VM (25.121-b13 mixed mode linux-amd64 compressed oops)
Heap:
 PSYoungGen      total 199680K, used 0K [0x00000000eb800000, 0x00000000fed00000, 0x0000000100000000)
  eden space 93184K, 0% used [0x00000000eb800000,0x00000000eb800000,0x00000000f1300000)
  from space 106496K, 0% used [0x00000000f8500000,0x00000000f8500000,0x00000000fed00000)
  to   space 111616K, 0% used [0x00000000f1300000,0x00000000f1300000,0x00000000f8000000)
 ParOldGen       total 435200K, used 435147K [0x00000000c2800000, 0x00000000dd100000, 0x00000000eb800000)
  object space 435200K, 99% used [0x00000000c2800000,0x00000000dd0f2d20,0x00000000dd100000)
 Metaspace       used 14007K, capacity 14152K, committed 14336K, reserved 1062912K
  class space    used 1687K, capacity 1771K, committed 1792K, reserved 1048576K
GC Heap History (10 events):
Event: 3.985 GC heap after
Heap after GC invocations=12 (full 3):
 PSYoungGen      total 147456K, used 63426K [0x00000000eb800000, 0x00000000fde00000, 0x0000000100000000)
  eden space 59904K, 0% used [0x00000000eb800000,0x00000000eb800000,0x00000000ef280000)
  from space 87552K, 72% used [0x00000000ef280000,0x00000000f3070800,0x00000000f4800000)
  to   space 111616K, 0% used [0x00000000f7100000,0x00000000f7100000,0x00000000fde00000)
 ParOldGen       total 265216K, used 170535K [0x00000000c2800000, 0x00000000d2b00000, 0x00000000eb800000)
  object space 265216K, 64% used [0x00000000c2800000,0x00000000cce89fa0,0x00000000d2b00000)
 Metaspace       used 13929K, capacity 14146K, committed 14336K, reserved 1062912K
  class space    used 1683K, capacity 1770K, committed 1792K, reserved 1048576K
}
Event: 4.008 GC heap before
{Heap before GC invocations=13 (full 3):
 PSYoungGen      total 147456K, used 123330K [0x00000000eb800000, 0x00000000fde00000, 0x0000000100000000)
  eden space 59904K, 100% used [0x00000000eb800000,0x00000000ef280000,0x00000000ef280000)
  from space 87552K, 72% used [0x00000000ef280000,0x00000000f3070800,0x00000000f4800000)
  to   space 111616K, 0% used [0x00000000f7100000,0x00000000f7100000,0x00000000fde00000)
 ParOldGen       total 265216K, used 170535K [0x00000000c2800000, 0x00000000d2b00000, 0x00000000eb800000)
  object space 265216K, 64% used [0x00000000c2800000,0x00000000cce89fa0,0x00000000d2b00000)
 Metaspace       used 13929K, capacity 14146K, committed 14336K, reserved 1062912K
  class space    used 1683K, capacity 1770K, committed 1792K, reserved 1048576K
Event: 4.179 GC heap after
Heap after GC invocations=13 (full 3):
 PSYoungGen      total 183296K, used 84864K [0x00000000eb800000, 0x00000000fdb00000, 0x0000000100000000)
  eden space 74752K, 0% used [0x00000000eb800000,0x00000000eb800000,0x00000000f0100000)
  from space 108544K, 78% used [0x00000000f7100000,0x00000000fc3e0000,0x00000000fdb00000)
  to   space 111616K, 0% used [0x00000000f0100000,0x00000000f0100000,0x00000000f6e00000)
 ParOldGen       total 265216K, used 209303K [0x00000000c2800000, 0x00000000d2b00000, 0x00000000eb800000)
  object space 265216K, 78% used [0x00000000c2800000,0x00000000cf465fa0,0x00000000d2b00000)
 Metaspace       used 13929K, capacity 14146K, committed 14336K, reserved 1062912K
  class space    used 1683K, capacity 1770K, committed 1792K, reserved 1048576K
}
Event: 4.207 GC heap before
{Heap before GC invocations=14 (full 3):
 PSYoungGen      total 183296K, used 159616K [0x00000000eb800000, 0x00000000fdb00000, 0x0000000100000000)
  eden space 74752K, 100% used [0x00000000eb800000,0x00000000f0100000,0x00000000f0100000)
  from space 108544K, 78% used [0x00000000f7100000,0x00000000fc3e0000,0x00000000fdb00000)
  to   space 111616K, 0% used [0x00000000f0100000,0x00000000f0100000,0x00000000f6e00000)
 ParOldGen       total 265216K, used 209303K [0x00000000c2800000, 0x00000000d2b00000, 0x00000000eb800000)
  object space 265216K, 78% used [0x00000000c2800000,0x00000000cf465fa0,0x00000000d2b00000)
 Metaspace       used 13929K, capacity 14146K, committed 14336K, reserved 1062912K
  class space    used 1683K, capacity 1770K, committed 1792K, reserved 1048576K
Event: 4.412 GC heap after
Heap after GC invocations=14 (full 3):
 PSYoungGen      total 186368K, used 74848K [0x00000000eb800000, 0x00000000ff200000, 0x0000000100000000)
  eden space 74752K, 0% used [0x00000000eb800000,0x00000000eb800000,0x00000000f0100000)
  from space 111616K, 67% used [0x00000000f0100000,0x00000000f4a18000,0x00000000f6e00000)
  to   space 111616K, 0% used [0x00000000f8500000,0x00000000f8500000,0x00000000ff200000)
 ParOldGen       total 294400K, used 294383K [0x00000000c2800000, 0x00000000d4780000, 0x00000000eb800000)
  object space 294400K, 99% used [0x00000000c2800000,0x00000000d477bfa0,0x00000000d4780000)
 Metaspace       used 13929K, capacity 14146K, committed 14336K, reserved 1062912K
  class space    used 1683K, capacity 1770K, committed 1792K, reserved 1048576K
}
Event: 4.412 GC heap before
{Heap before GC invocations=15 (full 4):
 PSYoungGen      total 186368K, used 74848K [0x00000000eb800000, 0x00000000ff200000, 0x0000000100000000)
  eden space 74752K, 0% used [0x00000000eb800000,0x00000000eb800000,0x00000000f0100000)
  from space 111616K, 67% used [0x00000000f0100000,0x00000000f4a18000,0x00000000f6e00000)
  to   space 111616K, 0% used [0x00000000f8500000,0x00000000f8500000,0x00000000ff200000)
 ParOldGen       total 294400K, used 294383K [0x00000000c2800000, 0x00000000d4780000, 0x00000000eb800000)
  object space 294400K, 99% used [0x00000000c2800000,0x00000000d477bfa0,0x00000000d4780000)
 Metaspace       used 13929K, capacity 14146K, committed 14336K, reserved 1062912K
  class space    used 1683K, capacity 1770K, committed 1792K, reserved 1048576K
Event: 6.896 GC heap after
Heap after GC invocations=15 (full 4):
 PSYoungGen      total 186368K, used 74238K [0x00000000eb800000, 0x00000000ff200000, 0x0000000100000000)
  eden space 74752K, 0% used [0x00000000eb800000,0x00000000eb800000,0x00000000f0100000)
  from space 111616K, 66% used [0x00000000f0100000,0x00000000f497fb90,0x00000000f6e00000)
  to   space 111616K, 0% used [0x00000000f8500000,0x00000000f8500000,0x00000000ff200000)
 ParOldGen       total 435200K, used 294376K [0x00000000c2800000, 0x00000000dd100000, 0x00000000eb800000)
  object space 435200K, 67% used [0x00000000c2800000,0x00000000d477a0a8,0x00000000dd100000)
 Metaspace       used 13929K, capacity 14146K, committed 14336K, reserved 1062912K
  class space    used 1683K, capacity 1770K, committed 1792K, reserved 1048576K
}
Event: 6.934 GC heap before
{Heap before GC invocations=16 (full 4):
 PSYoungGen      total 186368K, used 148990K [0x00000000eb800000, 0x00000000ff200000, 0x0000000100000000)
  eden space 74752K, 100% used [0x00000000eb800000,0x00000000f0100000,0x00000000f0100000)
  from space 111616K, 66% used [0x00000000f0100000,0x00000000f497fb90,0x00000000f6e00000)
  to   space 111616K, 0% used [0x00000000f8500000,0x00000000f8500000,0x00000000ff200000)
 ParOldGen       total 435200K, used 294376K [0x00000000c2800000, 0x00000000dd100000, 0x00000000eb800000)
  object space 435200K, 67% used [0x00000000c2800000,0x00000000d477a0a8,0x00000000dd100000)
 Metaspace       used 14007K, capacity 14152K, committed 14336K, reserved 1062912K
  class space    used 1687K, capacity 1771K, committed 1792K, reserved 1048576K
Event: 7.210 GC heap after
Heap after GC invocations=16 (full 4):
 PSYoungGen      total 199680K, used 66656K [0x00000000eb800000, 0x00000000fed00000, 0x0000000100000000)
  eden space 93184K, 0% used [0x00000000eb800000,0x00000000eb800000,0x00000000f1300000)
  from space 106496K, 62% used [0x00000000f8500000,0x00000000fc618000,0x00000000fed00000)
  to   space 111616K, 0% used [0x00000000f1300000,0x00000000f1300000,0x00000000f8000000)
 ParOldGen       total 435200K, used 368928K [0x00000000c2800000, 0x00000000dd100000, 0x00000000eb800000)
  object space 435200K, 84% used [0x00000000c2800000,0x00000000d90480a8,0x00000000dd100000)
 Metaspace       used 14007K, capacity 14152K, committed 14336K, reserved 1062912K
  class space    used 1687K, capacity 1771K, committed 1792K, reserved 1048576K
}
Event: 7.210 GC heap before
{Heap before GC invocations=17 (full 5):
 PSYoungGen      total 199680K, used 66656K [0x00000000eb800000, 0x00000000fed00000, 0x0000000100000000)
  eden space 93184K, 0% used [0x00000000eb800000,0x00000000eb800000,0x00000000f1300000)
  from space 106496K, 62% used [0x00000000f8500000,0x00000000fc618000,0x00000000fed00000)
  to   space 111616K, 0% used [0x00000000f1300000,0x00000000f1300000,0x00000000f8000000)
 ParOldGen       total 435200K, used 368928K [0x00000000c2800000, 0x00000000dd100000, 0x00000000eb800000)
  object space 435200K, 84% used [0x00000000c2800000,0x00000000d90480a8,0x00000000dd100000)
 Metaspace       used 14007K, capacity 14152K, committed 14336K, reserved 1062912K
  class space    used 1687K, capacity 1771K, committed 1792K, reserved 1048576K

