# JRE version: Java(TM) SE Runtime Environment (8.0_121-b13) (build 1.8.0_121-b13)
# Java VM: Java HotSpot(TM) 64-Bit Server VM (25.121-b13 mixed mode linux-amd64 compressed oops)
Heap:
 PSYoungGen      total 167936K, used 82432K [0x00000000eb800000, 0x00000000fac80000, 0x0000000100000000)
  eden space 85504K, 0% used [0x00000000eb800000,0x00000000eb800000,0x00000000f0b80000)
  from space 82432K, 100% used [0x00000000f0b80000,0x00000000f5c00000,0x00000000f5c00000)
  to   space 65024K, 0% used [0x00000000f5c00000,0x00000000f5c00000,0x00000000f9b80000)
 ParOldGen       total 203776K, used 173830K [0x00000000c2800000, 0x00000000cef00000, 0x00000000eb800000)
  object space 203776K, 85% used [0x00000000c2800000,0x00000000cd1c1878,0x00000000cef00000)
 Metaspace       used 13914K, capacity 14146K, committed 14336K, reserved 1062912K
  class space    used 1683K, capacity 1770K, committed 1792K, reserved 1048576K
GC Heap History (10 events):
Event: 1.567 GC heap after
Heap after GC invocations=4 (full 0):
 PSYoungGen      total 66048K, used 2544K [0x00000000eb800000, 0x00000000efb00000, 0x0000000100000000)
  eden space 63488K, 0% used [0x00000000eb800000,0x00000000eb800000,0x00000000ef600000)
  from space 2560K, 99% used [0x00000000ef880000,0x00000000efafc020,0x00000000efb00000)
  to   space 2560K, 0% used [0x00000000ef600000,0x00000000ef600000,0x00000000ef880000)
 ParOldGen       total 42496K, used 41909K [0x00000000c2800000, 0x00000000c5180000, 0x00000000eb800000)
  object space 42496K, 98% used [0x00000000c2800000,0x00000000c50ed4d8,0x00000000c5180000)
 Metaspace       used 13914K, capacity 14146K, committed 14336K, reserved 1062912K
  class space    used 1683K, capacity 1770K, committed 1792K, reserved 1048576K
}
Event: 1.567 GC heap before
{Heap before GC invocations=5 (full 1):
 PSYoungGen      total 66048K, used 2544K [0x00000000eb800000, 0x00000000efb00000, 0x0000000100000000)
  eden space 63488K, 0% used [0x00000000eb800000,0x00000000eb800000,0x00000000ef600000)
  from space 2560K, 99% used [0x00000000ef880000,0x00000000efafc020,0x00000000efb00000)
  to   space 2560K, 0% used [0x00000000ef600000,0x00000000ef600000,0x00000000ef880000)
 ParOldGen       total 42496K, used 41909K [0x00000000c2800000, 0x00000000c5180000, 0x00000000eb800000)
  object space 42496K, 98% used [0x00000000c2800000,0x00000000c50ed4d8,0x00000000c5180000)
 Metaspace       used 13914K, capacity 14146K, committed 14336K, reserved 1062912K
  class space    used 1683K, capacity 1770K, committed 1792K, reserved 1048576K
Event: 1.888 GC heap after
Heap after GC invocations=5 (full 1):
 PSYoungGen      total 66048K, used 993K [0x00000000eb800000, 0x00000000efb00000, 0x0000000100000000)
  eden space 63488K, 0% used [0x00000000eb800000,0x00000000eb800000,0x00000000ef600000)
  from space 2560K, 38% used [0x00000000ef880000,0x00000000ef9785a8,0x00000000efb00000)
  to   space 2560K, 0% used [0x00000000ef600000,0x00000000ef600000,0x00000000ef880000)
 ParOldGen       total 95744K, used 42420K [0x00000000c2800000, 0x00000000c8580000, 0x00000000eb800000)
  object space 95744K, 44% used [0x00000000c2800000,0x00000000c516d028,0x00000000c8580000)
 Metaspace       used 13914K, capacity 14146K, committed 14336K, reserved 1062912K
  class space    used 1683K, capacity 1770K, committed 1792K, reserved 1048576K
}
Event: 1.922 GC heap before
{Heap before GC invocations=6 (full 1):
 PSYoungGen      total 66048K, used 64481K [0x00000000eb800000, 0x00000000efb00000, 0x0000000100000000)
  eden space 63488K, 100% used [0x00000000eb800000,0x00000000ef600000,0x00000000ef600000)
  from space 2560K, 38% used [0x00000000ef880000,0x00000000ef9785a8,0x00000000efb00000)
  to   space 2560K, 0% used [0x00000000ef600000,0x00000000ef600000,0x00000000ef880000)
 ParOldGen       total 95744K, used 42420K [0x00000000c2800000, 0x00000000c8580000, 0x00000000eb800000)
  object space 95744K, 44% used [0x00000000c2800000,0x00000000c516d028,0x00000000c8580000)
 Metaspace       used 13914K, capacity 14146K, committed 14336K, reserved 1062912K
  class space    used 1683K, capacity 1770K, committed 1792K, reserved 1048576K
Event: 2.056 GC heap after
Heap after GC invocations=6 (full 1):
 PSYoungGen      total 66048K, used 2544K [0x00000000eb800000, 0x00000000f9b80000, 0x0000000100000000)
  eden space 63488K, 0% used [0x00000000eb800000,0x00000000eb800000,0x00000000ef600000)
  from space 2560K, 99% used [0x00000000ef600000,0x00000000ef87c010,0x00000000ef880000)
  to   space 65024K, 0% used [0x00000000f5c00000,0x00000000f5c00000,0x00000000f9b80000)
 ParOldGen       total 104960K, used 104620K [0x00000000c2800000, 0x00000000c8e80000, 0x00000000eb800000)
  object space 104960K, 99% used [0x00000000c2800000,0x00000000c8e2b048,0x00000000c8e80000)
 Metaspace       used 13914K, capacity 14146K, committed 14336K, reserved 1062912K
  class space    used 1683K, capacity 1770K, committed 1792K, reserved 1048576K
}
Event: 2.056 GC heap before
{Heap before GC invocations=7 (full 2):
 PSYoungGen      total 66048K, used 2544K [0x00000000eb800000, 0x00000000f9b80000, 0x0000000100000000)
  eden space 63488K, 0% used [0x00000000eb800000,0x00000000eb800000,0x00000000ef600000)
  from space 2560K, 99% used [0x00000000ef600000,0x00000000ef87c010,0x00000000ef880000)
  to   space 65024K, 0% used [0x00000000f5c00000,0x00000000f5c00000,0x00000000f9b80000)
 ParOldGen       total 104960K, used 104620K [0x00000000c2800000, 0x00000000c8e80000, 0x00000000eb800000)
  object space 104960K, 99% used [0x00000000c2800000,0x00000000c8e2b048,0x00000000c8e80000)
 Metaspace       used 13914K, capacity 14146K, committed 14336K, reserved 1062912K
  class space    used 1683K, capacity 1770K, committed 1792K, reserved 1048576K
Event: 2.899 GC heap after
Heap after GC invocations=7 (full 2):
 PSYoungGen      total 66048K, used 2030K [0x00000000eb800000, 0x00000000f9b80000, 0x0000000100000000)
  eden space 63488K, 0% used [0x00000000eb800000,0x00000000eb800000,0x00000000ef600000)
  from space 2560K, 79% used [0x00000000ef600000,0x00000000ef7fb810,0x00000000ef880000)
  to   space 65024K, 0% used [0x00000000f5c00000,0x00000000f5c00000,0x00000000f9b80000)
 ParOldGen       total 203776K, used 104870K [0x00000000c2800000, 0x00000000cef00000, 0x00000000eb800000)
  object space 203776K, 51% used [0x00000000c2800000,0x00000000c8e69878,0x00000000cef00000)
 Metaspace       used 13914K, capacity 14146K, committed 14336K, reserved 1062912K
  class space    used 1683K, capacity 1770K, committed 1792K, reserved 1048576K
}
Event: 2.922 GC heap before
{Heap before GC invocations=8 (full 2):
 PSYoungGen      total 66048K, used 65518K [0x00000000eb800000, 0x00000000f9b80000, 0x0000000100000000)
  eden space 63488K, 100% used [0x00000000eb800000,0x00000000ef600000,0x00000000ef600000)
  from space 2560K, 79% used [0x00000000ef600000,0x00000000ef7fb810,0x00000000ef880000)
  to   space 65024K, 0% used [0x00000000f5c00000,0x00000000f5c00000,0x00000000f9b80000)
 ParOldGen       total 203776K, used 104870K [0x00000000c2800000, 0x00000000cef00000, 0x00000000eb800000)
  object space 203776K, 51% used [0x00000000c2800000,0x00000000c8e69878,0x00000000cef00000)
 Metaspace       used 13914K, capacity 14146K, committed 14336K, reserved 1062912K
  class space    used 1683K, capacity 1770K, committed 1792K, reserved 1048576K
Event: 3.195 GC heap after
Heap after GC invocations=8 (full 2):
 PSYoungGen      total 150528K, used 65024K [0x00000000eb800000, 0x00000000fac80000, 0x0000000100000000)
  eden space 85504K, 0% used [0x00000000eb800000,0x00000000eb800000,0x00000000f0b80000)
  from space 65024K, 100% used [0x00000000f5c00000,0x00000000f9b80000,0x00000000f9b80000)
  to   space 82432K, 0% used [0x00000000f0b80000,0x00000000f0b80000,0x00000000f5c00000)
 ParOldGen       total 203776K, used 105486K [0x00000000c2800000, 0x00000000cef00000, 0x00000000eb800000)
  object space 203776K, 51% used [0x00000000c2800000,0x00000000c8f03878,0x00000000cef00000)
 Metaspace       used 13914K, capacity 14146K, committed 14336K, reserved 1062912K
  class space    used 1683K, capacity 1770K, committed 1792K, reserved 1048576K
}
Event: 3.236 GC heap before
{Heap before GC invocations=9 (full 2):
 PSYoungGen      total 150528K, used 150528K [0x00000000eb800000, 0x00000000fac80000, 0x0000000100000000)
  eden space 85504K, 100% used [0x00000000eb800000,0x00000000f0b80000,0x00000000f0b80000)
  from space 65024K, 100% used [0x00000000f5c00000,0x00000000f9b80000,0x00000000f9b80000)
  to   space 82432K, 0% used [0x00000000f0b80000,0x00000000f0b80000,0x00000000f5c00000)
 ParOldGen       total 203776K, used 105486K [0x00000000c2800000, 0x00000000cef00000, 0x00000000eb800000)
  object space 203776K, 51% used [0x00000000c2800000,0x00000000c8f03878,0x00000000cef00000)
 Metaspace       used 13914K, capacity 14146K, committed 14336K, reserved 1062912K
  class space    used 1683K, capacity 1770K, committed 1792K, reserved 1048576K

