# JRE version: Java(TM) SE Runtime Environment (8.0_121-b13) (build 1.8.0_121-b13)
# Java VM: Java HotSpot(TM) 64-Bit Server VM (25.121-b13 mixed mode linux-amd64 compressed oops)
Heap:
 PSYoungGen      total 161792K, used 43477K [0x00000000eb800000, 0x0000000100000000, 0x0000000100000000)
  eden space 79360K, 0% used [0x00000000eb800000,0x00000000eb800000,0x00000000f0580000)
  from space 82432K, 52% used [0x00000000f0580000,0x00000000f2ff5578,0x00000000f5600000)
  to   space 111616K, 0% used [0x00000000f9300000,0x00000000f9300000,0x0000000100000000)
 ParOldGen       total 206336K, used 206087K [0x00000000c2800000, 0x00000000cf180000, 0x00000000eb800000)
  object space 206336K, 99% used [0x00000000c2800000,0x00000000cf141f48,0x00000000cf180000)
 Metaspace       used 13915K, capacity 14146K, committed 14336K, reserved 1062912K
  class space    used 1683K, capacity 1770K, committed 1792K, reserved 1048576K
GC Heap History (10 events):
Event: 1.602 GC heap after
Heap after GC invocations=5 (full 1):
 PSYoungGen      total 66048K, used 1004K [0x00000000eb800000, 0x00000000efb00000, 0x0000000100000000)
  eden space 63488K, 0% used [0x00000000eb800000,0x00000000eb800000,0x00000000ef600000)
  from space 2560K, 39% used [0x00000000ef880000,0x00000000ef97b008,0x00000000efb00000)
  to   space 2560K, 0% used [0x00000000ef600000,0x00000000ef600000,0x00000000ef880000)
 ParOldGen       total 97280K, used 42230K [0x00000000c2800000, 0x00000000c8700000, 0x00000000eb800000)
  object space 97280K, 43% used [0x00000000c2800000,0x00000000c513d870,0x00000000c8700000)
 Metaspace       used 13915K, capacity 14146K, committed 14336K, reserved 1062912K
  class space    used 1683K, capacity 1770K, committed 1792K, reserved 1048576K
}
Event: 1.659 GC heap before
{Heap before GC invocations=6 (full 1):
 PSYoungGen      total 66048K, used 64492K [0x00000000eb800000, 0x00000000efb00000, 0x0000000100000000)
  eden space 63488K, 100% used [0x00000000eb800000,0x00000000ef600000,0x00000000ef600000)
  from space 2560K, 39% used [0x00000000ef880000,0x00000000ef97b008,0x00000000efb00000)
  to   space 2560K, 0% used [0x00000000ef600000,0x00000000ef600000,0x00000000ef880000)
 ParOldGen       total 97280K, used 42230K [0x00000000c2800000, 0x00000000c8700000, 0x00000000eb800000)
  object space 97280K, 43% used [0x00000000c2800000,0x00000000c513d870,0x00000000c8700000)
 Metaspace       used 13915K, capacity 14146K, committed 14336K, reserved 1062912K
  class space    used 1683K, capacity 1770K, committed 1792K, reserved 1048576K
Event: 1.806 GC heap after
Heap after GC invocations=6 (full 1):
 PSYoungGen      total 66048K, used 2560K [0x00000000eb800000, 0x00000000f9580000, 0x0000000100000000)
  eden space 63488K, 0% used [0x00000000eb800000,0x00000000eb800000,0x00000000ef600000)
  from space 2560K, 100% used [0x00000000ef600000,0x00000000ef880000,0x00000000ef880000)
  to   space 65024K, 0% used [0x00000000f5600000,0x00000000f5600000,0x00000000f9580000)
 ParOldGen       total 104448K, used 104438K [0x00000000c2800000, 0x00000000c8e00000, 0x00000000eb800000)
  object space 104448K, 99% used [0x00000000c2800000,0x00000000c8dfd870,0x00000000c8e00000)
 Metaspace       used 13915K, capacity 14146K, committed 14336K, reserved 1062912K
  class space    used 1683K, capacity 1770K, committed 1792K, reserved 1048576K
}
Event: 1.806 GC heap before
{Heap before GC invocations=7 (full 2):
 PSYoungGen      total 66048K, used 2560K [0x00000000eb800000, 0x00000000f9580000, 0x0000000100000000)
  eden space 63488K, 0% used [0x00000000eb800000,0x00000000eb800000,0x00000000ef600000)
  from space 2560K, 100% used [0x00000000ef600000,0x00000000ef880000,0x00000000ef880000)
  to   space 65024K, 0% used [0x00000000f5600000,0x00000000f5600000,0x00000000f9580000)
 ParOldGen       total 104448K, used 104438K [0x00000000c2800000, 0x00000000c8e00000, 0x00000000eb800000)
  object space 104448K, 99% used [0x00000000c2800000,0x00000000c8dfd870,0x00000000c8e00000)
 Metaspace       used 13915K, capacity 14146K, committed 14336K, reserved 1062912K
  class space    used 1683K, capacity 1770K, committed 1792K, reserved 1048576K
Event: 2.609 GC heap after
Heap after GC invocations=7 (full 2):
 PSYoungGen      total 66048K, used 2549K [0x00000000eb800000, 0x00000000f9580000, 0x0000000100000000)
  eden space 63488K, 0% used [0x00000000eb800000,0x00000000eb800000,0x00000000ef600000)
  from space 2560K, 99% used [0x00000000ef600000,0x00000000ef87d708,0x00000000ef880000)
  to   space 65024K, 0% used [0x00000000f5600000,0x00000000f5600000,0x00000000f9580000)
 ParOldGen       total 206336K, used 104170K [0x00000000c2800000, 0x00000000cf180000, 0x00000000eb800000)
  object space 206336K, 50% used [0x00000000c2800000,0x00000000c8dba988,0x00000000cf180000)
 Metaspace       used 13915K, capacity 14146K, committed 14336K, reserved 1062912K
  class space    used 1683K, capacity 1770K, committed 1792K, reserved 1048576K
}
Event: 2.635 GC heap before
{Heap before GC invocations=8 (full 2):
 PSYoungGen      total 66048K, used 66037K [0x00000000eb800000, 0x00000000f9580000, 0x0000000100000000)
  eden space 63488K, 100% used [0x00000000eb800000,0x00000000ef600000,0x00000000ef600000)
  from space 2560K, 99% used [0x00000000ef600000,0x00000000ef87d708,0x00000000ef880000)
  to   space 65024K, 0% used [0x00000000f5600000,0x00000000f5600000,0x00000000f9580000)
 ParOldGen       total 206336K, used 104170K [0x00000000c2800000, 0x00000000cf180000, 0x00000000eb800000)
  object space 206336K, 50% used [0x00000000c2800000,0x00000000c8dba988,0x00000000cf180000)
 Metaspace       used 13915K, capacity 14146K, committed 14336K, reserved 1062912K
  class space    used 1683K, capacity 1770K, committed 1792K, reserved 1048576K
Event: 2.840 GC heap after
Heap after GC invocations=8 (full 2):
 PSYoungGen      total 144384K, used 65024K [0x00000000eb800000, 0x00000000fab00000, 0x0000000100000000)
  eden space 79360K, 0% used [0x00000000eb800000,0x00000000eb800000,0x00000000f0580000)
  from space 65024K, 100% used [0x00000000f5600000,0x00000000f9580000,0x00000000f9580000)
  to   space 82432K, 0% used [0x00000000f0580000,0x00000000f0580000,0x00000000f5600000)
 ParOldGen       total 206336K, used 105274K [0x00000000c2800000, 0x00000000cf180000, 0x00000000eb800000)
  object space 206336K, 51% used [0x00000000c2800000,0x00000000c8ece988,0x00000000cf180000)
 Metaspace       used 13915K, capacity 14146K, committed 14336K, reserved 1062912K
  class space    used 1683K, capacity 1770K, committed 1792K, reserved 1048576K
}
Event: 2.875 GC heap before
{Heap before GC invocations=9 (full 2):
 PSYoungGen      total 144384K, used 144384K [0x00000000eb800000, 0x00000000fab00000, 0x0000000100000000)
  eden space 79360K, 100% used [0x00000000eb800000,0x00000000f0580000,0x00000000f0580000)
  from space 65024K, 100% used [0x00000000f5600000,0x00000000f9580000,0x00000000f9580000)
  to   space 82432K, 0% used [0x00000000f0580000,0x00000000f0580000,0x00000000f5600000)
 ParOldGen       total 206336K, used 105274K [0x00000000c2800000, 0x00000000cf180000, 0x00000000eb800000)
  object space 206336K, 51% used [0x00000000c2800000,0x00000000c8ece988,0x00000000cf180000)
 Metaspace       used 13915K, capacity 14146K, committed 14336K, reserved 1062912K
  class space    used 1683K, capacity 1770K, committed 1792K, reserved 1048576K
Event: 3.196 GC heap after
Heap after GC invocations=9 (full 2):
 PSYoungGen      total 161792K, used 82432K [0x00000000eb800000, 0x0000000100000000, 0x0000000100000000)
  eden space 79360K, 0% used [0x00000000eb800000,0x00000000eb800000,0x00000000f0580000)
  from space 82432K, 100% used [0x00000000f0580000,0x00000000f5600000,0x00000000f5600000)
  to   space 111616K, 0% used [0x00000000f9300000,0x00000000f9300000,0x0000000100000000)
 ParOldGen       total 206336K, used 167485K [0x00000000c2800000, 0x00000000cf180000, 0x00000000eb800000)
  object space 206336K, 81% used [0x00000000c2800000,0x00000000ccb8f5b8,0x00000000cf180000)
 Metaspace       used 13915K, capacity 14146K, committed 14336K, reserved 1062912K
  class space    used 1683K, capacity 1770K, committed 1792K, reserved 1048576K
}
Event: 3.206 GC heap before
{Heap before GC invocations=10 (full 3):
 PSYoungGen      total 161792K, used 82432K [0x00000000eb800000, 0x0000000100000000, 0x0000000100000000)
  eden space 79360K, 0% used [0x00000000eb800000,0x00000000eb800000,0x00000000f0580000)
  from space 82432K, 100% used [0x00000000f0580000,0x00000000f5600000,0x00000000f5600000)
  to   space 111616K, 0% used [0x00000000f9300000,0x00000000f9300000,0x0000000100000000)
 ParOldGen       total 206336K, used 167485K [0x00000000c2800000, 0x00000000cf180000, 0x00000000eb800000)
  object space 206336K, 81% used [0x00000000c2800000,0x00000000ccb8f5b8,0x00000000cf180000)
 Metaspace       used 13915K, capacity 14146K, committed 14336K, reserved 1062912K
  class space    used 1683K, capacity 1770K, committed 1792K, reserved 1048576K

