-------------------------------------------------------------------------------
Test set: cs362.dominion.Player_ESTest
-------------------------------------------------------------------------------
Tests run: 1, Failures: 0, Errors: 1, Skipped: 0, Time elapsed: 0.303 sec <<< FAILURE! - in cs362.dominion.Player_ESTest
cs362.dominion.Player_ESTest  Time elapsed: 0.301 sec  <<< ERROR!
java.lang.Error: java.io.FileNotFoundException: C:\Program Files\Java\jdk1.8.0_121\jre/lib/tzdb.dat (No such file or directory)
	at sun.util.calendar.ZoneInfoFile$1.run(ZoneInfoFile.java:261)
	at java.security.AccessController.doPrivileged(Native Method)
	at sun.util.calendar.ZoneInfoFile.<clinit>(ZoneInfoFile.java:251)
	at sun.util.calendar.ZoneInfo.getTimeZone(ZoneInfo.java:589)
	at java.util.TimeZone.getTimeZone(TimeZone.java:560)
	at java.util.TimeZone.getTimeZone(TimeZone.java:516)
	at org.evosuite.runtime.mock.java.util.MockTimeZone.<clinit>(MockTimeZone.java:32)
	at org.evosuite.runtime.Runtime.resetRuntime(Runtime.java:84)
	at org.evosuite.runtime.classhandling.ClassStateSupport.loadClasses(ClassStateSupport.java:124)
	at org.evosuite.runtime.classhandling.ClassStateSupport.initializeClasses(ClassStateSupport.java:62)
	at cs362.dominion.Player_ESTest_scaffolding.initializeClasses(Player_ESTest_scaffolding.java:117)
	at cs362.dominion.Player_ESTest_scaffolding.initEvoSuiteFramework(Player_ESTest_scaffolding.java:39)
	at sun.reflect.NativeMethodAccessorImpl.invoke0(Native Method)
	at sun.reflect.NativeMethodAccessorImpl.invoke(NativeMethodAccessorImpl.java:62)
	at sun.reflect.DelegatingMethodAccessorImpl.invoke(DelegatingMethodAccessorImpl.java:43)
	at java.lang.reflect.Method.invoke(Method.java:498)
	at org.junit.runners.model.FrameworkMethod$1.runReflectiveCall(FrameworkMethod.java:50)
	at org.junit.internal.runners.model.ReflectiveCallable.run(ReflectiveCallable.java:12)
	at org.junit.runners.model.FrameworkMethod.invokeExplosively(FrameworkMethod.java:47)
	at org.junit.internal.runners.statements.RunBefores.evaluate(RunBefores.java:24)
	at org.junit.internal.runners.statements.RunAfters.evaluate(RunAfters.java:27)
	at org.junit.runners.ParentRunner.run(ParentRunner.java:363)
	at org.apache.maven.surefire.junit4.JUnit4Provider.execute(JUnit4Provider.java:264)
	at org.apache.maven.surefire.junit4.JUnit4Provider.executeTestSet(JUnit4Provider.java:153)
	at org.apache.maven.surefire.junit4.JUnit4Provider.invoke(JUnit4Provider.java:124)
	at org.apache.maven.surefire.booter.ForkedBooter.invokeProviderInSameClassLoader(ForkedBooter.java:200)
	at org.apache.maven.surefire.booter.ForkedBooter.runSuitesInProcess(ForkedBooter.java:153)
	at org.apache.maven.surefire.booter.ForkedBooter.main(ForkedBooter.java:103)
Caused by: java.io.FileNotFoundException: C:\Program Files\Java\jdk1.8.0_121\jre/lib/tzdb.dat (No such file or directory)
	at java.io.FileInputStream.open0(Native Method)
	at java.io.FileInputStream.open(FileInputStream.java:195)
	at java.io.FileInputStream.<init>(FileInputStream.java:138)
	at sun.util.calendar.ZoneInfoFile$1.run(ZoneInfoFile.java:255)
	at java.security.AccessController.doPrivileged(Native Method)
	at sun.util.calendar.ZoneInfoFile.<clinit>(ZoneInfoFile.java:251)
	at sun.util.calendar.ZoneInfo.getTimeZone(ZoneInfo.java:589)
	at java.util.TimeZone.getTimeZone(TimeZone.java:560)
	at java.util.TimeZone.getTimeZone(TimeZone.java:516)
	at org.evosuite.runtime.mock.java.util.MockTimeZone.<clinit>(MockTimeZone.java:32)
	at org.evosuite.runtime.Runtime.resetRuntime(Runtime.java:84)
	at org.evosuite.runtime.classhandling.ClassStateSupport.loadClasses(ClassStateSupport.java:124)
	at org.evosuite.runtime.classhandling.ClassStateSupport.initializeClasses(ClassStateSupport.java:62)
	at cs362.dominion.Player_ESTest_scaffolding.initializeClasses(Player_ESTest_scaffolding.java:117)
	at cs362.dominion.Player_ESTest_scaffolding.initEvoSuiteFramework(Player_ESTest_scaffolding.java:39)
	at sun.reflect.NativeMethodAccessorImpl.invoke0(Native Method)
	at sun.reflect.NativeMethodAccessorImpl.invoke(NativeMethodAccessorImpl.java:62)
	at sun.reflect.DelegatingMethodAccessorImpl.invoke(DelegatingMethodAccessorImpl.java:43)
	at java.lang.reflect.Method.invoke(Method.java:498)
	at org.junit.runners.model.FrameworkMethod$1.runReflectiveCall(FrameworkMethod.java:50)
	at org.junit.internal.runners.model.ReflectiveCallable.run(ReflectiveCallable.java:12)
	at org.junit.runners.model.FrameworkMethod.invokeExplosively(FrameworkMethod.java:47)
	at org.junit.internal.runners.statements.RunBefores.evaluate(RunBefores.java:24)
	at org.junit.internal.runners.statements.RunAfters.evaluate(RunAfters.java:27)
	at org.junit.runners.ParentRunner.run(ParentRunner.java:363)
	at org.apache.maven.surefire.junit4.JUnit4Provider.execute(JUnit4Provider.java:264)
	at org.apache.maven.surefire.junit4.JUnit4Provider.executeTestSet(JUnit4Provider.java:153)
	at org.apache.maven.surefire.junit4.JUnit4Provider.invoke(JUnit4Provider.java:124)
	at org.apache.maven.surefire.booter.ForkedBooter.invokeProviderInSameClassLoader(ForkedBooter.java:200)
	at org.apache.maven.surefire.booter.ForkedBooter.runSuitesInProcess(ForkedBooter.java:153)
	at org.apache.maven.surefire.booter.ForkedBooter.main(ForkedBooter.java:103)

