GROUP,PACKAGE,CLASS,INSTRUCTION_MISSED,INSTRUCTION_COVERED,BRANCH_MISSED,BRANCH_COVERED,LINE_MISSED,LINE_COVERED,COMPLEXITY_MISSED,COMPLEXITY_COVERED,METHOD_MISSED,METHOD_COVERED
CS362-Assignment1,org.cs362.dominion,GameState,323,204,30,16,60,38,22,10,6,3
CS362-Assignment1,org.cs362.dominion,Card.CardName,5,213,0,0,0,4,1,3,1,3
CS362-Assignment1,org.cs362.dominion,Card,800,428,112,11,169,76,66,17,2,13
CS362-Assignment1,org.cs362.dominion,PlayDominion,90,0,2,0,18,0,3,0,2,0
CS362-Assignment1,org.cs362.dominion,Randomness,48,13,6,0,11,4,7,2,4,2
CS362-Assignment1,org.cs362.dominion,RandomTestDominion,103,0,4,0,20,0,4,0,2,0
CS362-Assignment1,org.cs362.dominion,Card.new Object() {...},14,89,0,0,0,1,0,1,0,1
CS362-Assignment1,org.cs362.dominion,Card.Type,9,39,0,0,0,2,2,2,2,2
CS362-Assignment1,org.cs362.dominion,Player,1250,361,105,23,197,72,64,15,7,8
