<?xml version="1.0" encoding="UTF-8" ?>
<testsuite tests="67" failures="1" name="Player_ESTest" time="0.112" errors="0" skipped="0">
  <properties>
    <property name="java.runtime.name" value="Java(TM) SE Runtime Environment"/>
    <property name="sun.boot.library.path" value="/Library/Java/JavaVirtualMachines/jdk1.8.0_51.jdk/Contents/Home/jre/lib"/>
    <property name="java.vm.version" value="25.51-b03"/>
    <property name="gopherProxySet" value="false"/>
    <property name="java.vm.vendor" value="Oracle Corporation"/>
    <property name="maven.multiModuleProjectDirectory" value="/Users/samuelhudson/Desktop/dominion"/>
    <property name="java.vendor.url" value="http://java.oracle.com/"/>
    <property name="path.separator" value=":"/>
    <property name="guice.disable.misplaced.annotation.check" value="true"/>
    <property name="java.vm.name" value="Java HotSpot(TM) 64-Bit Server VM"/>
    <property name="file.encoding.pkg" value="sun.io"/>
    <property name="user.country" value="US"/>
    <property name="sun.java.launcher" value="SUN_STANDARD"/>
    <property name="sun.os.patch.level" value="unknown"/>
    <property name="java.vm.specification.name" value="Java Virtual Machine Specification"/>
    <property name="user.dir" value="/Users/samuelhudson/Desktop/dominion"/>
    <property name="java.runtime.version" value="1.8.0_51-b16"/>
    <property name="java.awt.graphicsenv" value="sun.awt.CGraphicsEnvironment"/>
    <property name="java.endorsed.dirs" value="/Library/Java/JavaVirtualMachines/jdk1.8.0_51.jdk/Contents/Home/jre/lib/endorsed"/>
    <property name="os.arch" value="x86_64"/>
    <property name="java.io.tmpdir" value="/var/folders/cg/3k2fd1xd5dv6nl8_j0h6t44m0000gn/T/"/>
    <property name="line.separator" value="
"/>
    <property name="java.vm.specification.vendor" value="Oracle Corporation"/>
    <property name="os.name" value="Mac OS X"/>
    <property name="classworlds.conf" value="/usr/local/Cellar/maven/3.3.3/libexec/bin/m2.conf"/>
    <property name="sun.jnu.encoding" value="UTF-8"/>
    <property name="java.library.path" value="/Users/samuelhudson/Library/Java/Extensions:/Library/Java/Extensions:/Network/Library/Java/Extensions:/System/Library/Java/Extensions:/usr/lib/java:."/>
    <property name="java.specification.name" value="Java Platform API Specification"/>
    <property name="java.class.version" value="52.0"/>
    <property name="sun.management.compiler" value="HotSpot 64-Bit Tiered Compilers"/>
    <property name="os.version" value="10.11.6"/>
    <property name="user.home" value="/Users/samuelhudson"/>
    <property name="user.timezone" value="America/Los_Angeles"/>
    <property name="java.awt.printerjob" value="sun.lwawt.macosx.CPrinterJob"/>
    <property name="java.specification.version" value="1.8"/>
    <property name="file.encoding" value="UTF-8"/>
    <property name="user.name" value="samuelhudson"/>
    <property name="java.class.path" value="/usr/local/Cellar/maven/3.3.3/libexec/boot/plexus-classworlds-2.5.2.jar"/>
    <property name="java.vm.specification.version" value="1.8"/>
    <property name="sun.arch.data.model" value="64"/>
    <property name="java.home" value="/Library/Java/JavaVirtualMachines/jdk1.8.0_51.jdk/Contents/Home/jre"/>
    <property name="sun.java.command" value="org.codehaus.plexus.classworlds.launcher.Launcher package"/>
    <property name="java.specification.vendor" value="Oracle Corporation"/>
    <property name="user.language" value="en"/>
    <property name="awt.toolkit" value="sun.lwawt.macosx.LWCToolkit"/>
    <property name="java.vm.info" value="mixed mode"/>
    <property name="java.version" value="1.8.0_51"/>
    <property name="java.ext.dirs" value="/Users/samuelhudson/Library/Java/Extensions:/Library/Java/JavaVirtualMachines/jdk1.8.0_51.jdk/Contents/Home/jre/lib/ext:/Library/Java/Extensions:/Network/Library/Java/Extensions:/System/Library/Java/Extensions:/usr/lib/java"/>
    <property name="sun.boot.class.path" value="/Library/Java/JavaVirtualMachines/jdk1.8.0_51.jdk/Contents/Home/jre/lib/resources.jar:/Library/Java/JavaVirtualMachines/jdk1.8.0_51.jdk/Contents/Home/jre/lib/rt.jar:/Library/Java/JavaVirtualMachines/jdk1.8.0_51.jdk/Contents/Home/jre/lib/sunrsasign.jar:/Library/Java/JavaVirtualMachines/jdk1.8.0_51.jdk/Contents/Home/jre/lib/jsse.jar:/Library/Java/JavaVirtualMachines/jdk1.8.0_51.jdk/Contents/Home/jre/lib/jce.jar:/Library/Java/JavaVirtualMachines/jdk1.8.0_51.jdk/Contents/Home/jre/lib/charsets.jar:/Library/Java/JavaVirtualMachines/jdk1.8.0_51.jdk/Contents/Home/jre/lib/jfr.jar:/Library/Java/JavaVirtualMachines/jdk1.8.0_51.jdk/Contents/Home/jre/classes"/>
    <property name="java.vendor" value="Oracle Corporation"/>
    <property name="maven.home" value="/usr/local/Cellar/maven/3.3.3/libexec"/>
    <property name="file.separator" value="/"/>
    <property name="java.vendor.url.bug" value="http://bugreport.sun.com/bugreport/"/>
    <property name="sun.cpu.endian" value="little"/>
    <property name="sun.io.unicode.encoding" value="UnicodeBig"/>
    <property name="sun.cpu.isalist" value=""/>
  </properties>
  <testcase classname="Player_ESTest" name="test40" time="0.002"/>
  <testcase classname="Player_ESTest" name="test41" time="0.001"/>
  <testcase classname="Player_ESTest" name="test04" time="0.001"/>
  <testcase classname="Player_ESTest" name="test48" time="0.002"/>
  <testcase classname="Player_ESTest" name="test05" time="0.002"/>
  <testcase classname="Player_ESTest" name="test49" time="0.001"/>
  <testcase classname="Player_ESTest" name="test02" time="0.003"/>
  <testcase classname="Player_ESTest" name="test46" time="0.002"/>
  <testcase classname="Player_ESTest" name="test03" time="0.001"/>
  <testcase classname="Player_ESTest" name="test47" time="0.001"/>
  <testcase classname="Player_ESTest" name="test00" time="0.003"/>
  <testcase classname="Player_ESTest" name="test44" time="0.002"/>
  <testcase classname="Player_ESTest" name="test01" time="0.001"/>
  <testcase classname="Player_ESTest" name="test45" time="0.001"/>
  <testcase classname="Player_ESTest" name="test42" time="0.001"/>
  <testcase classname="Player_ESTest" name="test43" time="0.002"/>
  <testcase classname="Player_ESTest" name="test08" time="0.001"/>
  <testcase classname="Player_ESTest" name="test09" time="0.001"/>
  <testcase classname="Player_ESTest" name="test06" time="0.002"/>
  <testcase classname="Player_ESTest" name="test07" time="0.003"/>
  <testcase classname="Player_ESTest" name="test51" time="0.002"/>
  <testcase classname="Player_ESTest" name="test52" time="0.001"/>
  <testcase classname="Player_ESTest" name="test50" time="0.001"/>
  <testcase classname="Player_ESTest" name="test15" time="0.003"/>
  <testcase classname="Player_ESTest" name="test59" time="0.001"/>
  <testcase classname="Player_ESTest" name="test16" time="0.002"/>
  <testcase classname="Player_ESTest" name="test13" time="0.002"/>
  <testcase classname="Player_ESTest" name="test57" time="0.001"/>
  <testcase classname="Player_ESTest" name="test14" time="0.001"/>
  <testcase classname="Player_ESTest" name="test58" time="0.001"/>
  <testcase classname="Player_ESTest" name="test11" time="0.002"/>
  <testcase classname="Player_ESTest" name="test55" time="0.001"/>
  <testcase classname="Player_ESTest" name="test12" time="0.008"/>
  <testcase classname="Player_ESTest" name="test56" time="0"/>
  <testcase classname="Player_ESTest" name="test53" time="0"/>
  <testcase classname="Player_ESTest" name="test10" time="0"/>
  <testcase classname="Player_ESTest" name="test54" time="0.002"/>
  <testcase classname="Player_ESTest" name="test19" time="0.002"/>
  <testcase classname="Player_ESTest" name="test17" time="0.003"/>
  <testcase classname="Player_ESTest" name="test18" time="0.002"/>
  <testcase classname="Player_ESTest" name="test62" time="0.002"/>
  <testcase classname="Player_ESTest" name="test63" time="0.001"/>
  <testcase classname="Player_ESTest" name="test60" time="0.007"/>
  <testcase classname="Player_ESTest" name="test61" time="0.001"/>
  <testcase classname="Player_ESTest" name="test26" time="0.002"/>
  <testcase classname="Player_ESTest" name="test27" time="0.002">
    <failure message="expected:&lt;277&gt; but was:&lt;276&gt;" type="java.lang.AssertionError">java.lang.AssertionError: expected:&lt;277&gt; but was:&lt;276&gt;
	at org.junit.Assert.fail(Assert.java:88)
	at org.junit.Assert.failNotEquals(Assert.java:834)
	at org.junit.Assert.assertEquals(Assert.java:645)
	at org.junit.Assert.assertEquals(Assert.java:631)
	at Player_ESTest.test27(Player_ESTest.java:739)
	at sun.reflect.NativeMethodAccessorImpl.invoke0(Native Method)
	at sun.reflect.NativeMethodAccessorImpl.invoke(NativeMethodAccessorImpl.java:62)
	at sun.reflect.DelegatingMethodAccessorImpl.invoke(DelegatingMethodAccessorImpl.java:43)
	at java.lang.reflect.Method.invoke(Method.java:497)
	at org.junit.runners.model.FrameworkMethod$1.runReflectiveCall(FrameworkMethod.java:50)
	at org.junit.internal.runners.model.ReflectiveCallable.run(ReflectiveCallable.java:12)
	at org.junit.runners.model.FrameworkMethod.invokeExplosively(FrameworkMethod.java:47)
	at org.junit.internal.runners.statements.InvokeMethod.evaluate(InvokeMethod.java:17)
	at org.junit.internal.runners.statements.FailOnTimeout$CallableStatement.call(FailOnTimeout.java:298)
	at org.junit.internal.runners.statements.FailOnTimeout$CallableStatement.call(FailOnTimeout.java:292)
	at java.util.concurrent.FutureTask.run(FutureTask.java:266)
	at java.lang.Thread.run(Thread.java:745)
</failure>
    <system-out> has selected action card: &apos;s discard pile:
 has selected action card: &apos;s hand pile:
Position: 0 Card: victory estate
Position: 1 Card: victory estate
Position: 2 Card: treasure copper
Position: 3 Card: treasure copper
Position: 4 Card: treasure copper
Position: 5 Card: treasure copper
Position: 6 Card: victory estate
Position: 7 Card: treasure copper
Position: 8 Card: treasure copper
Position: 9 Card: treasure copper
 has selected action card:  is drawing from the board card: 
 type:  action
 name:  council_room
 cost:  5
 value: 0
 from position:6
 has selected action card:  has selected action card: council_room.

Playing council_room card.

 has selected action card:  is choosing to spend total treasure value of: 1.
 has selected action card:  is drawing from the board card: 
 type:  treasure
 name:  copper
 cost:  0
 value: 1
 from position:1
</system-out>
  </testcase>
  <testcase classname="Player_ESTest" name="test24" time="0.001"/>
  <testcase classname="Player_ESTest" name="test25" time="0.001"/>
  <testcase classname="Player_ESTest" name="test22" time="0.001"/>
  <testcase classname="Player_ESTest" name="test66" time="0.002"/>
  <testcase classname="Player_ESTest" name="test23" time="0.001"/>
  <testcase classname="Player_ESTest" name="test20" time="0.001"/>
  <testcase classname="Player_ESTest" name="test64" time="0.001"/>
  <testcase classname="Player_ESTest" name="test21" time="0.001"/>
  <testcase classname="Player_ESTest" name="test65" time="0.001"/>
  <testcase classname="Player_ESTest" name="test28" time="0.002"/>
  <testcase classname="Player_ESTest" name="test29" time="0.001"/>
  <testcase classname="Player_ESTest" name="test30" time="0.001"/>
  <testcase classname="Player_ESTest" name="test37" time="0.001"/>
  <testcase classname="Player_ESTest" name="test38" time="0.001"/>
  <testcase classname="Player_ESTest" name="test35" time="0.002"/>
  <testcase classname="Player_ESTest" name="test36" time="0.002"/>
  <testcase classname="Player_ESTest" name="test33" time="0.001"/>
  <testcase classname="Player_ESTest" name="test34" time="0.003"/>
  <testcase classname="Player_ESTest" name="test31" time="0.002"/>
  <testcase classname="Player_ESTest" name="test32" time="0.002"/>
  <testcase classname="Player_ESTest" name="test39" time="0.001"/>
</testsuite>