* Starting client
* Connecting to master process on port 11177
* Analyzing classpath: 
  - /home/talikk/Documents/SchoolLOL/CS362/MVN/Dominion/CS362W17Section-001/projects/talikk/target/test-classes
  - /home/talikk/Documents/SchoolLOL/CS362/MVN/Dominion/CS362W17Section-001/projects/talikk/target/classes
  - /home/talikk/.m2/repository/junit/junit/4.11/junit-4.11.jar
  - /home/talikk/.m2/repository/org/hamcrest/hamcrest-core/1.3/hamcrest-core-1.3.jar
  - /home/talikk/.m2/repository/net/sourceforge/cobertura/cobertura/2.1.1/cobertura-2.1.1.jar
  - /home/talikk/.m2/repository/org/ow2/asm/asm/5.0.1/asm-5.0.1.jar
  - /home/talikk/.m2/repository/org/ow2/asm/asm-tree/5.0.1/asm-tree-5.0.1.jar
  - /home/talikk/.m2/repository/org/ow2/asm/asm-commons/5.0.1/asm-commons-5.0.1.jar
  - /home/talikk/.m2/repository/org/ow2/asm/asm-util/5.0.1/asm-util-5.0.1.jar
  - /home/talikk/.m2/repository/org/ow2/asm/asm-analysis/5.0.1/asm-analysis-5.0.1.jar
  - /home/talikk/.m2/repository/oro/oro/2.0.8/oro-2.0.8.jar
  - /home/talikk/.m2/repository/jaxen/jaxen/1.1.4/jaxen-1.1.4.jar
  - /home/talikk/.m2/repository/org/apache/ant/ant/1.8.3/ant-1.8.3.jar
  - /home/talikk/.m2/repository/org/apache/ant/ant-launcher/1.8.3/ant-launcher-1.8.3.jar
  - /home/talikk/.m2/repository/org/apache/ant/ant-junit/1.8.3/ant-junit-1.8.3.jar
  - /home/talikk/.m2/repository/org/mortbay/jetty/servlet-api-2.5/6.1.14/servlet-api-2.5-6.1.14.jar
  - /home/talikk/.m2/repository/org/mortbay/jetty/jetty/6.1.14/jetty-6.1.14.jar
  - /home/talikk/.m2/repository/org/mortbay/jetty/jetty-util/6.1.14/jetty-util-6.1.14.jar
  - /usr/lib/jvm/java-8-openjdk-amd64/jre/../lib/tools.jar
  - /home/talikk/.m2/repository/org/slf4j/slf4j-api/1.7.5/slf4j-api-1.7.5.jar
  - /home/talikk/.m2/repository/ch/qos/logback/logback-classic/1.0.13/logback-classic-1.0.13.jar
  - /home/talikk/.m2/repository/ch/qos/logback/logback-core/1.0.13/logback-core-1.0.13.jar
  - /home/talikk/.m2/repository/org/apache/commons/commons-lang3/3.3.2/commons-lang3-3.3.2.jar
* Finished analyzing classpath
* Generating tests for class org.cs362.dominion.game
* Test criteria:
  - Line Coverage
  - Branch Coverage
  - Exception
  - Mutation testing (weak)
  - Method-Output Coverage
  - Top-Level Method Coverage
  - No-Exception Top-Level Method Coverage
  - Context Branch Coverage
* Setting up search algorithm for whole suite generation
* Total number of test goals: 
  - Line 56
  - Branch 20
  - Exception 0
  - MutationFactory 85
  - Output 2
  - Method 10
  - MethodNoException 10
  - CBranchFitnessFactory 20
* Using seed 1488244887264
* Starting evolution
* Search finished after 65s and 769 generations, 148370 statements, best individual has fitness: 18.077777777777776
* Writing sequences to pool
* Minimizing test suite
* Going to analyze the coverage criteria
* Coverage analysis for criterion LINE
* Coverage of criterion LINE: 95%
* Total number of goals: 56
* Number of covered goals: 53
* Coverage analysis for criterion BRANCH
* Coverage of criterion BRANCH: 85%
* Total number of goals: 20
* Number of covered goals: 17
* Coverage analysis for criterion EXCEPTION
* Coverage of criterion EXCEPTION: 100%
* Total number of goals: 8
* Number of covered goals: 8
* Coverage analysis for criterion WEAKMUTATION
* Coverage of criterion WEAKMUTATION: 92%
* Total number of goals: 85
* Number of covered goals: 78
* Coverage analysis for criterion OUTPUT
* Coverage of criterion OUTPUT: 50%
* Total number of goals: 2
* Number of covered goals: 1
* Coverage analysis for criterion METHOD
* Coverage of criterion METHOD: 100%
* Total number of goals: 10
* Number of covered goals: 10
* Coverage analysis for criterion METHODNOEXCEPTION
* Coverage of criterion METHODNOEXCEPTION: 90%
* Total number of goals: 10
* Number of covered goals: 9
* Coverage analysis for criterion CBRANCH
* Coverage of criterion CBRANCH: 85%
* Total number of goals: 20
* Number of covered goals: 17
* Generated 16 tests with total length 30
* Resulting test suite's coverage: 86% (average coverage for all fitness functions)
* Generating assertions
* Resulting test suite's mutation score: 46%
* Compiling and checking tests
[MASTER] 17:22:40.596 [pool-2-thread-1] WARN  JUnitAnalyzer - Found unstable test named test0 -> class java.lang.AssertionError: expected:<5> but was:<4>
[MASTER] 17:22:40.598 [pool-2-thread-1] WARN  JUnitAnalyzer - Failing test: player player0 = new player("");
board board0 = new board();
game.buyPhase(player0, board0);
assertEquals(5, player0.getGold());


[MASTER] 17:22:41.229 [pool-2-thread-1] WARN  JUnitAnalyzer - Found unstable test named test13 -> class java.lang.AssertionError: expected:<4> but was:<3>
[MASTER] 17:22:41.229 [pool-2-thread-1] WARN  JUnitAnalyzer - Failing test: player player0 = new player("(k");
board board0 = new board();
game.takeTurn(player0, board0);
assertEquals(4, player0.getGold());


* Writing JUnit test case 'game_ESTest' to /home/talikk/Documents/SchoolLOL/CS362/MVN/Dominion/CS362W17Section-001/projects/talikk/.evosuite/tmp_2017_02_27_17_18_14/tests
* Done!

