<?xml version="1.0" encoding="UTF-8"?>
<testsuite name="org.cs362.dominion.Player_ESTest" time="0.813" tests="33" errors="0" skipped="0" failures="2">
  <properties>
    <property name="java.runtime.name" value="Java(TM) SE Runtime Environment"/>
    <property name="sun.boot.library.path" value="C:\Program Files\Java\jdk1.8.0_121\jre\bin"/>
    <property name="java.vm.version" value="25.121-b13"/>
    <property name="java.vm.vendor" value="Oracle Corporation"/>
    <property name="maven.multiModuleProjectDirectory" value="C:\Users\Aless\Documents\GitHub\MyOwnCS362\HW2\dominion"/>
    <property name="java.vendor.url" value="http://java.oracle.com/"/>
    <property name="path.separator" value=";"/>
    <property name="guice.disable.misplaced.annotation.check" value="true"/>
    <property name="java.vm.name" value="Java HotSpot(TM) 64-Bit Server VM"/>
    <property name="file.encoding.pkg" value="sun.io"/>
    <property name="user.script" value=""/>
    <property name="user.country" value="US"/>
    <property name="sun.java.launcher" value="SUN_STANDARD"/>
    <property name="sun.os.patch.level" value=""/>
    <property name="java.vm.specification.name" value="Java Virtual Machine Specification"/>
    <property name="user.dir" value="C:\Users\Aless\Documents\GitHub\MyOwnCS362\HW2\dominion"/>
    <property name="java.runtime.version" value="1.8.0_121-b13"/>
    <property name="java.awt.graphicsenv" value="sun.awt.Win32GraphicsEnvironment"/>
    <property name="java.endorsed.dirs" value="C:\Program Files\Java\jdk1.8.0_121\jre\lib\endorsed"/>
    <property name="os.arch" value="amd64"/>
    <property name="java.io.tmpdir" value="C:\Users\Aless\AppData\Local\Temp\"/>
    <property name="line.separator" value="&#10;"/>
    <property name="java.vm.specification.vendor" value="Oracle Corporation"/>
    <property name="user.variant" value=""/>
    <property name="os.name" value="Windows 10"/>
    <property name="classworlds.conf" value="C:\apache-maven-3.3.9\bin\..\bin\m2.conf"/>
    <property name="sun.jnu.encoding" value="Cp1252"/>
    <property name="java.library.path" value="C:\Program Files\Java\jdk1.8.0_121\bin;C:\Windows\Sun\Java\bin;C:\Windows\system32;C:\Windows;C:\ProgramData\Oracle\Java\javapath;C:\Windows\system32;C:\Windows;C:\Windows\System32\Wbem;C:\Windows\System32\WindowsPowerShell\v1.0\;C:\Program Files (x86)\Skype\Phone\;C:\Program Files\Intel\WiFi\bin\;C:\Program Files\Common Files\Intel\WirelessCommon\;C:\apache-maven-3.3.9\bin;C:\Program Files\Java\jdk1.8.0_121\bin;C:\codecover-batch-1.0;C:\Python27;C:\Users\Aless\AppData\Local\Microsoft\WindowsApps;C:\Program Files\Intel\WiFi\bin\;C:\Program Files\Common Files\Intel\WirelessCommon\;."/>
    <property name="java.specification.name" value="Java Platform API Specification"/>
    <property name="java.class.version" value="52.0"/>
    <property name="sun.management.compiler" value="HotSpot 64-Bit Tiered Compilers"/>
    <property name="os.version" value="10.0"/>
    <property name="user.home" value="C:\Users\Aless"/>
    <property name="user.timezone" value="America/Los_Angeles"/>
    <property name="java.awt.printerjob" value="sun.awt.windows.WPrinterJob"/>
    <property name="java.specification.version" value="1.8"/>
    <property name="file.encoding" value="Cp1252"/>
    <property name="user.name" value="Aless"/>
    <property name="java.class.path" value="C:\apache-maven-3.3.9\bin\..\boot\plexus-classworlds-2.5.2.jar"/>
    <property name="java.vm.specification.version" value="1.8"/>
    <property name="sun.arch.data.model" value="64"/>
    <property name="java.home" value="C:\Program Files\Java\jdk1.8.0_121\jre"/>
    <property name="sun.java.command" value="org.codehaus.plexus.classworlds.launcher.Launcher test"/>
    <property name="java.specification.vendor" value="Oracle Corporation"/>
    <property name="user.language" value="en"/>
    <property name="awt.toolkit" value="sun.awt.windows.WToolkit"/>
    <property name="java.vm.info" value="mixed mode"/>
    <property name="java.version" value="1.8.0_121"/>
    <property name="java.ext.dirs" value="C:\Program Files\Java\jdk1.8.0_121\jre\lib\ext;C:\Windows\Sun\Java\lib\ext"/>
    <property name="sun.boot.class.path" value="C:\Program Files\Java\jdk1.8.0_121\jre\lib\resources.jar;C:\Program Files\Java\jdk1.8.0_121\jre\lib\rt.jar;C:\Program Files\Java\jdk1.8.0_121\jre\lib\sunrsasign.jar;C:\Program Files\Java\jdk1.8.0_121\jre\lib\jsse.jar;C:\Program Files\Java\jdk1.8.0_121\jre\lib\jce.jar;C:\Program Files\Java\jdk1.8.0_121\jre\lib\charsets.jar;C:\Program Files\Java\jdk1.8.0_121\jre\lib\jfr.jar;C:\Program Files\Java\jdk1.8.0_121\jre\classes"/>
    <property name="sun.stderr.encoding" value="cp437"/>
    <property name="java.vendor" value="Oracle Corporation"/>
    <property name="maven.home" value="C:\apache-maven-3.3.9\bin\.."/>
    <property name="file.separator" value="\"/>
    <property name="java.vendor.url.bug" value="http://bugreport.sun.com/bugreport/"/>
    <property name="sun.cpu.endian" value="little"/>
    <property name="sun.io.unicode.encoding" value="UnicodeLittle"/>
    <property name="sun.stdout.encoding" value="cp437"/>
    <property name="sun.desktop" value="windows"/>
    <property name="sun.cpu.isalist" value="amd64"/>
  </properties>
  <testcase name="test09" classname="org.cs362.dominion.Player_ESTest" time="0.01"/>
  <testcase name="test08" classname="org.cs362.dominion.Player_ESTest" time="0.006"/>
  <testcase name="test07" classname="org.cs362.dominion.Player_ESTest" time="0.777"/>
  <testcase name="test29" classname="org.cs362.dominion.Player_ESTest" time="0">
    <failure message="expected:&lt;...- Hand: []Discard: [[null]]Deck: []Played Card...&gt; but was:&lt;...- Hand: []Discard: [[ &#10;	Village]]Deck: []Played Card...&gt;" type="org.junit.ComparisonFailure"><![CDATA[org.junit.ComparisonFailure: expected:<...- Hand: []Discard: [[null]]Deck: []Played Card...> but was:<...- Hand: []Discard: [[ 
	Village]]Deck: []Played Card...>
	at org.junit.Assert.assertEquals(Assert.java:115)
	at org.junit.Assert.assertEquals(Assert.java:144)
	at org.cs362.dominion.Player_ESTest.test29(Player_ESTest.java:750)
]]></failure>
    <system-out><![CDATA[Player: <`^>7W|8W7Nk7%$2"Co gains  
	Village
]]></system-out>
  </testcase>
  <testcase name="test06" classname="org.cs362.dominion.Player_ESTest" time="0"/>
  <testcase name="test28" classname="org.cs362.dominion.Player_ESTest" time="0.014"/>
  <testcase name="test05" classname="org.cs362.dominion.Player_ESTest" time="0.001"/>
  <testcase name="test27" classname="org.cs362.dominion.Player_ESTest" time="0"/>
  <testcase name="test04" classname="org.cs362.dominion.Player_ESTest" time="0"/>
  <testcase name="test26" classname="org.cs362.dominion.Player_ESTest" time="0.001"/>
  <testcase name="test03" classname="org.cs362.dominion.Player_ESTest" time="0"/>
  <testcase name="test25" classname="org.cs362.dominion.Player_ESTest" time="0"/>
  <testcase name="test02" classname="org.cs362.dominion.Player_ESTest" time="0.001">
    <failure message="Expecting exception: NullPointerException" type="java.lang.AssertionError">java.lang.AssertionError: Expecting exception: NullPointerException
	at org.junit.Assert.fail(Assert.java:88)
	at org.cs362.dominion.Player_ESTest.test02(Player_ESTest.java:121)
</failure>
    <system-out><![CDATA[Player:  VICTORY discards  
	Curse
]]></system-out>
  </testcase>
  <testcase name="test24" classname="org.cs362.dominion.Player_ESTest" time="0"/>
  <testcase name="test01" classname="org.cs362.dominion.Player_ESTest" time="0.001"/>
  <testcase name="test23" classname="org.cs362.dominion.Player_ESTest" time="0"/>
  <testcase name="test00" classname="org.cs362.dominion.Player_ESTest" time="0.001"/>
  <testcase name="test22" classname="org.cs362.dominion.Player_ESTest" time="0"/>
  <testcase name="test21" classname="org.cs362.dominion.Player_ESTest" time="0"/>
  <testcase name="test20" classname="org.cs362.dominion.Player_ESTest" time="0"/>
  <testcase name="test19" classname="org.cs362.dominion.Player_ESTest" time="0"/>
  <testcase name="test18" classname="org.cs362.dominion.Player_ESTest" time="0"/>
  <testcase name="test17" classname="org.cs362.dominion.Player_ESTest" time="0"/>
  <testcase name="test16" classname="org.cs362.dominion.Player_ESTest" time="0"/>
  <testcase name="test15" classname="org.cs362.dominion.Player_ESTest" time="0"/>
  <testcase name="test14" classname="org.cs362.dominion.Player_ESTest" time="0.001"/>
  <testcase name="test13" classname="org.cs362.dominion.Player_ESTest" time="0"/>
  <testcase name="test12" classname="org.cs362.dominion.Player_ESTest" time="0"/>
  <testcase name="test11" classname="org.cs362.dominion.Player_ESTest" time="0"/>
  <testcase name="test10" classname="org.cs362.dominion.Player_ESTest" time="0"/>
  <testcase name="test32" classname="org.cs362.dominion.Player_ESTest" time="0"/>
  <testcase name="test31" classname="org.cs362.dominion.Player_ESTest" time="0"/>
  <testcase name="test30" classname="org.cs362.dominion.Player_ESTest" time="0"/>
</testsuite>