<?xml version="1.0" encoding="UTF-8" ?>
<testsuite tests="12" failures="5" name="dominion.CardTest" time="0.047" errors="0" skipped="0">
  <properties>
    <property name="java.runtime.name" value="Java(TM) SE Runtime Environment"/>
    <property name="sun.boot.library.path" value="C:\Program Files\Java\jdk1.8.0_121\jre\bin"/>
    <property name="java.vm.version" value="25.121-b13"/>
    <property name="java.vm.vendor" value="Oracle Corporation"/>
    <property name="maven.multiModuleProjectDirectory" value="C:\Users\Jonathans\Desktop\DominionGit\projects\livic\dominion"/>
    <property name="java.vendor.url" value="http://java.oracle.com/"/>
    <property name="path.separator" value=";"/>
    <property name="guice.disable.misplaced.annotation.check" value="true"/>
    <property name="java.vm.name" value="Java HotSpot(TM) 64-Bit Server VM"/>
    <property name="file.encoding.pkg" value="sun.io"/>
    <property name="user.script" value=""/>
    <property name="user.country" value="US"/>
    <property name="sun.java.launcher" value="SUN_STANDARD"/>
    <property name="sun.os.patch.level" value="Service Pack 1"/>
    <property name="java.vm.specification.name" value="Java Virtual Machine Specification"/>
    <property name="user.dir" value="C:\Users\Jonathans\Desktop\DominionGit\projects\livic\dominion"/>
    <property name="java.runtime.version" value="1.8.0_121-b13"/>
    <property name="java.awt.graphicsenv" value="sun.awt.Win32GraphicsEnvironment"/>
    <property name="java.endorsed.dirs" value="C:\Program Files\Java\jdk1.8.0_121\jre\lib\endorsed"/>
    <property name="os.arch" value="amd64"/>
    <property name="java.io.tmpdir" value="C:\Users\JONATH~1\AppData\Local\Temp\"/>
    <property name="line.separator" value="
"/>
    <property name="java.vm.specification.vendor" value="Oracle Corporation"/>
    <property name="user.variant" value=""/>
    <property name="os.name" value="Windows 7"/>
    <property name="classworlds.conf" value="C:\Program Files\apache-maven-3.3.9\bin\m2.conf"/>
    <property name="sun.jnu.encoding" value="Cp1252"/>
    <property name="java.library.path" value="C:\Program Files\Java\jdk1.8.0_121\bin;C:\Windows\Sun\Java\bin;C:\Windows\system32;C:\Windows;C:\ProgramData\Oracle\Java\javapath;C:\Program Files (x86)\NVIDIA Corporation\PhysX\Common;C:\Program Files (x86)\Intel\iCLS Client\;C:\Program Files\Intel\iCLS Client\;C:\Windows\system32;C:\Windows;C:\Windows\System32\Wbem;C:\Windows\System32\WindowsPowerShell\v1.0\;C:\Program Files (x86)\Intel\OpenCL SDK\2.0\bin\x86;C:\Program Files (x86)\Intel\OpenCL SDK\2.0\bin\x64;C:\Program Files\Intel\Intel(R) Management Engine Components\DAL;C:\Program Files\Intel\Intel(R) Management Engine Components\IPT;C:\Program Files (x86)\Intel\Intel(R) Management Engine Components\DAL;C:\Program Files\apache-maven-3.3.9\bin;C:\Program Files (x86)\Intel\Intel(R) Management Engine Components\IPT;C:\Program Files\ThinkPad\Bluetooth Software\;C:\Program Files\ThinkPad\Bluetooth Software\syswow64;C:\Program Files\Intel\WiFi\bin\;C:\Program Files\Common Files\Intel\WirelessCommon\;C:\Android;C:\Windows\System32;C:\Program Files (x86)\Skype\Phone\;C:\Program Files\Intel\WiFi\bin\;C:\Program Files\Common Files\Intel\WirelessCommon\;C:\altera\16.0\modelsim_ase\win32aloem;."/>
    <property name="java.specification.name" value="Java Platform API Specification"/>
    <property name="java.class.version" value="52.0"/>
    <property name="sun.management.compiler" value="HotSpot 64-Bit Tiered Compilers"/>
    <property name="os.version" value="6.1"/>
    <property name="user.home" value="C:\Users\Jonathans"/>
    <property name="user.timezone" value="America/Los_Angeles"/>
    <property name="java.awt.printerjob" value="sun.awt.windows.WPrinterJob"/>
    <property name="java.specification.version" value="1.8"/>
    <property name="file.encoding" value="Cp1252"/>
    <property name="user.name" value="Jonathans"/>
    <property name="java.class.path" value="C:\Program Files\apache-maven-3.3.9\boot\plexus-classworlds-2.5.2.jar"/>
    <property name="java.vm.specification.version" value="1.8"/>
    <property name="sun.arch.data.model" value="64"/>
    <property name="java.home" value="C:\Program Files\Java\jdk1.8.0_121\jre"/>
    <property name="sun.java.command" value="org.codehaus.plexus.classworlds.launcher.Launcher test"/>
    <property name="java.specification.vendor" value="Oracle Corporation"/>
    <property name="user.language" value="en"/>
    <property name="awt.toolkit" value="sun.awt.windows.WToolkit"/>
    <property name="java.vm.info" value="mixed mode"/>
    <property name="java.version" value="1.8.0_121"/>
    <property name="java.ext.dirs" value="C:\Program Files\Java\jdk1.8.0_121\jre\lib\ext;C:\Windows\Sun\Java\lib\ext"/>
    <property name="sun.boot.class.path" value="C:\Program Files\Java\jdk1.8.0_121\jre\lib\resources.jar;C:\Program Files\Java\jdk1.8.0_121\jre\lib\rt.jar;C:\Program Files\Java\jdk1.8.0_121\jre\lib\sunrsasign.jar;C:\Program Files\Java\jdk1.8.0_121\jre\lib\jsse.jar;C:\Program Files\Java\jdk1.8.0_121\jre\lib\jce.jar;C:\Program Files\Java\jdk1.8.0_121\jre\lib\charsets.jar;C:\Program Files\Java\jdk1.8.0_121\jre\lib\jfr.jar;C:\Program Files\Java\jdk1.8.0_121\jre\classes"/>
    <property name="sun.stderr.encoding" value="cp437"/>
    <property name="java.vendor" value="Oracle Corporation"/>
    <property name="maven.home" value="C:\Program Files\apache-maven-3.3.9"/>
    <property name="file.separator" value="\"/>
    <property name="java.vendor.url.bug" value="http://bugreport.sun.com/bugreport/"/>
    <property name="sun.cpu.endian" value="little"/>
    <property name="sun.io.unicode.encoding" value="UnicodeLittle"/>
    <property name="sun.stdout.encoding" value="cp437"/>
    <property name="sun.desktop" value="windows"/>
    <property name="sun.cpu.isalist" value="amd64"/>
  </properties>
  <testcase classname="dominion.CardTest" name="EmbargoTest" time="0.016">
    <failure message="expected:&lt;false&gt; but was:&lt;true&gt;" type="java.lang.AssertionError">java.lang.AssertionError: expected:&lt;false&gt; but was:&lt;true&gt;
	at org.junit.Assert.fail(Assert.java:88)
	at org.junit.Assert.failNotEquals(Assert.java:834)
	at org.junit.Assert.assertEquals(Assert.java:118)
	at org.junit.Assert.assertEquals(Assert.java:144)
	at dominion.CardTest.EmbargoTest(CardTest.java:242)
	at sun.reflect.NativeMethodAccessorImpl.invoke0(Native Method)
	at sun.reflect.NativeMethodAccessorImpl.invoke(NativeMethodAccessorImpl.java:62)
	at sun.reflect.DelegatingMethodAccessorImpl.invoke(DelegatingMethodAccessorImpl.java:43)
	at java.lang.reflect.Method.invoke(Method.java:498)
	at org.junit.runners.model.FrameworkMethod$1.runReflectiveCall(FrameworkMethod.java:50)
	at org.junit.internal.runners.model.ReflectiveCallable.run(ReflectiveCallable.java:12)
	at org.junit.runners.model.FrameworkMethod.invokeExplosively(FrameworkMethod.java:47)
	at org.junit.internal.runners.statements.InvokeMethod.evaluate(InvokeMethod.java:17)
	at org.junit.runners.ParentRunner.runLeaf(ParentRunner.java:325)
	at org.junit.runners.BlockJUnit4ClassRunner.runChild(BlockJUnit4ClassRunner.java:78)
	at org.junit.runners.BlockJUnit4ClassRunner.runChild(BlockJUnit4ClassRunner.java:57)
	at org.junit.runners.ParentRunner$3.run(ParentRunner.java:290)
	at org.junit.runners.ParentRunner$1.schedule(ParentRunner.java:71)
	at org.junit.runners.ParentRunner.runChildren(ParentRunner.java:288)
	at org.junit.runners.ParentRunner.access$000(ParentRunner.java:58)
	at org.junit.runners.ParentRunner$2.evaluate(ParentRunner.java:268)
	at org.junit.runners.ParentRunner.run(ParentRunner.java:363)
	at org.apache.maven.surefire.junit4.JUnit4Provider.execute(JUnit4Provider.java:252)
	at org.apache.maven.surefire.junit4.JUnit4Provider.executeTestSet(JUnit4Provider.java:141)
	at org.apache.maven.surefire.junit4.JUnit4Provider.invoke(JUnit4Provider.java:112)
	at sun.reflect.NativeMethodAccessorImpl.invoke0(Native Method)
	at sun.reflect.NativeMethodAccessorImpl.invoke(NativeMethodAccessorImpl.java:62)
	at sun.reflect.DelegatingMethodAccessorImpl.invoke(DelegatingMethodAccessorImpl.java:43)
	at java.lang.reflect.Method.invoke(Method.java:498)
	at org.apache.maven.surefire.util.ReflectionUtils.invokeMethodWithArray(ReflectionUtils.java:189)
	at org.apache.maven.surefire.booter.ProviderFactory$ProviderProxy.invoke(ProviderFactory.java:165)
	at org.apache.maven.surefire.booter.ProviderFactory.invokeProvider(ProviderFactory.java:85)
	at org.apache.maven.surefire.booter.ForkedBooter.runSuitesInProcess(ForkedBooter.java:115)
	at org.apache.maven.surefire.booter.ForkedBooter.main(ForkedBooter.java:75)
</failure>
    <system-out>Cooper added to deck.
Cooper added to deck.
Cooper added to deck.
Cooper added to deck.
Cooper added to deck.
Cooper added to deck.
Cooper added to deck.
Estate added to deck.
Estate added to deck.
Estate added to deck.
Shuffling in the discard pile of TestPlayer to draw FIVE cards.
TestPlayer draws: Cooper. 
TestPlayer draws: Estate. 
TestPlayer draws: Cooper. 
TestPlayer draws: Cooper. 
TestPlayer draws: Estate. 
Cooper added to deck.
Cooper added to deck.
Cooper added to deck.
Cooper added to deck.
Cooper added to deck.
Cooper added to deck.
Cooper added to deck.
Estate added to deck.
Estate added to deck.
Estate added to deck.
Shuffling in the discard pile of TestPlayer2 to draw FIVE cards.
TestPlayer2 draws: Cooper. 
TestPlayer2 draws: Estate. 
TestPlayer2 draws: Cooper. 
TestPlayer2 draws: Cooper. 
TestPlayer2 draws: Cooper. 
&gt;&gt;&gt; ACTION PHASE
Auto: Playing all possible actions.
TestPlayer plays action: Embargo.

[EMBARGO]
- Trash this card, putting an Embargo token on a stack in the supply.
- If a player buys a card from that stack, they will also gain a curse per each Embargo token.

GreatHall now has 2 Embargo tokens.

 --- TestPlayer --- 
 --- --------------------------- --- 
Hand:		 [ &gt;Cooper &gt;Cooper &gt;Cooper &gt;Estate &gt;Estate ] 
Discard:	 [ ] 
5Deck:		 [ &gt;Cooper &gt;Cooper &gt;Estate &gt;Cooper &gt;Cooper ] 
Played Cards:	 [ ] 
Actions Left:	 0
Coins:		 2
Buys Left:	 1


</system-out>
  </testcase>
  <testcase classname="dominion.CardTest" name="SmithyTest" time="0">
    <failure message="expected:&lt;9&gt; but was:&lt;8&gt;" type="java.lang.AssertionError">java.lang.AssertionError: expected:&lt;9&gt; but was:&lt;8&gt;
	at org.junit.Assert.fail(Assert.java:88)
	at org.junit.Assert.failNotEquals(Assert.java:834)
	at org.junit.Assert.assertEquals(Assert.java:645)
	at org.junit.Assert.assertEquals(Assert.java:631)
	at dominion.CardTest.SmithyTest(CardTest.java:59)
	at sun.reflect.NativeMethodAccessorImpl.invoke0(Native Method)
	at sun.reflect.NativeMethodAccessorImpl.invoke(NativeMethodAccessorImpl.java:62)
	at sun.reflect.DelegatingMethodAccessorImpl.invoke(DelegatingMethodAccessorImpl.java:43)
	at java.lang.reflect.Method.invoke(Method.java:498)
	at org.junit.runners.model.FrameworkMethod$1.runReflectiveCall(FrameworkMethod.java:50)
	at org.junit.internal.runners.model.ReflectiveCallable.run(ReflectiveCallable.java:12)
	at org.junit.runners.model.FrameworkMethod.invokeExplosively(FrameworkMethod.java:47)
	at org.junit.internal.runners.statements.InvokeMethod.evaluate(InvokeMethod.java:17)
	at org.junit.runners.ParentRunner.runLeaf(ParentRunner.java:325)
	at org.junit.runners.BlockJUnit4ClassRunner.runChild(BlockJUnit4ClassRunner.java:78)
	at org.junit.runners.BlockJUnit4ClassRunner.runChild(BlockJUnit4ClassRunner.java:57)
	at org.junit.runners.ParentRunner$3.run(ParentRunner.java:290)
	at org.junit.runners.ParentRunner$1.schedule(ParentRunner.java:71)
	at org.junit.runners.ParentRunner.runChildren(ParentRunner.java:288)
	at org.junit.runners.ParentRunner.access$000(ParentRunner.java:58)
	at org.junit.runners.ParentRunner$2.evaluate(ParentRunner.java:268)
	at org.junit.runners.ParentRunner.run(ParentRunner.java:363)
	at org.apache.maven.surefire.junit4.JUnit4Provider.execute(JUnit4Provider.java:252)
	at org.apache.maven.surefire.junit4.JUnit4Provider.executeTestSet(JUnit4Provider.java:141)
	at org.apache.maven.surefire.junit4.JUnit4Provider.invoke(JUnit4Provider.java:112)
	at sun.reflect.NativeMethodAccessorImpl.invoke0(Native Method)
	at sun.reflect.NativeMethodAccessorImpl.invoke(NativeMethodAccessorImpl.java:62)
	at sun.reflect.DelegatingMethodAccessorImpl.invoke(DelegatingMethodAccessorImpl.java:43)
	at java.lang.reflect.Method.invoke(Method.java:498)
	at org.apache.maven.surefire.util.ReflectionUtils.invokeMethodWithArray(ReflectionUtils.java:189)
	at org.apache.maven.surefire.booter.ProviderFactory$ProviderProxy.invoke(ProviderFactory.java:165)
	at org.apache.maven.surefire.booter.ProviderFactory.invokeProvider(ProviderFactory.java:85)
	at org.apache.maven.surefire.booter.ForkedBooter.runSuitesInProcess(ForkedBooter.java:115)
	at org.apache.maven.surefire.booter.ForkedBooter.main(ForkedBooter.java:75)
</failure>
    <system-out>Cooper added to deck.
Cooper added to deck.
Cooper added to deck.
Cooper added to deck.
Cooper added to deck.
Cooper added to deck.
Cooper added to deck.
Estate added to deck.
Estate added to deck.
Estate added to deck.
Shuffling in the discard pile of TestPlayer to draw FIVE cards.
TestPlayer draws: Cooper. 
TestPlayer draws: Estate. 
TestPlayer draws: Cooper. 
TestPlayer draws: Cooper. 
TestPlayer draws: Estate. 
Cooper added to deck.
Cooper added to deck.
Cooper added to deck.
Cooper added to deck.
Cooper added to deck.
Cooper added to deck.
Cooper added to deck.
Estate added to deck.
Estate added to deck.
Estate added to deck.
Shuffling in the discard pile of TestPlayer2 to draw FIVE cards.
TestPlayer2 draws: Cooper. 
TestPlayer2 draws: Estate. 
TestPlayer2 draws: Cooper. 
TestPlayer2 draws: Cooper. 
TestPlayer2 draws: Cooper. 
 --- TestPlayer --- 
 --- --------------------------- --- 
Hand:		 [ &gt;Cooper &gt;Cooper &gt;Cooper &gt;Estate &gt;Estate ] 
Discard:	 [ ] 
5Deck:		 [ &gt;Cooper &gt;Cooper &gt;Estate &gt;Cooper &gt;Cooper ] 
Played Cards:	 [ ] 
Actions Left:	 1
Coins:		 0
Buys Left:	 1



[SMITHY]
- TestPlayer draws +3 Cards.

TestPlayer draws: Cooper. 
TestPlayer draws: Cooper. 
TestPlayer draws: Estate. 
TestPlayer draws: Cooper. 


 --- TestPlayer --- 
 --- --------------------------- --- 
Hand:		 [ &gt;Cooper &gt;Cooper &gt;Cooper &gt;Cooper &gt;Cooper &gt;Cooper &gt;Estate &gt;Estate &gt;Estate ] 
Discard:	 [ ] 
1Deck:		 [ &gt;Cooper ] 
Played Cards:	 [ ] 
Actions Left:	 1
Coins:		 0
Buys Left:	 1


9 cards in hand, expected 8
</system-out>
  </testcase>
  <testcase classname="dominion.CardTest" name="AdventurerTest" time="0"/>
  <testcase classname="dominion.CardTest" name="MineTest" time="0.015"/>
  <testcase classname="dominion.CardTest" name="BaronTest" time="0.016"/>
  <testcase classname="dominion.CardTest" name="GreatHallTest" time="0"/>
  <testcase classname="dominion.CardTest" name="VillageTest" time="0"/>
  <testcase classname="dominion.CardTest" name="FeastTest" time="0"/>
  <testcase classname="dominion.CardTest" name="MinionTest" time="0"/>
  <testcase classname="dominion.CardTest" name="AmbassadorTest" time="0">
    <failure message="expected:&lt;1&gt; but was:&lt;0&gt;" type="java.lang.AssertionError">java.lang.AssertionError: expected:&lt;1&gt; but was:&lt;0&gt;
	at org.junit.Assert.fail(Assert.java:88)
	at org.junit.Assert.failNotEquals(Assert.java:834)
	at org.junit.Assert.assertEquals(Assert.java:645)
	at org.junit.Assert.assertEquals(Assert.java:631)
	at dominion.CardTest.AmbassadorTest(CardTest.java:156)
	at sun.reflect.NativeMethodAccessorImpl.invoke0(Native Method)
	at sun.reflect.NativeMethodAccessorImpl.invoke(NativeMethodAccessorImpl.java:62)
	at sun.reflect.DelegatingMethodAccessorImpl.invoke(DelegatingMethodAccessorImpl.java:43)
	at java.lang.reflect.Method.invoke(Method.java:498)
	at org.junit.runners.model.FrameworkMethod$1.runReflectiveCall(FrameworkMethod.java:50)
	at org.junit.internal.runners.model.ReflectiveCallable.run(ReflectiveCallable.java:12)
	at org.junit.runners.model.FrameworkMethod.invokeExplosively(FrameworkMethod.java:47)
	at org.junit.internal.runners.statements.InvokeMethod.evaluate(InvokeMethod.java:17)
	at org.junit.runners.ParentRunner.runLeaf(ParentRunner.java:325)
	at org.junit.runners.BlockJUnit4ClassRunner.runChild(BlockJUnit4ClassRunner.java:78)
	at org.junit.runners.BlockJUnit4ClassRunner.runChild(BlockJUnit4ClassRunner.java:57)
	at org.junit.runners.ParentRunner$3.run(ParentRunner.java:290)
	at org.junit.runners.ParentRunner$1.schedule(ParentRunner.java:71)
	at org.junit.runners.ParentRunner.runChildren(ParentRunner.java:288)
	at org.junit.runners.ParentRunner.access$000(ParentRunner.java:58)
	at org.junit.runners.ParentRunner$2.evaluate(ParentRunner.java:268)
	at org.junit.runners.ParentRunner.run(ParentRunner.java:363)
	at org.apache.maven.surefire.junit4.JUnit4Provider.execute(JUnit4Provider.java:252)
	at org.apache.maven.surefire.junit4.JUnit4Provider.executeTestSet(JUnit4Provider.java:141)
	at org.apache.maven.surefire.junit4.JUnit4Provider.invoke(JUnit4Provider.java:112)
	at sun.reflect.NativeMethodAccessorImpl.invoke0(Native Method)
	at sun.reflect.NativeMethodAccessorImpl.invoke(NativeMethodAccessorImpl.java:62)
	at sun.reflect.DelegatingMethodAccessorImpl.invoke(DelegatingMethodAccessorImpl.java:43)
	at java.lang.reflect.Method.invoke(Method.java:498)
	at org.apache.maven.surefire.util.ReflectionUtils.invokeMethodWithArray(ReflectionUtils.java:189)
	at org.apache.maven.surefire.booter.ProviderFactory$ProviderProxy.invoke(ProviderFactory.java:165)
	at org.apache.maven.surefire.booter.ProviderFactory.invokeProvider(ProviderFactory.java:85)
	at org.apache.maven.surefire.booter.ForkedBooter.runSuitesInProcess(ForkedBooter.java:115)
	at org.apache.maven.surefire.booter.ForkedBooter.main(ForkedBooter.java:75)
</failure>
    <system-out>Cooper added to deck.
Cooper added to deck.
Cooper added to deck.
Cooper added to deck.
Cooper added to deck.
Cooper added to deck.
Cooper added to deck.
Estate added to deck.
Estate added to deck.
Estate added to deck.
Shuffling in the discard pile of TestPlayer to draw FIVE cards.
TestPlayer draws: Cooper. 
TestPlayer draws: Estate. 
TestPlayer draws: Cooper. 
TestPlayer draws: Cooper. 
TestPlayer draws: Estate. 
Cooper added to deck.
Cooper added to deck.
Cooper added to deck.
Cooper added to deck.
Cooper added to deck.
Cooper added to deck.
Cooper added to deck.
Estate added to deck.
Estate added to deck.
Estate added to deck.
Shuffling in the discard pile of TestPlayer2 to draw FIVE cards.
TestPlayer2 draws: Cooper. 
TestPlayer2 draws: Estate. 
TestPlayer2 draws: Cooper. 
TestPlayer2 draws: Cooper. 
TestPlayer2 draws: Cooper. 

[AMBASSADOR]
- TestPlayer returns up to 2 Cards of the same name from their hand back to the supply.
- All other players get a copy of the card(s) returned (from the supply).
TestPlayer has returned Cooper to the supply.
TestPlayer has returned Cooper to the supply.
TestPlayer has gained Cooper.
TestPlayer2 has gained Cooper.
 --- TestPlayer --- 
 --- --------------------------- --- 
Hand:		 [ &gt;Cooper &gt;Estate &gt;Estate ] 
Discard:	 [ &gt;Cooper ] 
5Deck:		 [ &gt;Cooper &gt;Cooper &gt;Estate &gt;Cooper &gt;Cooper ] 
Played Cards:	 [ ] 
Actions Left:	 1
Coins:		 0
Buys Left:	 1


</system-out>
  </testcase>
  <testcase classname="dominion.CardTest" name="CutpurseTest" time="0">
    <failure message="expected:&lt;3&gt; but was:&lt;4&gt;" type="java.lang.AssertionError">java.lang.AssertionError: expected:&lt;3&gt; but was:&lt;4&gt;
	at org.junit.Assert.fail(Assert.java:88)
	at org.junit.Assert.failNotEquals(Assert.java:834)
	at org.junit.Assert.assertEquals(Assert.java:645)
	at org.junit.Assert.assertEquals(Assert.java:631)
	at dominion.CardTest.CutpurseTest(CardTest.java:105)
	at sun.reflect.NativeMethodAccessorImpl.invoke0(Native Method)
	at sun.reflect.NativeMethodAccessorImpl.invoke(NativeMethodAccessorImpl.java:62)
	at sun.reflect.DelegatingMethodAccessorImpl.invoke(DelegatingMethodAccessorImpl.java:43)
	at java.lang.reflect.Method.invoke(Method.java:498)
	at org.junit.runners.model.FrameworkMethod$1.runReflectiveCall(FrameworkMethod.java:50)
	at org.junit.internal.runners.model.ReflectiveCallable.run(ReflectiveCallable.java:12)
	at org.junit.runners.model.FrameworkMethod.invokeExplosively(FrameworkMethod.java:47)
	at org.junit.internal.runners.statements.InvokeMethod.evaluate(InvokeMethod.java:17)
	at org.junit.runners.ParentRunner.runLeaf(ParentRunner.java:325)
	at org.junit.runners.BlockJUnit4ClassRunner.runChild(BlockJUnit4ClassRunner.java:78)
	at org.junit.runners.BlockJUnit4ClassRunner.runChild(BlockJUnit4ClassRunner.java:57)
	at org.junit.runners.ParentRunner$3.run(ParentRunner.java:290)
	at org.junit.runners.ParentRunner$1.schedule(ParentRunner.java:71)
	at org.junit.runners.ParentRunner.runChildren(ParentRunner.java:288)
	at org.junit.runners.ParentRunner.access$000(ParentRunner.java:58)
	at org.junit.runners.ParentRunner$2.evaluate(ParentRunner.java:268)
	at org.junit.runners.ParentRunner.run(ParentRunner.java:363)
	at org.apache.maven.surefire.junit4.JUnit4Provider.execute(JUnit4Provider.java:252)
	at org.apache.maven.surefire.junit4.JUnit4Provider.executeTestSet(JUnit4Provider.java:141)
	at org.apache.maven.surefire.junit4.JUnit4Provider.invoke(JUnit4Provider.java:112)
	at sun.reflect.NativeMethodAccessorImpl.invoke0(Native Method)
	at sun.reflect.NativeMethodAccessorImpl.invoke(NativeMethodAccessorImpl.java:62)
	at sun.reflect.DelegatingMethodAccessorImpl.invoke(DelegatingMethodAccessorImpl.java:43)
	at java.lang.reflect.Method.invoke(Method.java:498)
	at org.apache.maven.surefire.util.ReflectionUtils.invokeMethodWithArray(ReflectionUtils.java:189)
	at org.apache.maven.surefire.booter.ProviderFactory$ProviderProxy.invoke(ProviderFactory.java:165)
	at org.apache.maven.surefire.booter.ProviderFactory.invokeProvider(ProviderFactory.java:85)
	at org.apache.maven.surefire.booter.ForkedBooter.runSuitesInProcess(ForkedBooter.java:115)
	at org.apache.maven.surefire.booter.ForkedBooter.main(ForkedBooter.java:75)
</failure>
    <system-out>Cooper added to deck.
Cooper added to deck.
Cooper added to deck.
Cooper added to deck.
Cooper added to deck.
Cooper added to deck.
Cooper added to deck.
Estate added to deck.
Estate added to deck.
Estate added to deck.
Shuffling in the discard pile of TestPlayer to draw FIVE cards.
TestPlayer draws: Cooper. 
TestPlayer draws: Estate. 
TestPlayer draws: Cooper. 
TestPlayer draws: Cooper. 
TestPlayer draws: Estate. 
Cooper added to deck.
Cooper added to deck.
Cooper added to deck.
Cooper added to deck.
Cooper added to deck.
Cooper added to deck.
Cooper added to deck.
Estate added to deck.
Estate added to deck.
Estate added to deck.
Shuffling in the discard pile of TestPlayer2 to draw FIVE cards.
TestPlayer2 draws: Cooper. 
TestPlayer2 draws: Estate. 
TestPlayer2 draws: Cooper. 
TestPlayer2 draws: Cooper. 
TestPlayer2 draws: Cooper. 

[CUTPURSE]
- TestPlayer gets +2 Coins.
- All other players discard 1 Copper if able.

TestPlayer2 has discarded: Cooper.
TestPlayer2 has discarded: Cooper.
 --- TestPlayer2 --- 
 --- --------------------------- --- 
Hand:		 [ &gt;Cooper &gt;Cooper &gt;Estate ] 
Discard:	 [ &gt;Cooper &gt;Cooper ] 
5Deck:		 [ &gt;Cooper &gt;Cooper &gt;Estate &gt;Estate &gt;Cooper ] 
Played Cards:	 [ ] 
Actions Left:	 1
Coins:		 0
Buys Left:	 1


</system-out>
  </testcase>
  <testcase classname="dominion.CardTest" name="CouncilRoom" time="0">
    <failure message="expected:&lt;10&gt; but was:&lt;9&gt;" type="java.lang.AssertionError">java.lang.AssertionError: expected:&lt;10&gt; but was:&lt;9&gt;
	at org.junit.Assert.fail(Assert.java:88)
	at org.junit.Assert.failNotEquals(Assert.java:834)
	at org.junit.Assert.assertEquals(Assert.java:645)
	at org.junit.Assert.assertEquals(Assert.java:631)
	at dominion.CardTest.CouncilRoom(CardTest.java:209)
	at sun.reflect.NativeMethodAccessorImpl.invoke0(Native Method)
	at sun.reflect.NativeMethodAccessorImpl.invoke(NativeMethodAccessorImpl.java:62)
	at sun.reflect.DelegatingMethodAccessorImpl.invoke(DelegatingMethodAccessorImpl.java:43)
	at java.lang.reflect.Method.invoke(Method.java:498)
	at org.junit.runners.model.FrameworkMethod$1.runReflectiveCall(FrameworkMethod.java:50)
	at org.junit.internal.runners.model.ReflectiveCallable.run(ReflectiveCallable.java:12)
	at org.junit.runners.model.FrameworkMethod.invokeExplosively(FrameworkMethod.java:47)
	at org.junit.internal.runners.statements.InvokeMethod.evaluate(InvokeMethod.java:17)
	at org.junit.runners.ParentRunner.runLeaf(ParentRunner.java:325)
	at org.junit.runners.BlockJUnit4ClassRunner.runChild(BlockJUnit4ClassRunner.java:78)
	at org.junit.runners.BlockJUnit4ClassRunner.runChild(BlockJUnit4ClassRunner.java:57)
	at org.junit.runners.ParentRunner$3.run(ParentRunner.java:290)
	at org.junit.runners.ParentRunner$1.schedule(ParentRunner.java:71)
	at org.junit.runners.ParentRunner.runChildren(ParentRunner.java:288)
	at org.junit.runners.ParentRunner.access$000(ParentRunner.java:58)
	at org.junit.runners.ParentRunner$2.evaluate(ParentRunner.java:268)
	at org.junit.runners.ParentRunner.run(ParentRunner.java:363)
	at org.apache.maven.surefire.junit4.JUnit4Provider.execute(JUnit4Provider.java:252)
	at org.apache.maven.surefire.junit4.JUnit4Provider.executeTestSet(JUnit4Provider.java:141)
	at org.apache.maven.surefire.junit4.JUnit4Provider.invoke(JUnit4Provider.java:112)
	at sun.reflect.NativeMethodAccessorImpl.invoke0(Native Method)
	at sun.reflect.NativeMethodAccessorImpl.invoke(NativeMethodAccessorImpl.java:62)
	at sun.reflect.DelegatingMethodAccessorImpl.invoke(DelegatingMethodAccessorImpl.java:43)
	at java.lang.reflect.Method.invoke(Method.java:498)
	at org.apache.maven.surefire.util.ReflectionUtils.invokeMethodWithArray(ReflectionUtils.java:189)
	at org.apache.maven.surefire.booter.ProviderFactory$ProviderProxy.invoke(ProviderFactory.java:165)
	at org.apache.maven.surefire.booter.ProviderFactory.invokeProvider(ProviderFactory.java:85)
	at org.apache.maven.surefire.booter.ForkedBooter.runSuitesInProcess(ForkedBooter.java:115)
	at org.apache.maven.surefire.booter.ForkedBooter.main(ForkedBooter.java:75)
</failure>
    <system-out>Cooper added to deck.
Cooper added to deck.
Cooper added to deck.
Cooper added to deck.
Cooper added to deck.
Cooper added to deck.
Cooper added to deck.
Estate added to deck.
Estate added to deck.
Estate added to deck.
Shuffling in the discard pile of TestPlayer to draw FIVE cards.
TestPlayer draws: Cooper. 
TestPlayer draws: Estate. 
TestPlayer draws: Cooper. 
TestPlayer draws: Cooper. 
TestPlayer draws: Estate. 
Cooper added to deck.
Cooper added to deck.
Cooper added to deck.
Cooper added to deck.
Cooper added to deck.
Cooper added to deck.
Cooper added to deck.
Estate added to deck.
Estate added to deck.
Estate added to deck.
Shuffling in the discard pile of TestPlayer2 to draw FIVE cards.
TestPlayer2 draws: Cooper. 
TestPlayer2 draws: Estate. 
TestPlayer2 draws: Cooper. 
TestPlayer2 draws: Cooper. 
TestPlayer2 draws: Cooper. 

[COUNCIL ROOM]
- TestPlayer draws +4 Cards.
- TestPlayer gets +1 Buy.
- Other players draw +1 Card.

TestPlayer draws: Cooper. 
TestPlayer draws: Cooper. 
TestPlayer draws: Estate. 
TestPlayer draws: Cooper. 
TestPlayer draws: Cooper. 
TestPlayer2 draws: Cooper. 


</system-out>
  </testcase>
</testsuite>