-------------------------------------------------------------------------------
Test set: dominion.Player_ESTest
-------------------------------------------------------------------------------
Tests run: 31, Failures: 0, Errors: 15, Skipped: 0, Time elapsed: 0.429 sec <<< FAILURE! - in dominion.Player_ESTest
test21(dominion.Player_ESTest)  Time elapsed: 0.013 sec  <<< ERROR!
java.lang.NoClassDefFoundError: dominion/Card$CardName
	at java.lang.ClassLoader.defineClass1(Native Method)
	at java.lang.ClassLoader.defineClass(ClassLoader.java:763)
	at java.lang.ClassLoader.defineClass(ClassLoader.java:642)
	at org.evosuite.runtime.instrumentation.EvoClassLoader.instrumentClass(EvoClassLoader.java:116)
	at org.evosuite.runtime.instrumentation.EvoClassLoader.loadClass(EvoClassLoader.java:92)
	at dominion.Player_ESTest.test21(Player_ESTest.java:343)

test20(dominion.Player_ESTest)  Time elapsed: 0.015 sec  <<< ERROR!
java.lang.NoClassDefFoundError: dominion/Card$CardName
	at java.lang.ClassLoader.defineClass1(Native Method)
	at java.lang.ClassLoader.defineClass(ClassLoader.java:763)
	at java.lang.ClassLoader.defineClass(ClassLoader.java:642)
	at org.evosuite.runtime.instrumentation.EvoClassLoader.instrumentClass(EvoClassLoader.java:116)
	at org.evosuite.runtime.instrumentation.EvoClassLoader.loadClass(EvoClassLoader.java:92)
	at dominion.Player_ESTest.test20(Player_ESTest.java:336)

test27(dominion.Player_ESTest)  Time elapsed: 0.014 sec  <<< ERROR!
java.lang.NoClassDefFoundError: dominion/Card$CardName
	at java.lang.ClassLoader.defineClass1(Native Method)
	at java.lang.ClassLoader.defineClass(ClassLoader.java:763)
	at java.lang.ClassLoader.defineClass(ClassLoader.java:642)
	at org.evosuite.runtime.instrumentation.EvoClassLoader.instrumentClass(EvoClassLoader.java:116)
	at org.evosuite.runtime.instrumentation.EvoClassLoader.loadClass(EvoClassLoader.java:92)
	at dominion.Player_ESTest.test27(Player_ESTest.java:401)

test04(dominion.Player_ESTest)  Time elapsed: 0.014 sec  <<< ERROR!
java.lang.NoClassDefFoundError: dominion/Card$CardName
	at java.lang.ClassLoader.defineClass1(Native Method)
	at java.lang.ClassLoader.defineClass(ClassLoader.java:763)
	at java.lang.ClassLoader.defineClass(ClassLoader.java:642)
	at org.evosuite.runtime.instrumentation.EvoClassLoader.instrumentClass(EvoClassLoader.java:116)
	at org.evosuite.runtime.instrumentation.EvoClassLoader.loadClass(EvoClassLoader.java:92)
	at dominion.Player.buyCard(Player.java:130)
	at dominion.Player_ESTest.test04(Player_ESTest.java:89)

test26(dominion.Player_ESTest)  Time elapsed: 0.021 sec  <<< ERROR!
java.lang.NoClassDefFoundError: dominion/Card$Type
	at java.lang.ClassLoader.defineClass1(Native Method)
	at java.lang.ClassLoader.defineClass(ClassLoader.java:763)
	at java.lang.ClassLoader.defineClass(ClassLoader.java:642)
	at org.evosuite.runtime.instrumentation.EvoClassLoader.instrumentClass(EvoClassLoader.java:116)
	at org.evosuite.runtime.instrumentation.EvoClassLoader.loadClass(EvoClassLoader.java:92)
	at dominion.Player.playTreasureCard(Player.java:109)
	at dominion.Player_ESTest.test26(Player_ESTest.java:395)

test09(dominion.Player_ESTest)  Time elapsed: 0.013 sec  <<< ERROR!
java.lang.NoClassDefFoundError: dominion/Card$CardName
	at java.lang.ClassLoader.defineClass1(Native Method)
	at java.lang.ClassLoader.defineClass(ClassLoader.java:763)
	at java.lang.ClassLoader.defineClass(ClassLoader.java:642)
	at org.evosuite.runtime.instrumentation.EvoClassLoader.instrumentClass(EvoClassLoader.java:116)
	at org.evosuite.runtime.instrumentation.EvoClassLoader.loadClass(EvoClassLoader.java:92)
	at dominion.Player_ESTest.test09(Player_ESTest.java:149)

test08(dominion.Player_ESTest)  Time elapsed: 0.013 sec  <<< ERROR!
java.lang.NoClassDefFoundError: dominion/Randomness
	at java.lang.ClassLoader.defineClass1(Native Method)
	at java.lang.ClassLoader.defineClass(ClassLoader.java:763)
	at java.lang.ClassLoader.defineClass(ClassLoader.java:642)
	at org.evosuite.runtime.instrumentation.EvoClassLoader.instrumentClass(EvoClassLoader.java:116)
	at org.evosuite.runtime.instrumentation.EvoClassLoader.loadClass(EvoClassLoader.java:92)
	at dominion.Player.drawCard(Player.java:44)
	at dominion.Player_ESTest.test08(Player_ESTest.java:135)

test29(dominion.Player_ESTest)  Time elapsed: 0.011 sec  <<< ERROR!
java.lang.NoClassDefFoundError: dominion/Card$CardName
	at java.lang.ClassLoader.defineClass1(Native Method)
	at java.lang.ClassLoader.defineClass(ClassLoader.java:763)
	at java.lang.ClassLoader.defineClass(ClassLoader.java:642)
	at org.evosuite.runtime.instrumentation.EvoClassLoader.instrumentClass(EvoClassLoader.java:116)
	at org.evosuite.runtime.instrumentation.EvoClassLoader.loadClass(EvoClassLoader.java:92)
	at dominion.Player_ESTest.test29(Player_ESTest.java:418)

test28(dominion.Player_ESTest)  Time elapsed: 0.011 sec  <<< ERROR!
java.lang.NoClassDefFoundError: dominion/Card$Type
	at dominion.Player.playKingdomCard(Player.java:88)
	at dominion.Player_ESTest.test28(Player_ESTest.java:412)

test30(dominion.Player_ESTest)  Time elapsed: 0.014 sec  <<< ERROR!
java.lang.NoClassDefFoundError: dominion/Card$CardName
	at java.lang.ClassLoader.defineClass1(Native Method)
	at java.lang.ClassLoader.defineClass(ClassLoader.java:763)
	at java.lang.ClassLoader.defineClass(ClassLoader.java:642)
	at org.evosuite.runtime.instrumentation.EvoClassLoader.instrumentClass(EvoClassLoader.java:116)
	at org.evosuite.runtime.instrumentation.EvoClassLoader.loadClass(EvoClassLoader.java:92)
	at dominion.Player_ESTest.test30(Player_ESTest.java:430)

test12(dominion.Player_ESTest)  Time elapsed: 0.016 sec  <<< ERROR!
java.lang.NoClassDefFoundError: dominion/Card$CardName
	at java.lang.ClassLoader.defineClass1(Native Method)
	at java.lang.ClassLoader.defineClass(ClassLoader.java:763)
	at java.lang.ClassLoader.defineClass(ClassLoader.java:642)
	at org.evosuite.runtime.instrumentation.EvoClassLoader.instrumentClass(EvoClassLoader.java:116)
	at org.evosuite.runtime.instrumentation.EvoClassLoader.loadClass(EvoClassLoader.java:92)
	at dominion.Player_ESTest.test12(Player_ESTest.java:185)

test11(dominion.Player_ESTest)  Time elapsed: 0.012 sec  <<< ERROR!
java.lang.NoClassDefFoundError: dominion/Card$Type
	at dominion.Player.playTreasureCard(Player.java:109)
	at dominion.Player_ESTest.test11(Player_ESTest.java:171)

test10(dominion.Player_ESTest)  Time elapsed: 0.015 sec  <<< ERROR!
java.lang.NoClassDefFoundError: dominion/Card$CardName
	at java.lang.ClassLoader.defineClass1(Native Method)
	at java.lang.ClassLoader.defineClass(ClassLoader.java:763)
	at java.lang.ClassLoader.defineClass(ClassLoader.java:642)
	at org.evosuite.runtime.instrumentation.EvoClassLoader.instrumentClass(EvoClassLoader.java:116)
	at org.evosuite.runtime.instrumentation.EvoClassLoader.loadClass(EvoClassLoader.java:92)
	at dominion.Player_ESTest.test10(Player_ESTest.java:159)

test15(dominion.Player_ESTest)  Time elapsed: 0.008 sec  <<< ERROR!
java.lang.NoClassDefFoundError: dominion/Randomness
	at dominion.Player.drawCard(Player.java:44)
	at dominion.Player.endTurn(Player.java:189)
	at dominion.Player_ESTest.test15(Player_ESTest.java:245)

test13(dominion.Player_ESTest)  Time elapsed: 0.008 sec  <<< ERROR!
java.lang.NoClassDefFoundError: dominion/Randomness
	at dominion.Player.drawCard(Player.java:44)
	at dominion.Player.initializePlayerTurn(Player.java:69)
	at dominion.Player_ESTest.test13(Player_ESTest.java:207)

