-------------------------------------------------------------------------------
Test set: dominion.Randomness_ESTest
-------------------------------------------------------------------------------
Tests run: 10, Failures: 0, Errors: 10, Skipped: 0, Time elapsed: 0.087 sec <<< FAILURE! - in dominion.Randomness_ESTest
test2(dominion.Randomness_ESTest)  Time elapsed: 0.015 sec  <<< ERROR!
java.lang.NoClassDefFoundError: dominion/Randomness
	at java.lang.ClassLoader.defineClass1(Native Method)
	at java.lang.ClassLoader.defineClass(ClassLoader.java:763)
	at java.lang.ClassLoader.defineClass(ClassLoader.java:642)
	at org.evosuite.runtime.instrumentation.EvoClassLoader.instrumentClass(EvoClassLoader.java:116)
	at org.evosuite.runtime.instrumentation.EvoClassLoader.loadClass(EvoClassLoader.java:92)
	at dominion.Randomness_ESTest.test2(Randomness_ESTest.java:53)

test3(dominion.Randomness_ESTest)  Time elapsed: 0.007 sec  <<< ERROR!
java.lang.NoClassDefFoundError: dominion/Randomness
	at dominion.Randomness_ESTest.test3(Randomness_ESTest.java:59)

test4(dominion.Randomness_ESTest)  Time elapsed: 0.007 sec  <<< ERROR!
java.lang.NoClassDefFoundError: dominion/Randomness
	at dominion.Randomness_ESTest.test4(Randomness_ESTest.java:76)

test5(dominion.Randomness_ESTest)  Time elapsed: 0.007 sec  <<< ERROR!
java.lang.NoClassDefFoundError: dominion/Randomness
	at dominion.Randomness_ESTest.test5(Randomness_ESTest.java:93)

test6(dominion.Randomness_ESTest)  Time elapsed: 0.005 sec  <<< ERROR!
java.lang.NoClassDefFoundError: dominion/Randomness
	at dominion.Randomness_ESTest.test6(Randomness_ESTest.java:105)

test7(dominion.Randomness_ESTest)  Time elapsed: 0.007 sec  <<< ERROR!
java.lang.NoClassDefFoundError: dominion/Randomness
	at dominion.Randomness_ESTest.test7(Randomness_ESTest.java:114)

test8(dominion.Randomness_ESTest)  Time elapsed: 0.005 sec  <<< ERROR!
java.lang.NoClassDefFoundError: dominion/Randomness
	at dominion.Randomness_ESTest.test8(Randomness_ESTest.java:129)

test9(dominion.Randomness_ESTest)  Time elapsed: 0.007 sec  <<< ERROR!
java.lang.NoClassDefFoundError: dominion/Randomness
	at dominion.Randomness_ESTest.test9(Randomness_ESTest.java:142)

test0(dominion.Randomness_ESTest)  Time elapsed: 0.006 sec  <<< ERROR!
java.lang.NoClassDefFoundError: dominion/Randomness
	at dominion.Randomness_ESTest.test0(Randomness_ESTest.java:27)

test1(dominion.Randomness_ESTest)  Time elapsed: 0.006 sec  <<< ERROR!
java.lang.NoClassDefFoundError: dominion/Randomness
	at dominion.Randomness_ESTest.test1(Randomness_ESTest.java:46)

