<?xml version="1.0" encoding="UTF-8"?>
<testsuite name="dominion.Player_ESTest" time="0.392" tests="31" errors="15" skipped="0" failures="0">
  <properties>
[...]
</properties>
  <testcase name="test01" classname="dominion.Player_ESTest" time="0.02"/>
  <testcase name="test23" classname="dominion.Player_ESTest" time="0.011"/>
  <testcase name="test00" classname="dominion.Player_ESTest" time="0.01"/>
  <testcase name="test22" classname="dominion.Player_ESTest" time="0.017"/>
  <testcase name="test21" classname="dominion.Player_ESTest" time="0.013">
    <error message="dominion/Card$CardName" type="java.lang.NoClassDefFoundError">java.lang.NoClassDefFoundError: dominion/Card$CardName
	at java.lang.ClassLoader.defineClass1(Native Method)
	at java.lang.ClassLoader.defineClass(ClassLoader.java:763)
	at java.lang.ClassLoader.defineClass(ClassLoader.java:642)
	at org.evosuite.runtime.instrumentation.EvoClassLoader.instrumentClass(EvoClassLoader.java:116)
	at org.evosuite.runtime.instrumentation.EvoClassLoader.loadClass(EvoClassLoader.java:92)
	at dominion.Player_ESTest.test21(Player_ESTest.java:343)
</error>
  </testcase>
  <testcase name="test20" classname="dominion.Player_ESTest" time="0.015">
    <error message="dominion/Card$CardName" type="java.lang.NoClassDefFoundError">java.lang.NoClassDefFoundError: dominion/Card$CardName
	at java.lang.ClassLoader.defineClass1(Native Method)
	at java.lang.ClassLoader.defineClass(ClassLoader.java:763)
	at java.lang.ClassLoader.defineClass(ClassLoader.java:642)
	at org.evosuite.runtime.instrumentation.EvoClassLoader.instrumentClass(EvoClassLoader.java:116)
	at org.evosuite.runtime.instrumentation.EvoClassLoader.loadClass(EvoClassLoader.java:92)
	at dominion.Player_ESTest.test20(Player_ESTest.java:336)
</error>
  </testcase>
  <testcase name="test05" classname="dominion.Player_ESTest" time="0.015"/>
  <testcase name="test27" classname="dominion.Player_ESTest" time="0.014">
    <error message="dominion/Card$CardName" type="java.lang.NoClassDefFoundError">java.lang.NoClassDefFoundError: dominion/Card$CardName
	at java.lang.ClassLoader.defineClass1(Native Method)
	at java.lang.ClassLoader.defineClass(ClassLoader.java:763)
	at java.lang.ClassLoader.defineClass(ClassLoader.java:642)
	at org.evosuite.runtime.instrumentation.EvoClassLoader.instrumentClass(EvoClassLoader.java:116)
	at org.evosuite.runtime.instrumentation.EvoClassLoader.loadClass(EvoClassLoader.java:92)
	at dominion.Player_ESTest.test27(Player_ESTest.java:401)
</error>
  </testcase>
  <testcase name="test04" classname="dominion.Player_ESTest" time="0.014">
    <error message="dominion/Card$CardName" type="java.lang.NoClassDefFoundError">java.lang.NoClassDefFoundError: dominion/Card$CardName
	at java.lang.ClassLoader.defineClass1(Native Method)
	at java.lang.ClassLoader.defineClass(ClassLoader.java:763)
	at java.lang.ClassLoader.defineClass(ClassLoader.java:642)
	at org.evosuite.runtime.instrumentation.EvoClassLoader.instrumentClass(EvoClassLoader.java:116)
	at org.evosuite.runtime.instrumentation.EvoClassLoader.loadClass(EvoClassLoader.java:92)
	at dominion.Player.buyCard(Player.java:130)
	at dominion.Player_ESTest.test04(Player_ESTest.java:89)
</error>
  </testcase>
  <testcase name="test26" classname="dominion.Player_ESTest" time="0.021">
    <error message="dominion/Card$Type" type="java.lang.NoClassDefFoundError">java.lang.NoClassDefFoundError: dominion/Card$Type
	at java.lang.ClassLoader.defineClass1(Native Method)
	at java.lang.ClassLoader.defineClass(ClassLoader.java:763)
	at java.lang.ClassLoader.defineClass(ClassLoader.java:642)
	at org.evosuite.runtime.instrumentation.EvoClassLoader.instrumentClass(EvoClassLoader.java:116)
	at org.evosuite.runtime.instrumentation.EvoClassLoader.loadClass(EvoClassLoader.java:92)
	at dominion.Player.playTreasureCard(Player.java:109)
	at dominion.Player_ESTest.test26(Player_ESTest.java:395)
</error>
  </testcase>
  <testcase name="test03" classname="dominion.Player_ESTest" time="0.008"/>
  <testcase name="test25" classname="dominion.Player_ESTest" time="0.014"/>
  <testcase name="test02" classname="dominion.Player_ESTest" time="0.009"/>
  <testcase name="test24" classname="dominion.Player_ESTest" time="0.011"/>
  <testcase name="test09" classname="dominion.Player_ESTest" time="0.013">
    <error message="dominion/Card$CardName" type="java.lang.NoClassDefFoundError">java.lang.NoClassDefFoundError: dominion/Card$CardName
	at java.lang.ClassLoader.defineClass1(Native Method)
	at java.lang.ClassLoader.defineClass(ClassLoader.java:763)
	at java.lang.ClassLoader.defineClass(ClassLoader.java:642)
	at org.evosuite.runtime.instrumentation.EvoClassLoader.instrumentClass(EvoClassLoader.java:116)
	at org.evosuite.runtime.instrumentation.EvoClassLoader.loadClass(EvoClassLoader.java:92)
	at dominion.Player_ESTest.test09(Player_ESTest.java:149)
</error>
  </testcase>
  <testcase name="test08" classname="dominion.Player_ESTest" time="0.013">
    <error message="dominion/Randomness" type="java.lang.NoClassDefFoundError">java.lang.NoClassDefFoundError: dominion/Randomness
	at java.lang.ClassLoader.defineClass1(Native Method)
	at java.lang.ClassLoader.defineClass(ClassLoader.java:763)
	at java.lang.ClassLoader.defineClass(ClassLoader.java:642)
	at org.evosuite.runtime.instrumentation.EvoClassLoader.instrumentClass(EvoClassLoader.java:116)
	at org.evosuite.runtime.instrumentation.EvoClassLoader.loadClass(EvoClassLoader.java:92)
	at dominion.Player.drawCard(Player.java:44)
	at dominion.Player_ESTest.test08(Player_ESTest.java:135)
</error>
    <system-out><![CDATA[reshuffle the deck of the player  to draw.
]]></system-out>
  </testcase>
  <testcase name="test07" classname="dominion.Player_ESTest" time="0.011"/>
  <testcase name="test29" classname="dominion.Player_ESTest" time="0.011">
    <error message="dominion/Card$CardName" type="java.lang.NoClassDefFoundError">java.lang.NoClassDefFoundError: dominion/Card$CardName
	at java.lang.ClassLoader.defineClass1(Native Method)
	at java.lang.ClassLoader.defineClass(ClassLoader.java:763)
	at java.lang.ClassLoader.defineClass(ClassLoader.java:642)
	at org.evosuite.runtime.instrumentation.EvoClassLoader.instrumentClass(EvoClassLoader.java:116)
	at org.evosuite.runtime.instrumentation.EvoClassLoader.loadClass(EvoClassLoader.java:92)
	at dominion.Player_ESTest.test29(Player_ESTest.java:418)
</error>
  </testcase>
  <testcase name="test06" classname="dominion.Player_ESTest" time="0.012"/>
  <testcase name="test28" classname="dominion.Player_ESTest" time="0.011">
    <error message="dominion/Card$Type" type="java.lang.NoClassDefFoundError">java.lang.NoClassDefFoundError: dominion/Card$Type
	at dominion.Player.playKingdomCard(Player.java:88)
	at dominion.Player_ESTest.test28(Player_ESTest.java:412)
</error>
    <system-out><![CDATA[ is out of cards.
 is out of cards.
 is out of cards.
 is out of cards.
 is out of cards.
]]></system-out>
  </testcase>
  <testcase name="test30" classname="dominion.Player_ESTest" time="0.014">
    <error message="dominion/Card$CardName" type="java.lang.NoClassDefFoundError">java.lang.NoClassDefFoundError: dominion/Card$CardName
	at java.lang.ClassLoader.defineClass1(Native Method)
	at java.lang.ClassLoader.defineClass(ClassLoader.java:763)
	at java.lang.ClassLoader.defineClass(ClassLoader.java:642)
	at org.evosuite.runtime.instrumentation.EvoClassLoader.instrumentClass(EvoClassLoader.java:116)
	at org.evosuite.runtime.instrumentation.EvoClassLoader.loadClass(EvoClassLoader.java:92)
	at dominion.Player_ESTest.test30(Player_ESTest.java:430)
</error>
  </testcase>
  <testcase name="test12" classname="dominion.Player_ESTest" time="0.016">
    <error message="dominion/Card$CardName" type="java.lang.NoClassDefFoundError">java.lang.NoClassDefFoundError: dominion/Card$CardName
	at java.lang.ClassLoader.defineClass1(Native Method)
	at java.lang.ClassLoader.defineClass(ClassLoader.java:763)
	at java.lang.ClassLoader.defineClass(ClassLoader.java:642)
	at org.evosuite.runtime.instrumentation.EvoClassLoader.instrumentClass(EvoClassLoader.java:116)
	at org.evosuite.runtime.instrumentation.EvoClassLoader.loadClass(EvoClassLoader.java:92)
	at dominion.Player_ESTest.test12(Player_ESTest.java:185)
</error>
  </testcase>
  <testcase name="test11" classname="dominion.Player_ESTest" time="0.012">
    <error message="dominion/Card$Type" type="java.lang.NoClassDefFoundError">java.lang.NoClassDefFoundError: dominion/Card$Type
	at dominion.Player.playTreasureCard(Player.java:109)
	at dominion.Player_ESTest.test11(Player_ESTest.java:171)
</error>
  </testcase>
  <testcase name="test10" classname="dominion.Player_ESTest" time="0.015">
    <error message="dominion/Card$CardName" type="java.lang.NoClassDefFoundError">java.lang.NoClassDefFoundError: dominion/Card$CardName
	at java.lang.ClassLoader.defineClass1(Native Method)
	at java.lang.ClassLoader.defineClass(ClassLoader.java:763)
	at java.lang.ClassLoader.defineClass(ClassLoader.java:642)
	at org.evosuite.runtime.instrumentation.EvoClassLoader.instrumentClass(EvoClassLoader.java:116)
	at org.evosuite.runtime.instrumentation.EvoClassLoader.loadClass(EvoClassLoader.java:92)
	at dominion.Player_ESTest.test10(Player_ESTest.java:159)
</error>
  </testcase>
  <testcase name="test16" classname="dominion.Player_ESTest" time="0.01"/>
  <testcase name="test15" classname="dominion.Player_ESTest" time="0.008">
    <error message="dominion/Randomness" type="java.lang.NoClassDefFoundError">java.lang.NoClassDefFoundError: dominion/Randomness
	at dominion.Player.drawCard(Player.java:44)
	at dominion.Player.endTurn(Player.java:189)
	at dominion.Player_ESTest.test15(Player_ESTest.java:245)
</error>
    <system-out><![CDATA[discards hand
reshuffle the deck of the player  to draw.
]]></system-out>
  </testcase>
  <testcase name="test14" classname="dominion.Player_ESTest" time="0.012"/>
  <testcase name="test13" classname="dominion.Player_ESTest" time="0.008">
    <error message="dominion/Randomness" type="java.lang.NoClassDefFoundError">java.lang.NoClassDefFoundError: dominion/Randomness
	at dominion.Player.drawCard(Player.java:44)
	at dominion.Player.initializePlayerTurn(Player.java:69)
	at dominion.Player_ESTest.test13(Player_ESTest.java:207)
</error>
    <system-out><![CDATA[reshuffle the deck of the player S~ $?6C%i7MlTdQ to draw.
]]></system-out>
  </testcase>
  <testcase name="test19" classname="dominion.Player_ESTest" time="0.012"/>
  <testcase name="test18" classname="dominion.Player_ESTest" time="0.011"/>
  <testcase name="test17" classname="dominion.Player_ESTest" time="0.011"/>
</testsuite>