[MASTER] 16:14:01.565 [pool-2-thread-1] ERROR TestClusterGenerator - Problem for RandomTestDominion. Class not found
java.lang.ClassNotFoundException: org.evosuite.runtime.instrumentation.CreateClassResetClassAdapter.<init>(Lorg/evosuite/shaded/org/objectweb/asm/ClassVisitor;Ljava/lang/String;)V
	at org.evosuite.instrumentation.InstrumentingClassLoader.instrumentClass(InstrumentingClassLoader.java:199) ~[evosuite-master-1.0.3.jar:1.0.3]
	at org.evosuite.instrumentation.InstrumentingClassLoader.loadClass(InstrumentingClassLoader.java:166) ~[evosuite-master-1.0.3.jar:1.0.3]
	at org.evosuite.setup.TestClusterGenerator.addCastClassDependencyIfAccessible(TestClusterGenerator.java:277) [evosuite-master-1.0.3.jar:1.0.3]
	at org.evosuite.setup.TestClusterGenerator.handleCastClasses(TestClusterGenerator.java:216) [evosuite-master-1.0.3.jar:1.0.3]
	at org.evosuite.setup.TestClusterGenerator.generateCluster(TestClusterGenerator.java:132) [evosuite-master-1.0.3.jar:1.0.3]
	at org.evosuite.setup.DependencyAnalysis.analyze(DependencyAnalysis.java:117) [evosuite-master-1.0.3.jar:1.0.3]
	at org.evosuite.setup.DependencyAnalysis.analyzeClass(DependencyAnalysis.java:131) [evosuite-master-1.0.3.jar:1.0.3]
	at org.evosuite.TestSuiteGenerator.generateTestSuite(TestSuiteGenerator.java:110) [evosuite-master-1.0.3.jar:1.0.3]
	at org.evosuite.rmi.service.ClientNodeImpl$1.run(ClientNodeImpl.java:145) [evosuite-master-1.0.3.jar:1.0.3]
	at java.util.concurrent.Executors$RunnableAdapter.call(Executors.java:511) [na:1.8.0_121]
	at java.util.concurrent.FutureTask.run(FutureTask.java:266) [na:1.8.0_121]
	at java.util.concurrent.ThreadPoolExecutor.runWorker(ThreadPoolExecutor.java:1142) [na:1.8.0_121]
	at java.util.concurrent.ThreadPoolExecutor$Worker.run(ThreadPoolExecutor.java:617) [na:1.8.0_121]
	at java.lang.Thread.run(Thread.java:745) [na:1.8.0_121]
Caused by: java.lang.NoSuchMethodError: org.evosuite.runtime.instrumentation.CreateClassResetClassAdapter.<init>(Lorg/evosuite/shaded/org/objectweb/asm/ClassVisitor;Ljava/lang/String;)V
	at org.evosuite.instrumentation.BytecodeInstrumentation.handleStaticReset(BytecodeInstrumentation.java:309) ~[evosuite-master-1.0.3.jar:1.0.3]
	at org.evosuite.instrumentation.BytecodeInstrumentation.transformBytes(BytecodeInstrumentation.java:227) ~[evosuite-master-1.0.3.jar:1.0.3]
	at org.evosuite.instrumentation.InstrumentingClassLoader.getTransformedBytes(InstrumentingClassLoader.java:173) ~[evosuite-master-1.0.3.jar:1.0.3]
	at org.evosuite.instrumentation.InstrumentingClassLoader.instrumentClass(InstrumentingClassLoader.java:190) ~[evosuite-master-1.0.3.jar:1.0.3]
	... 13 common frames omitted
[MASTER] 16:14:01.632 [pool-2-thread-1] ERROR TestSuiteGenerator - Problem for RandomTestDominion. Full stack:
java.lang.RuntimeException: Failed to load RandomTestDominion
	at org.evosuite.setup.TestClusterGenerator.initializeTargetMethods(TestClusterGenerator.java:369) ~[evosuite-master-1.0.3.jar:1.0.3]
	at org.evosuite.setup.TestClusterGenerator.generateCluster(TestClusterGenerator.java:135) ~[evosuite-master-1.0.3.jar:1.0.3]
	at org.evosuite.setup.DependencyAnalysis.analyze(DependencyAnalysis.java:117) ~[evosuite-master-1.0.3.jar:1.0.3]
	at org.evosuite.setup.DependencyAnalysis.analyzeClass(DependencyAnalysis.java:131) ~[evosuite-master-1.0.3.jar:1.0.3]
	at org.evosuite.TestSuiteGenerator.generateTestSuite(TestSuiteGenerator.java:110) ~[evosuite-master-1.0.3.jar:1.0.3]
	at org.evosuite.rmi.service.ClientNodeImpl$1.run(ClientNodeImpl.java:145) [evosuite-master-1.0.3.jar:1.0.3]
	at java.util.concurrent.Executors$RunnableAdapter.call(Executors.java:511) [na:1.8.0_121]
	at java.util.concurrent.FutureTask.run(FutureTask.java:266) [na:1.8.0_121]
	at java.util.concurrent.ThreadPoolExecutor.runWorker(ThreadPoolExecutor.java:1142) [na:1.8.0_121]
	at java.util.concurrent.ThreadPoolExecutor$Worker.run(ThreadPoolExecutor.java:617) [na:1.8.0_121]
	at java.lang.Thread.run(Thread.java:745) [na:1.8.0_121]
