<?xml version="1.0" encoding="UTF-8" ?>
<testsuite tests="34" failures="1" name="Dominion.RandomTestDominion.Player_ESTest" time="0.176" errors="4" skipped="0">
  <properties>
    <property name="java.runtime.name" value="OpenJDK Runtime Environment"/>
    <property name="sun.boot.library.path" value="/usr/lib/jvm/java-1.8.0-openjdk-1.8.0.111-1.b15.el7_2.x86_64/jre/lib/amd64"/>
    <property name="java.vm.version" value="25.111-b15"/>
    <property name="java.vm.vendor" value="Oracle Corporation"/>
    <property name="maven.multiModuleProjectDirectory" value="/nfs/stak/students/c/cunardr/Maven/projects/RandomTestDominion"/>
    <property name="java.vendor.url" value="http://java.oracle.com/"/>
    <property name="path.separator" value=":"/>
    <property name="guice.disable.misplaced.annotation.check" value="true"/>
    <property name="java.vm.name" value="OpenJDK 64-Bit Server VM"/>
    <property name="file.encoding.pkg" value="sun.io"/>
    <property name="user.country" value="US"/>
    <property name="sun.java.launcher" value="SUN_STANDARD"/>
    <property name="sun.os.patch.level" value="unknown"/>
    <property name="java.vm.specification.name" value="Java Virtual Machine Specification"/>
    <property name="user.dir" value="/nfs/stak/students/c/cunardr/Maven/projects/RandomTestDominion"/>
    <property name="java.runtime.version" value="1.8.0_111-b15"/>
    <property name="java.awt.graphicsenv" value="sun.awt.X11GraphicsEnvironment"/>
    <property name="java.endorsed.dirs" value="/usr/lib/jvm/java-1.8.0-openjdk-1.8.0.111-1.b15.el7_2.x86_64/jre/lib/endorsed"/>
    <property name="os.arch" value="amd64"/>
    <property name="java.io.tmpdir" value="/tmp"/>
    <property name="line.separator" value="
"/>
    <property name="java.vm.specification.vendor" value="Oracle Corporation"/>
    <property name="os.name" value="Linux"/>
    <property name="net.sourceforge.cobertura.datafile" value="/nfs/stak/students/c/cunardr/Maven/projects/RandomTestDominion/target/cobertura/cobertura.ser"/>
    <property name="classworlds.conf" value="/nfs/stak/students/c/cunardr/Maven/projects/RandomTestDominion/apache-maven-3.3.9/bin/m2.conf"/>
    <property name="sun.jnu.encoding" value="UTF-8"/>
    <property name="java.library.path" value="/usr/java/packages/lib/amd64:/usr/lib64:/lib64:/lib:/usr/lib"/>
    <property name="java.specification.name" value="Java Platform API Specification"/>
    <property name="java.class.version" value="52.0"/>
    <property name="sun.management.compiler" value="HotSpot 64-Bit Tiered Compilers"/>
    <property name="os.version" value="3.10.0-327.36.3.el7.x86_64"/>
    <property name="user.home" value="/nfs/stak/students/c/cunardr"/>
    <property name="user.timezone" value="America/Los_Angeles"/>
    <property name="java.awt.printerjob" value="sun.print.PSPrinterJob"/>
    <property name="java.specification.version" value="1.8"/>
    <property name="file.encoding" value="UTF-8"/>
    <property name="user.name" value="cunardr"/>
    <property name="java.class.path" value="/nfs/stak/students/c/cunardr/Maven/projects/RandomTestDominion/apache-maven-3.3.9/boot/plexus-classworlds-2.5.2.jar"/>
    <property name="java.vm.specification.version" value="1.8"/>
    <property name="sun.arch.data.model" value="64"/>
    <property name="java.home" value="/usr/lib/jvm/java-1.8.0-openjdk-1.8.0.111-1.b15.el7_2.x86_64/jre"/>
    <property name="sun.java.command" value="org.codehaus.plexus.classworlds.launcher.Launcher cobertura:cobertura"/>
    <property name="java.specification.vendor" value="Oracle Corporation"/>
    <property name="user.language" value="en"/>
    <property name="awt.toolkit" value="sun.awt.X11.XToolkit"/>
    <property name="java.vm.info" value="mixed mode"/>
    <property name="java.version" value="1.8.0_111"/>
    <property name="java.ext.dirs" value="/usr/lib/jvm/java-1.8.0-openjdk-1.8.0.111-1.b15.el7_2.x86_64/jre/lib/ext:/usr/java/packages/lib/ext"/>
    <property name="securerandom.source" value="file:/dev/./urandom"/>
    <property name="sun.boot.class.path" value="/usr/lib/jvm/java-1.8.0-openjdk-1.8.0.111-1.b15.el7_2.x86_64/jre/lib/resources.jar:/usr/lib/jvm/java-1.8.0-openjdk-1.8.0.111-1.b15.el7_2.x86_64/jre/lib/rt.jar:/usr/lib/jvm/java-1.8.0-openjdk-1.8.0.111-1.b15.el7_2.x86_64/jre/lib/sunrsasign.jar:/usr/lib/jvm/java-1.8.0-openjdk-1.8.0.111-1.b15.el7_2.x86_64/jre/lib/jsse.jar:/usr/lib/jvm/java-1.8.0-openjdk-1.8.0.111-1.b15.el7_2.x86_64/jre/lib/jce.jar:/usr/lib/jvm/java-1.8.0-openjdk-1.8.0.111-1.b15.el7_2.x86_64/jre/lib/charsets.jar:/usr/lib/jvm/java-1.8.0-openjdk-1.8.0.111-1.b15.el7_2.x86_64/jre/lib/jfr.jar:/usr/lib/jvm/java-1.8.0-openjdk-1.8.0.111-1.b15.el7_2.x86_64/jre/classes"/>
    <property name="java.vendor" value="Oracle Corporation"/>
    <property name="maven.home" value="/nfs/stak/students/c/cunardr/Maven/projects/RandomTestDominion/apache-maven-3.3.9"/>
    <property name="file.separator" value="/"/>
    <property name="java.vendor.url.bug" value="http://bugreport.sun.com/bugreport/"/>
    <property name="sun.cpu.endian" value="little"/>
    <property name="sun.io.unicode.encoding" value="UnicodeLittle"/>
    <property name="project.build.outputDirectory" value="/nfs/stak/students/c/cunardr/Maven/projects/RandomTestDominion/target/generated-classes/cobertura"/>
    <property name="sun.cpu.isalist" value=""/>
  </properties>
  <testcase classname="Dominion.RandomTestDominion.Player_ESTest" name="test13" time="0.003"/>
  <testcase classname="Dominion.RandomTestDominion.Player_ESTest" name="test14" time="0.002"/>
  <testcase classname="Dominion.RandomTestDominion.Player_ESTest" name="test15" time="0.002"/>
  <testcase classname="Dominion.RandomTestDominion.Player_ESTest" name="test16" time="0.003"/>
  <testcase classname="Dominion.RandomTestDominion.Player_ESTest" name="test31" time="0.003"/>
  <testcase classname="Dominion.RandomTestDominion.Player_ESTest" name="test10" time="0.002"/>
  <testcase classname="Dominion.RandomTestDominion.Player_ESTest" name="test32" time="0.003"/>
  <testcase classname="Dominion.RandomTestDominion.Player_ESTest" name="test11" time="0.008">
    <failure message="Expecting exception: ArrayIndexOutOfBoundsException" type="java.lang.AssertionError">java.lang.AssertionError: Expecting exception: ArrayIndexOutOfBoundsException
	at org.junit.Assert.fail(Assert.java:88)
	at Dominion.RandomTestDominion.Player_ESTest.test11(Player_ESTest.java:234)
	at sun.reflect.NativeMethodAccessorImpl.invoke0(Native Method)
	at sun.reflect.NativeMethodAccessorImpl.invoke(NativeMethodAccessorImpl.java:62)
	at sun.reflect.DelegatingMethodAccessorImpl.invoke(DelegatingMethodAccessorImpl.java:43)
	at java.lang.reflect.Method.invoke(Method.java:498)
	at org.junit.runners.model.FrameworkMethod$1.runReflectiveCall(FrameworkMethod.java:47)
	at org.junit.internal.runners.model.ReflectiveCallable.run(ReflectiveCallable.java:12)
	at org.junit.runners.model.FrameworkMethod.invokeExplosively(FrameworkMethod.java:44)
	at org.junit.internal.runners.statements.InvokeMethod.evaluate(InvokeMethod.java:17)
	at org.junit.internal.runners.statements.FailOnTimeout$StatementThread.run(FailOnTimeout.java:74)
</failure>
    <system-out>This version of dominion only allows for two to four players. Ending game.
Player 2610&apos;s turn
Player 2610&apos;s hand:
Copper
Copper
Copper
Copper
Copper
Player 2610 passes their action phase
Player 2610 passes their buy phase
End of Player 2610&apos;s turn
</system-out>
  </testcase>
  <testcase classname="Dominion.RandomTestDominion.Player_ESTest" name="test33" time="0.002"/>
  <testcase classname="Dominion.RandomTestDominion.Player_ESTest" name="test12" time="0.003"/>
  <testcase classname="Dominion.RandomTestDominion.Player_ESTest" name="test17" time="0.002"/>
  <testcase classname="Dominion.RandomTestDominion.Player_ESTest" name="test18" time="0.002"/>
  <testcase classname="Dominion.RandomTestDominion.Player_ESTest" name="test19" time="0.002"/>
  <testcase classname="Dominion.RandomTestDominion.Player_ESTest" name="test30" time="0.003"/>
  <testcase classname="Dominion.RandomTestDominion.Player_ESTest" name="test02" time="0.129"/>
  <testcase classname="Dominion.RandomTestDominion.Player_ESTest" name="test24" time="0"/>
  <testcase classname="Dominion.RandomTestDominion.Player_ESTest" name="test03" time="0">
    <error type="java.lang.NullPointerException">java.lang.NullPointerException
	at Dominion.RandomTestDominion.Player.playK(Player.java:465)
	at Dominion.RandomTestDominion.Player_ESTest.test03(Player_ESTest.java:97)
	at sun.reflect.NativeMethodAccessorImpl.invoke0(Native Method)
	at sun.reflect.NativeMethodAccessorImpl.invoke(NativeMethodAccessorImpl.java:62)
	at sun.reflect.DelegatingMethodAccessorImpl.invoke(DelegatingMethodAccessorImpl.java:43)
	at java.lang.reflect.Method.invoke(Method.java:498)
	at org.junit.runners.model.FrameworkMethod$1.runReflectiveCall(FrameworkMethod.java:47)
	at org.junit.internal.runners.model.ReflectiveCallable.run(ReflectiveCallable.java:12)
	at org.junit.runners.model.FrameworkMethod.invokeExplosively(FrameworkMethod.java:44)
	at org.junit.internal.runners.statements.InvokeMethod.evaluate(InvokeMethod.java:17)
	at org.junit.internal.runners.statements.FailOnTimeout$StatementThread.run(FailOnTimeout.java:74)
</error>
    <system-out>Copper
Copper
Estate
Estate
Estate
This version of dominion only allows for two to four players. Ending game.
Player 16&apos;s turn
Player 16&apos;s hand:
Copper
Copper
Estate
Estate
Estate
Player 16 passes their action phase
Player 16 passes their buy phase
End of Player 16&apos;s turn
</system-out>
  </testcase>
  <testcase classname="Dominion.RandomTestDominion.Player_ESTest" name="test25" time="0"/>
  <testcase classname="Dominion.RandomTestDominion.Player_ESTest" name="test04" time="0"/>
  <testcase classname="Dominion.RandomTestDominion.Player_ESTest" name="test26" time="0.001"/>
  <testcase classname="Dominion.RandomTestDominion.Player_ESTest" name="test05" time="0"/>
  <testcase classname="Dominion.RandomTestDominion.Player_ESTest" name="test27" time="0"/>
  <testcase classname="Dominion.RandomTestDominion.Player_ESTest" name="test20" time="0"/>
  <testcase classname="Dominion.RandomTestDominion.Player_ESTest" name="test21" time="0"/>
  <testcase classname="Dominion.RandomTestDominion.Player_ESTest" name="test00" time="0"/>
  <testcase classname="Dominion.RandomTestDominion.Player_ESTest" name="test22" time="0.001"/>
  <testcase classname="Dominion.RandomTestDominion.Player_ESTest" name="test01" time="0">
    <error message="/ by zero" type="java.lang.ArithmeticException">java.lang.ArithmeticException: / by zero
	at org.evosuite.runtime.Random.nextInt(Random.java:63)
	at org.evosuite.runtime.mock.java.util.MockRandom.nextInt(MockRandom.java:55)
	at Dominion.RandomTestDominion.Player.playK(Player.java:412)
	at Dominion.RandomTestDominion.Player_ESTest.test01(Player_ESTest.java:68)
	at sun.reflect.NativeMethodAccessorImpl.invoke0(Native Method)
	at sun.reflect.NativeMethodAccessorImpl.invoke(NativeMethodAccessorImpl.java:62)
	at sun.reflect.DelegatingMethodAccessorImpl.invoke(DelegatingMethodAccessorImpl.java:43)
	at java.lang.reflect.Method.invoke(Method.java:498)
	at org.junit.runners.model.FrameworkMethod$1.runReflectiveCall(FrameworkMethod.java:47)
	at org.junit.internal.runners.model.ReflectiveCallable.run(ReflectiveCallable.java:12)
	at org.junit.runners.model.FrameworkMethod.invokeExplosively(FrameworkMethod.java:44)
	at org.junit.internal.runners.statements.InvokeMethod.evaluate(InvokeMethod.java:17)
	at org.junit.internal.runners.statements.FailOnTimeout$StatementThread.run(FailOnTimeout.java:74)
</error>
    <system-out>This version of dominion only allows for two to four players. Ending game.
</system-out>
  </testcase>
  <testcase classname="Dominion.RandomTestDominion.Player_ESTest" name="test23" time="0">
    <error message="/ by zero" type="java.lang.ArithmeticException">java.lang.ArithmeticException: / by zero
	at org.evosuite.runtime.Random.nextInt(Random.java:63)
	at org.evosuite.runtime.mock.java.util.MockRandom.nextInt(MockRandom.java:55)
	at Dominion.RandomTestDominion.Player.playK(Player.java:412)
	at Dominion.RandomTestDominion.Player_ESTest.test23(Player_ESTest.java:427)
	at sun.reflect.NativeMethodAccessorImpl.invoke0(Native Method)
	at sun.reflect.NativeMethodAccessorImpl.invoke(NativeMethodAccessorImpl.java:62)
	at sun.reflect.DelegatingMethodAccessorImpl.invoke(DelegatingMethodAccessorImpl.java:43)
	at java.lang.reflect.Method.invoke(Method.java:498)
	at org.junit.runners.model.FrameworkMethod$1.runReflectiveCall(FrameworkMethod.java:47)
	at org.junit.internal.runners.model.ReflectiveCallable.run(ReflectiveCallable.java:12)
	at org.junit.runners.model.FrameworkMethod.invokeExplosively(FrameworkMethod.java:44)
	at org.junit.internal.runners.statements.InvokeMethod.evaluate(InvokeMethod.java:17)
	at org.junit.internal.runners.statements.FailOnTimeout$StatementThread.run(FailOnTimeout.java:74)
</error>
    <system-out>This version of dominion only allows for two to four players. Ending game.
This version of dominion only allows for two to four players. Ending game.
</system-out>
  </testcase>
  <testcase classname="Dominion.RandomTestDominion.Player_ESTest" name="test06" time="0"/>
  <testcase classname="Dominion.RandomTestDominion.Player_ESTest" name="test28" time="0"/>
  <testcase classname="Dominion.RandomTestDominion.Player_ESTest" name="test07" time="0"/>
  <testcase classname="Dominion.RandomTestDominion.Player_ESTest" name="test29" time="0"/>
  <testcase classname="Dominion.RandomTestDominion.Player_ESTest" name="test08" time="0.003">
    <error message="Index: 0, Size: 0" type="java.lang.IndexOutOfBoundsException">java.lang.IndexOutOfBoundsException: Index: 0, Size: 0
	at java.util.ArrayList.rangeCheck(ArrayList.java:653)
	at java.util.ArrayList.get(ArrayList.java:429)
	at Dominion.RandomTestDominion.Player.playK(Player.java:262)
	at Dominion.RandomTestDominion.Player_ESTest.test08(Player_ESTest.java:180)
	at sun.reflect.NativeMethodAccessorImpl.invoke0(Native Method)
	at sun.reflect.NativeMethodAccessorImpl.invoke(NativeMethodAccessorImpl.java:62)
	at sun.reflect.DelegatingMethodAccessorImpl.invoke(DelegatingMethodAccessorImpl.java:43)
	at java.lang.reflect.Method.invoke(Method.java:498)
	at org.junit.runners.model.FrameworkMethod$1.runReflectiveCall(FrameworkMethod.java:47)
	at org.junit.internal.runners.model.ReflectiveCallable.run(ReflectiveCallable.java:12)
	at org.junit.runners.model.FrameworkMethod.invokeExplosively(FrameworkMethod.java:44)
	at org.junit.internal.runners.statements.InvokeMethod.evaluate(InvokeMethod.java:17)
	at org.junit.internal.runners.statements.FailOnTimeout$StatementThread.run(FailOnTimeout.java:74)
</error>
    <system-out>This version of dominion only allows for two to four players. Ending game.
Player 0&apos;s turn
Player 0&apos;s hand:
Copper
Copper
Copper
Copper
Copper
Player 0 passes their action phase
Player 0 passes their buy phase
End of Player 0&apos;s turn
</system-out>
  </testcase>
  <testcase classname="Dominion.RandomTestDominion.Player_ESTest" name="test09" time="0.002"/>
</testsuite>